INFO - {"user":"U_ANONYMOUS","time":"2015-09-09 08:48:38"}
REQUEST - {"url":"http://127.0.0.1:8080/namingService/rest/namingService/findApp/0/userqueryservice/np000/U_ANONYMOUS", "method":"GET", "params":"", "content-type":""}
RESPONSE - {"code":"-100", "content-type":"text/plain", "message":"0", "reponse":"请求超时,服务无响应", "time":"1.1596901416779"}

INFO - {"user":"337106161@qq.com","time":"2015-09-09 11:27:04"}
REQUEST - {"url":"http://168.168.169.100:8080/essoaapp/rest/userqueryservice/getUserByUserName/337106161@qq.com", "method":"GET", "params":"", "content-type":""}
RESPONSE - {"code":"404", "content-type":"text/html", "message":"0", "reponse":"<html><head><title>Apache Tomcat/7.0.52 - Error report</title><style><!--H1 {font-family:Tahoma,Arial,sans-serif;color:white;background-color:#525D76;font-size:22px;} H2 {font-family:Tahoma,Arial,sans-serif;color:white;background-color:#525D76;font-size:16px;} H3 {font-family:Tahoma,Arial,sans-serif;color:white;background-color:#525D76;font-size:14px;} BODY {font-family:Tahoma,Arial,sans-serif;color:black;background-color:white;} B {font-family:Tahoma,Arial,sans-serif;color:white;background-color:#525D76;} P {font-family:Tahoma,Arial,sans-serif;background:white;color:black;font-size:12px;}A {color : black;}A.name {color : black;}HR {color : #525D76;}--></style> </head><body><h1>HTTP Status 404 - /essoaapp/rest/userqueryservice/getUserByUserName/337106161@qq.com</h1><HR size="1" noshade="noshade"><p><b>type</b> Status report</p><p><b>message</b> <u>/essoaapp/rest/userqueryservice/getUserByUserName/337106161@qq.com</u></p><p><b>description</b> <u>The requested resource is not available.</u></p><HR size="1" noshade="noshade"><h3>Apache Tomcat/7.0.52</h3></body></html>", "time":"0.030016183853149"}

INFO - {"user":"337106161@qq.com","time":"2015-09-09 11:30:10"}
REQUEST - {"url":"http://168.168.169.100:8080/onlinefile/rest/onlinefileuser/getUserInitInfo/38/337106161@qq.com", "method":"GET", "params":"", "content-type":""}
RESPONSE - {"code":"500", "content-type":"text/html", "message":"0", "reponse":"<html><head><title>Apache Tomcat/7.0.52 - Error report</title><style><!--H1 {font-family:Tahoma,Arial,sans-serif;color:white;background-color:#525D76;font-size:22px;} H2 {font-family:Tahoma,Arial,sans-serif;color:white;background-color:#525D76;font-size:16px;} H3 {font-family:Tahoma,Arial,sans-serif;color:white;background-color:#525D76;font-size:14px;} BODY {font-family:Tahoma,Arial,sans-serif;color:black;background-color:white;} B {font-family:Tahoma,Arial,sans-serif;color:white;background-color:#525D76;} P {font-family:Tahoma,Arial,sans-serif;background:white;color:black;font-size:12px;}A {color : black;}A.name {color : black;}HR {color : #525D76;}--></style> </head><body><h1>HTTP Status 500 - java.lang.NullPointerException</h1><HR size="1" noshade="noshade"><p><b>type</b> Exception report</p><p><b>message</b> <u>java.lang.NullPointerException</u></p><p><b>description</b> <u>The server encountered an internal error that prevented it from fulfilling this request.</u></p><p><b>exception</b> <pre>org.jboss.resteasy.spi.UnhandledException: java.lang.NullPointerException
	org.jboss.resteasy.core.SynchronousDispatcher.handleApplicationException(SynchronousDispatcher.java:351)
	org.jboss.resteasy.core.SynchronousDispatcher.handleException(SynchronousDispatcher.java:220)
	org.jboss.resteasy.core.SynchronousDispatcher.handleInvokerException(SynchronousDispatcher.java:196)
	org.jboss.resteasy.core.SynchronousDispatcher.getResponse(SynchronousDispatcher.java:551)
	org.jboss.resteasy.core.SynchronousDispatcher.invoke(SynchronousDispatcher.java:513)
	org.jboss.resteasy.core.SynchronousDispatcher.invoke(SynchronousDispatcher.java:125)
	org.jboss.resteasy.plugins.server.servlet.ServletContainerDispatcher.service(ServletContainerDispatcher.java:208)
	org.jboss.resteasy.plugins.server.servlet.HttpServletDispatcher.service(HttpServletDispatcher.java:55)
	org.jboss.resteasy.plugins.server.servlet.HttpServletDispatcher.service(HttpServletDispatcher.java:50)
	javax.servlet.http.HttpServlet.service(HttpServlet.java:727)
	org.apache.tomcat.websocket.server.WsFilter.doFilter(WsFilter.java:52)
</pre></p><p><b>root cause</b> <pre>java.lang.NullPointerException
	cn.flying.rest.onlinefile.users.service.impl.UserWSImpl.getUserInitInfo(UserWSImpl.java:270)
	sun.reflect.NativeMethodAccessorImpl.invoke0(Native Method)
	sun.reflect.NativeMethodAccessorImpl.invoke(NativeMethodAccessorImpl.java:57)
	sun.reflect.DelegatingMethodAccessorImpl.invoke(DelegatingMethodAccessorImpl.java:43)
	java.lang.reflect.Method.invoke(Method.java:606)
	org.jboss.resteasy.core.MethodInjectorImpl.invoke(MethodInjectorImpl.java:167)
	org.jboss.resteasy.core.ResourceMethod.invokeOnTarget(ResourceMethod.java:257)
	org.jboss.resteasy.core.ResourceMethod.invoke(ResourceMethod.java:222)
	org.jboss.resteasy.core.ResourceMethod.invoke(ResourceMethod.java:211)
	org.jboss.resteasy.core.SynchronousDispatcher.getResponse(SynchronousDispatcher.java:536)
	org.jboss.resteasy.core.SynchronousDispatcher.invoke(SynchronousDispatcher.java:513)
	org.jboss.resteasy.core.SynchronousDispatcher.invoke(SynchronousDispatcher.java:125)
	org.jboss.resteasy.plugins.server.servlet.ServletContainerDispatcher.service(ServletContainerDispatcher.java:208)
	org.jboss.resteasy.plugins.server.servlet.HttpServletDispatcher.service(HttpServletDispatcher.java:55)
	org.jboss.resteasy.plugins.server.servlet.HttpServletDispatcher.service(HttpServletDispatcher.java:50)
	javax.servlet.http.HttpServlet.service(HttpServlet.java:727)
	org.apache.tomcat.websocket.server.WsFilter.doFilter(WsFilter.java:52)
</pre></p><p><b>note</b> <u>The full stack trace of the root cause is available in the Apache Tomcat/7.0.52 logs.</u></p><HR size="1" noshade="noshade"><h3>Apache Tomcat/7.0.52</h3></body></html>", "time":"0.04963493347168"}

INFO - {"user":"337106161@qq.com","time":"2015-09-09 11:30:40"}
REQUEST - {"url":"http://168.168.169.100:8080/onlinefile/rest/onlinefileuser/getUserInitInfo/38/337106161@qq.com", "method":"GET", "params":"", "content-type":""}
RESPONSE - {"code":"500", "content-type":"text/html", "message":"0", "reponse":"<html><head><title>Apache Tomcat/7.0.52 - Error report</title><style><!--H1 {font-family:Tahoma,Arial,sans-serif;color:white;background-color:#525D76;font-size:22px;} H2 {font-family:Tahoma,Arial,sans-serif;color:white;background-color:#525D76;font-size:16px;} H3 {font-family:Tahoma,Arial,sans-serif;color:white;background-color:#525D76;font-size:14px;} BODY {font-family:Tahoma,Arial,sans-serif;color:black;background-color:white;} B {font-family:Tahoma,Arial,sans-serif;color:white;background-color:#525D76;} P {font-family:Tahoma,Arial,sans-serif;background:white;color:black;font-size:12px;}A {color : black;}A.name {color : black;}HR {color : #525D76;}--></style> </head><body><h1>HTTP Status 500 - java.lang.NullPointerException</h1><HR size="1" noshade="noshade"><p><b>type</b> Exception report</p><p><b>message</b> <u>java.lang.NullPointerException</u></p><p><b>description</b> <u>The server encountered an internal error that prevented it from fulfilling this request.</u></p><p><b>exception</b> <pre>org.jboss.resteasy.spi.UnhandledException: java.lang.NullPointerException
	org.jboss.resteasy.core.SynchronousDispatcher.handleApplicationException(SynchronousDispatcher.java:351)
	org.jboss.resteasy.core.SynchronousDispatcher.handleException(SynchronousDispatcher.java:220)
	org.jboss.resteasy.core.SynchronousDispatcher.handleInvokerException(SynchronousDispatcher.java:196)
	org.jboss.resteasy.core.SynchronousDispatcher.getResponse(SynchronousDispatcher.java:551)
	org.jboss.resteasy.core.SynchronousDispatcher.invoke(SynchronousDispatcher.java:513)
	org.jboss.resteasy.core.SynchronousDispatcher.invoke(SynchronousDispatcher.java:125)
	org.jboss.resteasy.plugins.server.servlet.ServletContainerDispatcher.service(ServletContainerDispatcher.java:208)
	org.jboss.resteasy.plugins.server.servlet.HttpServletDispatcher.service(HttpServletDispatcher.java:55)
	org.jboss.resteasy.plugins.server.servlet.HttpServletDispatcher.service(HttpServletDispatcher.java:50)
	javax.servlet.http.HttpServlet.service(HttpServlet.java:727)
	org.apache.tomcat.websocket.server.WsFilter.doFilter(WsFilter.java:52)
</pre></p><p><b>root cause</b> <pre>java.lang.NullPointerException
	cn.flying.rest.onlinefile.users.service.impl.UserWSImpl.getUserInitInfo(UserWSImpl.java:270)
	sun.reflect.NativeMethodAccessorImpl.invoke0(Native Method)
	sun.reflect.NativeMethodAccessorImpl.invoke(NativeMethodAccessorImpl.java:57)
	sun.reflect.DelegatingMethodAccessorImpl.invoke(DelegatingMethodAccessorImpl.java:43)
	java.lang.reflect.Method.invoke(Method.java:606)
	org.jboss.resteasy.core.MethodInjectorImpl.invoke(MethodInjectorImpl.java:167)
	org.jboss.resteasy.core.ResourceMethod.invokeOnTarget(ResourceMethod.java:257)
	org.jboss.resteasy.core.ResourceMethod.invoke(ResourceMethod.java:222)
	org.jboss.resteasy.core.ResourceMethod.invoke(ResourceMethod.java:211)
	org.jboss.resteasy.core.SynchronousDispatcher.getResponse(SynchronousDispatcher.java:536)
	org.jboss.resteasy.core.SynchronousDispatcher.invoke(SynchronousDispatcher.java:513)
	org.jboss.resteasy.core.SynchronousDispatcher.invoke(SynchronousDispatcher.java:125)
	org.jboss.resteasy.plugins.server.servlet.ServletContainerDispatcher.service(ServletContainerDispatcher.java:208)
	org.jboss.resteasy.plugins.server.servlet.HttpServletDispatcher.service(HttpServletDispatcher.java:55)
	org.jboss.resteasy.plugins.server.servlet.HttpServletDispatcher.service(HttpServletDispatcher.java:50)
	javax.servlet.http.HttpServlet.service(HttpServlet.java:727)
	org.apache.tomcat.websocket.server.WsFilter.doFilter(WsFilter.java:52)
</pre></p><p><b>note</b> <u>The full stack trace of the root cause is available in the Apache Tomcat/7.0.52 logs.</u></p><HR size="1" noshade="noshade"><h3>Apache Tomcat/7.0.52</h3></body></html>", "time":"0.04695200920105"}

INFO - {"user":"337106161@qq.com","time":"2015-09-09 11:31:14"}
REQUEST - {"url":"http://168.168.169.100:8080/onlinefile/rest/onlinefileuser/getUserInitInfo/38/337106161@qq.com", "method":"GET", "params":"", "content-type":""}
RESPONSE - {"code":"500", "content-type":"text/html", "message":"0", "reponse":"<html><head><title>Apache Tomcat/7.0.52 - Error report</title><style><!--H1 {font-family:Tahoma,Arial,sans-serif;color:white;background-color:#525D76;font-size:22px;} H2 {font-family:Tahoma,Arial,sans-serif;color:white;background-color:#525D76;font-size:16px;} H3 {font-family:Tahoma,Arial,sans-serif;color:white;background-color:#525D76;font-size:14px;} BODY {font-family:Tahoma,Arial,sans-serif;color:black;background-color:white;} B {font-family:Tahoma,Arial,sans-serif;color:white;background-color:#525D76;} P {font-family:Tahoma,Arial,sans-serif;background:white;color:black;font-size:12px;}A {color : black;}A.name {color : black;}HR {color : #525D76;}--></style> </head><body><h1>HTTP Status 500 - java.lang.NullPointerException</h1><HR size="1" noshade="noshade"><p><b>type</b> Exception report</p><p><b>message</b> <u>java.lang.NullPointerException</u></p><p><b>description</b> <u>The server encountered an internal error that prevented it from fulfilling this request.</u></p><p><b>exception</b> <pre>org.jboss.resteasy.spi.UnhandledException: java.lang.NullPointerException
	org.jboss.resteasy.core.SynchronousDispatcher.handleApplicationException(SynchronousDispatcher.java:351)
	org.jboss.resteasy.core.SynchronousDispatcher.handleException(SynchronousDispatcher.java:220)
	org.jboss.resteasy.core.SynchronousDispatcher.handleInvokerException(SynchronousDispatcher.java:196)
	org.jboss.resteasy.core.SynchronousDispatcher.getResponse(SynchronousDispatcher.java:551)
	org.jboss.resteasy.core.SynchronousDispatcher.invoke(SynchronousDispatcher.java:513)
	org.jboss.resteasy.core.SynchronousDispatcher.invoke(SynchronousDispatcher.java:125)
	org.jboss.resteasy.plugins.server.servlet.ServletContainerDispatcher.service(ServletContainerDispatcher.java:208)
	org.jboss.resteasy.plugins.server.servlet.HttpServletDispatcher.service(HttpServletDispatcher.java:55)
	org.jboss.resteasy.plugins.server.servlet.HttpServletDispatcher.service(HttpServletDispatcher.java:50)
	javax.servlet.http.HttpServlet.service(HttpServlet.java:727)
	org.apache.tomcat.websocket.server.WsFilter.doFilter(WsFilter.java:52)
</pre></p><p><b>root cause</b> <pre>java.lang.NullPointerException
	cn.flying.rest.onlinefile.users.service.impl.UserWSImpl.getUserInitInfo(UserWSImpl.java:270)
	sun.reflect.NativeMethodAccessorImpl.invoke0(Native Method)
	sun.reflect.NativeMethodAccessorImpl.invoke(NativeMethodAccessorImpl.java:57)
	sun.reflect.DelegatingMethodAccessorImpl.invoke(DelegatingMethodAccessorImpl.java:43)
	java.lang.reflect.Method.invoke(Method.java:606)
	org.jboss.resteasy.core.MethodInjectorImpl.invoke(MethodInjectorImpl.java:167)
	org.jboss.resteasy.core.ResourceMethod.invokeOnTarget(ResourceMethod.java:257)
	org.jboss.resteasy.core.ResourceMethod.invoke(ResourceMethod.java:222)
	org.jboss.resteasy.core.ResourceMethod.invoke(ResourceMethod.java:211)
	org.jboss.resteasy.core.SynchronousDispatcher.getResponse(SynchronousDispatcher.java:536)
	org.jboss.resteasy.core.SynchronousDispatcher.invoke(SynchronousDispatcher.java:513)
	org.jboss.resteasy.core.SynchronousDispatcher.invoke(SynchronousDispatcher.java:125)
	org.jboss.resteasy.plugins.server.servlet.ServletContainerDispatcher.service(ServletContainerDispatcher.java:208)
	org.jboss.resteasy.plugins.server.servlet.HttpServletDispatcher.service(HttpServletDispatcher.java:55)
	org.jboss.resteasy.plugins.server.servlet.HttpServletDispatcher.service(HttpServletDispatcher.java:50)
	javax.servlet.http.HttpServlet.service(HttpServlet.java:727)
	org.apache.tomcat.websocket.server.WsFilter.doFilter(WsFilter.java:52)
</pre></p><p><b>note</b> <u>The full stack trace of the root cause is available in the Apache Tomcat/7.0.52 logs.</u></p><HR size="1" noshade="noshade"><h3>Apache Tomcat/7.0.52</h3></body></html>", "time":"0.049466848373413"}

INFO - {"user":"337106161@qq.com","time":"2015-09-09 11:37:23"}
REQUEST - {"url":"http://168.168.169.100:8080/onlinefile/rest/onlinefileuser/getUserInitInfo/38/337106161@qq.com", "method":"GET", "params":"", "content-type":""}
RESPONSE - {"code":"500", "content-type":"text/html", "message":"0", "reponse":"<html><head><title>Apache Tomcat/7.0.52 - Error report</title><style><!--H1 {font-family:Tahoma,Arial,sans-serif;color:white;background-color:#525D76;font-size:22px;} H2 {font-family:Tahoma,Arial,sans-serif;color:white;background-color:#525D76;font-size:16px;} H3 {font-family:Tahoma,Arial,sans-serif;color:white;background-color:#525D76;font-size:14px;} BODY {font-family:Tahoma,Arial,sans-serif;color:black;background-color:white;} B {font-family:Tahoma,Arial,sans-serif;color:white;background-color:#525D76;} P {font-family:Tahoma,Arial,sans-serif;background:white;color:black;font-size:12px;}A {color : black;}A.name {color : black;}HR {color : #525D76;}--></style> </head><body><h1>HTTP Status 500 - java.lang.NullPointerException</h1><HR size="1" noshade="noshade"><p><b>type</b> Exception report</p><p><b>message</b> <u>java.lang.NullPointerException</u></p><p><b>description</b> <u>The server encountered an internal error that prevented it from fulfilling this request.</u></p><p><b>exception</b> <pre>org.jboss.resteasy.spi.UnhandledException: java.lang.NullPointerException
	org.jboss.resteasy.core.SynchronousDispatcher.handleApplicationException(SynchronousDispatcher.java:351)
	org.jboss.resteasy.core.SynchronousDispatcher.handleException(SynchronousDispatcher.java:220)
	org.jboss.resteasy.core.SynchronousDispatcher.handleInvokerException(SynchronousDispatcher.java:196)
	org.jboss.resteasy.core.SynchronousDispatcher.getResponse(SynchronousDispatcher.java:551)
	org.jboss.resteasy.core.SynchronousDispatcher.invoke(SynchronousDispatcher.java:513)
	org.jboss.resteasy.core.SynchronousDispatcher.invoke(SynchronousDispatcher.java:125)
	org.jboss.resteasy.plugins.server.servlet.ServletContainerDispatcher.service(ServletContainerDispatcher.java:208)
	org.jboss.resteasy.plugins.server.servlet.HttpServletDispatcher.service(HttpServletDispatcher.java:55)
	org.jboss.resteasy.plugins.server.servlet.HttpServletDispatcher.service(HttpServletDispatcher.java:50)
	javax.servlet.http.HttpServlet.service(HttpServlet.java:727)
	org.apache.tomcat.websocket.server.WsFilter.doFilter(WsFilter.java:52)
</pre></p><p><b>root cause</b> <pre>java.lang.NullPointerException
	cn.flying.rest.onlinefile.users.service.impl.UserWSImpl.getUserInitInfo(UserWSImpl.java:270)
	sun.reflect.NativeMethodAccessorImpl.invoke0(Native Method)
	sun.reflect.NativeMethodAccessorImpl.invoke(NativeMethodAccessorImpl.java:57)
	sun.reflect.DelegatingMethodAccessorImpl.invoke(DelegatingMethodAccessorImpl.java:43)
	java.lang.reflect.Method.invoke(Method.java:606)
	org.jboss.resteasy.core.MethodInjectorImpl.invoke(MethodInjectorImpl.java:167)
	org.jboss.resteasy.core.ResourceMethod.invokeOnTarget(ResourceMethod.java:257)
	org.jboss.resteasy.core.ResourceMethod.invoke(ResourceMethod.java:222)
	org.jboss.resteasy.core.ResourceMethod.invoke(ResourceMethod.java:211)
	org.jboss.resteasy.core.SynchronousDispatcher.getResponse(SynchronousDispatcher.java:536)
	org.jboss.resteasy.core.SynchronousDispatcher.invoke(SynchronousDispatcher.java:513)
	org.jboss.resteasy.core.SynchronousDispatcher.invoke(SynchronousDispatcher.java:125)
	org.jboss.resteasy.plugins.server.servlet.ServletContainerDispatcher.service(ServletContainerDispatcher.java:208)
	org.jboss.resteasy.plugins.server.servlet.HttpServletDispatcher.service(HttpServletDispatcher.java:55)
	org.jboss.resteasy.plugins.server.servlet.HttpServletDispatcher.service(HttpServletDispatcher.java:50)
	javax.servlet.http.HttpServlet.service(HttpServlet.java:727)
	org.apache.tomcat.websocket.server.WsFilter.doFilter(WsFilter.java:52)
</pre></p><p><b>note</b> <u>The full stack trace of the root cause is available in the Apache Tomcat/7.0.52 logs.</u></p><HR size="1" noshade="noshade"><h3>Apache Tomcat/7.0.52</h3></body></html>", "time":"0.08263087272644"}

INFO - {"user":"337106161@qq.com","time":"2015-09-09 14:34:25"}
REQUEST - {"url":"http://168.168.169.100:8080/essoaapp/rest/userqueryservice/getUserByUserName/337106161@qq.com", "method":"GET", "params":"", "content-type":""}
RESPONSE - {"code":"404", "content-type":"text/html", "message":"0", "reponse":"<html><head><title>Apache Tomcat/7.0.52 - Error report</title><style><!--H1 {font-family:Tahoma,Arial,sans-serif;color:white;background-color:#525D76;font-size:22px;} H2 {font-family:Tahoma,Arial,sans-serif;color:white;background-color:#525D76;font-size:16px;} H3 {font-family:Tahoma,Arial,sans-serif;color:white;background-color:#525D76;font-size:14px;} BODY {font-family:Tahoma,Arial,sans-serif;color:black;background-color:white;} B {font-family:Tahoma,Arial,sans-serif;color:white;background-color:#525D76;} P {font-family:Tahoma,Arial,sans-serif;background:white;color:black;font-size:12px;}A {color : black;}A.name {color : black;}HR {color : #525D76;}--></style> </head><body><h1>HTTP Status 404 - /essoaapp/rest/userqueryservice/getUserByUserName/337106161@qq.com</h1><HR size="1" noshade="noshade"><p><b>type</b> Status report</p><p><b>message</b> <u>/essoaapp/rest/userqueryservice/getUserByUserName/337106161@qq.com</u></p><p><b>description</b> <u>The requested resource is not available.</u></p><HR size="1" noshade="noshade"><h3>Apache Tomcat/7.0.52</h3></body></html>", "time":"0.0042359828948975"}

INFO - {"user":"337106161@qq.com","time":"2015-09-09 14:34:26"}
REQUEST - {"url":"http://168.168.169.100:8080/essoaapp/rest/userqueryservice/getUserByUserName/337106161@qq.com", "method":"GET", "params":"", "content-type":""}
RESPONSE - {"code":"404", "content-type":"text/html", "message":"0", "reponse":"<html><head><title>Apache Tomcat/7.0.52 - Error report</title><style><!--H1 {font-family:Tahoma,Arial,sans-serif;color:white;background-color:#525D76;font-size:22px;} H2 {font-family:Tahoma,Arial,sans-serif;color:white;background-color:#525D76;font-size:16px;} H3 {font-family:Tahoma,Arial,sans-serif;color:white;background-color:#525D76;font-size:14px;} BODY {font-family:Tahoma,Arial,sans-serif;color:black;background-color:white;} B {font-family:Tahoma,Arial,sans-serif;color:white;background-color:#525D76;} P {font-family:Tahoma,Arial,sans-serif;background:white;color:black;font-size:12px;}A {color : black;}A.name {color : black;}HR {color : #525D76;}--></style> </head><body><h1>HTTP Status 404 - /essoaapp/rest/userqueryservice/getUserByUserName/337106161@qq.com</h1><HR size="1" noshade="noshade"><p><b>type</b> Status report</p><p><b>message</b> <u>/essoaapp/rest/userqueryservice/getUserByUserName/337106161@qq.com</u></p><p><b>description</b> <u>The requested resource is not available.</u></p><HR size="1" noshade="noshade"><h3>Apache Tomcat/7.0.52</h3></body></html>", "time":"0.0075380802154541"}

INFO - {"user":"337106161@qq.com","time":"2015-09-09 14:34:33"}
REQUEST - {"url":"http://168.168.169.100:8080/essoaapp/rest/userqueryservice/getUserByUserName/337106161@qq.com", "method":"GET", "params":"", "content-type":""}
RESPONSE - {"code":"404", "content-type":"text/html", "message":"0", "reponse":"<html><head><title>Apache Tomcat/7.0.52 - Error report</title><style><!--H1 {font-family:Tahoma,Arial,sans-serif;color:white;background-color:#525D76;font-size:22px;} H2 {font-family:Tahoma,Arial,sans-serif;color:white;background-color:#525D76;font-size:16px;} H3 {font-family:Tahoma,Arial,sans-serif;color:white;background-color:#525D76;font-size:14px;} BODY {font-family:Tahoma,Arial,sans-serif;color:black;background-color:white;} B {font-family:Tahoma,Arial,sans-serif;color:white;background-color:#525D76;} P {font-family:Tahoma,Arial,sans-serif;background:white;color:black;font-size:12px;}A {color : black;}A.name {color : black;}HR {color : #525D76;}--></style> </head><body><h1>HTTP Status 404 - /essoaapp/rest/userqueryservice/getUserByUserName/337106161@qq.com</h1><HR size="1" noshade="noshade"><p><b>type</b> Status report</p><p><b>message</b> <u>/essoaapp/rest/userqueryservice/getUserByUserName/337106161@qq.com</u></p><p><b>description</b> <u>The requested resource is not available.</u></p><HR size="1" noshade="noshade"><h3>Apache Tomcat/7.0.52</h3></body></html>", "time":"0.020871877670288"}

INFO - {"user":"337106161@qq.com","time":"2015-09-09 14:34:34"}
REQUEST - {"url":"http://168.168.169.100:8080/essoaapp/rest/userqueryservice/getUserByUserName/337106161@qq.com", "method":"GET", "params":"", "content-type":""}
RESPONSE - {"code":"404", "content-type":"text/html", "message":"0", "reponse":"<html><head><title>Apache Tomcat/7.0.52 - Error report</title><style><!--H1 {font-family:Tahoma,Arial,sans-serif;color:white;background-color:#525D76;font-size:22px;} H2 {font-family:Tahoma,Arial,sans-serif;color:white;background-color:#525D76;font-size:16px;} H3 {font-family:Tahoma,Arial,sans-serif;color:white;background-color:#525D76;font-size:14px;} BODY {font-family:Tahoma,Arial,sans-serif;color:black;background-color:white;} B {font-family:Tahoma,Arial,sans-serif;color:white;background-color:#525D76;} P {font-family:Tahoma,Arial,sans-serif;background:white;color:black;font-size:12px;}A {color : black;}A.name {color : black;}HR {color : #525D76;}--></style> </head><body><h1>HTTP Status 404 - /essoaapp/rest/userqueryservice/getUserByUserName/337106161@qq.com</h1><HR size="1" noshade="noshade"><p><b>type</b> Status report</p><p><b>message</b> <u>/essoaapp/rest/userqueryservice/getUserByUserName/337106161@qq.com</u></p><p><b>description</b> <u>The requested resource is not available.</u></p><HR size="1" noshade="noshade"><h3>Apache Tomcat/7.0.52</h3></body></html>", "time":"0.0059630870819092"}

INFO - {"user":"337106161@qq.com","time":"2015-09-09 14:34:46"}
REQUEST - {"url":"http://168.168.169.100:8080/essoaapp/rest/userqueryservice/getUserByUserName/337106161@qq.com", "method":"GET", "params":"", "content-type":""}
RESPONSE - {"code":"404", "content-type":"text/html", "message":"0", "reponse":"<html><head><title>Apache Tomcat/7.0.52 - Error report</title><style><!--H1 {font-family:Tahoma,Arial,sans-serif;color:white;background-color:#525D76;font-size:22px;} H2 {font-family:Tahoma,Arial,sans-serif;color:white;background-color:#525D76;font-size:16px;} H3 {font-family:Tahoma,Arial,sans-serif;color:white;background-color:#525D76;font-size:14px;} BODY {font-family:Tahoma,Arial,sans-serif;color:black;background-color:white;} B {font-family:Tahoma,Arial,sans-serif;color:white;background-color:#525D76;} P {font-family:Tahoma,Arial,sans-serif;background:white;color:black;font-size:12px;}A {color : black;}A.name {color : black;}HR {color : #525D76;}--></style> </head><body><h1>HTTP Status 404 - /essoaapp/rest/userqueryservice/getUserByUserName/337106161@qq.com</h1><HR size="1" noshade="noshade"><p><b>type</b> Status report</p><p><b>message</b> <u>/essoaapp/rest/userqueryservice/getUserByUserName/337106161@qq.com</u></p><p><b>description</b> <u>The requested resource is not available.</u></p><HR size="1" noshade="noshade"><h3>Apache Tomcat/7.0.52</h3></body></html>", "time":"0.0072410106658936"}

INFO - {"user":"337106161@qq.com","time":"2015-09-09 14:48:38"}
REQUEST - {"url":"http://168.168.169.100:8080/onlinefile/rest/onlinefileuser/getUserInitInfo/38/337106161@qq.com", "method":"GET", "params":"", "content-type":""}
RESPONSE - {"code":"500", "content-type":"text/html", "message":"0", "reponse":"<html><head><title>Apache Tomcat/7.0.52 - Error report</title><style><!--H1 {font-family:Tahoma,Arial,sans-serif;color:white;background-color:#525D76;font-size:22px;} H2 {font-family:Tahoma,Arial,sans-serif;color:white;background-color:#525D76;font-size:16px;} H3 {font-family:Tahoma,Arial,sans-serif;color:white;background-color:#525D76;font-size:14px;} BODY {font-family:Tahoma,Arial,sans-serif;color:black;background-color:white;} B {font-family:Tahoma,Arial,sans-serif;color:white;background-color:#525D76;} P {font-family:Tahoma,Arial,sans-serif;background:white;color:black;font-size:12px;}A {color : black;}A.name {color : black;}HR {color : #525D76;}--></style> </head><body><h1>HTTP Status 500 - java.lang.NullPointerException</h1><HR size="1" noshade="noshade"><p><b>type</b> Exception report</p><p><b>message</b> <u>java.lang.NullPointerException</u></p><p><b>description</b> <u>The server encountered an internal error that prevented it from fulfilling this request.</u></p><p><b>exception</b> <pre>org.jboss.resteasy.spi.UnhandledException: java.lang.NullPointerException
	org.jboss.resteasy.core.SynchronousDispatcher.handleApplicationException(SynchronousDispatcher.java:351)
	org.jboss.resteasy.core.SynchronousDispatcher.handleException(SynchronousDispatcher.java:220)
	org.jboss.resteasy.core.SynchronousDispatcher.handleInvokerException(SynchronousDispatcher.java:196)
	org.jboss.resteasy.core.SynchronousDispatcher.getResponse(SynchronousDispatcher.java:551)
	org.jboss.resteasy.core.SynchronousDispatcher.invoke(SynchronousDispatcher.java:513)
	org.jboss.resteasy.core.SynchronousDispatcher.invoke(SynchronousDispatcher.java:125)
	org.jboss.resteasy.plugins.server.servlet.ServletContainerDispatcher.service(ServletContainerDispatcher.java:208)
	org.jboss.resteasy.plugins.server.servlet.HttpServletDispatcher.service(HttpServletDispatcher.java:55)
	org.jboss.resteasy.plugins.server.servlet.HttpServletDispatcher.service(HttpServletDispatcher.java:50)
	javax.servlet.http.HttpServlet.service(HttpServlet.java:727)
	org.apache.tomcat.websocket.server.WsFilter.doFilter(WsFilter.java:52)
</pre></p><p><b>root cause</b> <pre>java.lang.NullPointerException
	cn.flying.rest.onlinefile.users.service.impl.UserWSImpl.getUserInitInfo(UserWSImpl.java:270)
	sun.reflect.NativeMethodAccessorImpl.invoke0(Native Method)
	sun.reflect.NativeMethodAccessorImpl.invoke(NativeMethodAccessorImpl.java:57)
	sun.reflect.DelegatingMethodAccessorImpl.invoke(DelegatingMethodAccessorImpl.java:43)
	java.lang.reflect.Method.invoke(Method.java:606)
	org.jboss.resteasy.core.MethodInjectorImpl.invoke(MethodInjectorImpl.java:167)
	org.jboss.resteasy.core.ResourceMethod.invokeOnTarget(ResourceMethod.java:257)
	org.jboss.resteasy.core.ResourceMethod.invoke(ResourceMethod.java:222)
	org.jboss.resteasy.core.ResourceMethod.invoke(ResourceMethod.java:211)
	org.jboss.resteasy.core.SynchronousDispatcher.getResponse(SynchronousDispatcher.java:536)
	org.jboss.resteasy.core.SynchronousDispatcher.invoke(SynchronousDispatcher.java:513)
	org.jboss.resteasy.core.SynchronousDispatcher.invoke(SynchronousDispatcher.java:125)
	org.jboss.resteasy.plugins.server.servlet.ServletContainerDispatcher.service(ServletContainerDispatcher.java:208)
	org.jboss.resteasy.plugins.server.servlet.HttpServletDispatcher.service(HttpServletDispatcher.java:55)
	org.jboss.resteasy.plugins.server.servlet.HttpServletDispatcher.service(HttpServletDispatcher.java:50)
	javax.servlet.http.HttpServlet.service(HttpServlet.java:727)
	org.apache.tomcat.websocket.server.WsFilter.doFilter(WsFilter.java:52)
</pre></p><p><b>note</b> <u>The full stack trace of the root cause is available in the Apache Tomcat/7.0.52 logs.</u></p><HR size="1" noshade="noshade"><h3>Apache Tomcat/7.0.52</h3></body></html>", "time":"0.15515899658203"}

INFO - {"user":"337106161@qq.com","time":"2015-09-09 15:05:59"}
REQUEST - {"url":"http://168.168.169.100:8080/essoaapp/rest/userqueryservice/getUserByUserName/337106161@qq.com", "method":"GET", "params":"", "content-type":""}
RESPONSE - {"code":"404", "content-type":"text/html", "message":"0", "reponse":"<html><head><title>Apache Tomcat/7.0.52 - Error report</title><style><!--H1 {font-family:Tahoma,Arial,sans-serif;color:white;background-color:#525D76;font-size:22px;} H2 {font-family:Tahoma,Arial,sans-serif;color:white;background-color:#525D76;font-size:16px;} H3 {font-family:Tahoma,Arial,sans-serif;color:white;background-color:#525D76;font-size:14px;} BODY {font-family:Tahoma,Arial,sans-serif;color:black;background-color:white;} B {font-family:Tahoma,Arial,sans-serif;color:white;background-color:#525D76;} P {font-family:Tahoma,Arial,sans-serif;background:white;color:black;font-size:12px;}A {color : black;}A.name {color : black;}HR {color : #525D76;}--></style> </head><body><h1>HTTP Status 404 - /essoaapp/rest/userqueryservice/getUserByUserName/337106161@qq.com</h1><HR size="1" noshade="noshade"><p><b>type</b> Status report</p><p><b>message</b> <u>/essoaapp/rest/userqueryservice/getUserByUserName/337106161@qq.com</u></p><p><b>description</b> <u>The requested resource is not available.</u></p><HR size="1" noshade="noshade"><h3>Apache Tomcat/7.0.52</h3></body></html>", "time":"0.070297002792358"}

INFO - {"user":"337106161@qq.com","time":"2015-09-09 15:06:00"}
REQUEST - {"url":"http://168.168.169.100:8080/essoaapp/rest/userqueryservice/getUserByUserName/337106161@qq.com", "method":"GET", "params":"", "content-type":""}
RESPONSE - {"code":"404", "content-type":"text/html", "message":"0", "reponse":"<html><head><title>Apache Tomcat/7.0.52 - Error report</title><style><!--H1 {font-family:Tahoma,Arial,sans-serif;color:white;background-color:#525D76;font-size:22px;} H2 {font-family:Tahoma,Arial,sans-serif;color:white;background-color:#525D76;font-size:16px;} H3 {font-family:Tahoma,Arial,sans-serif;color:white;background-color:#525D76;font-size:14px;} BODY {font-family:Tahoma,Arial,sans-serif;color:black;background-color:white;} B {font-family:Tahoma,Arial,sans-serif;color:white;background-color:#525D76;} P {font-family:Tahoma,Arial,sans-serif;background:white;color:black;font-size:12px;}A {color : black;}A.name {color : black;}HR {color : #525D76;}--></style> </head><body><h1>HTTP Status 404 - /essoaapp/rest/userqueryservice/getUserByUserName/337106161@qq.com</h1><HR size="1" noshade="noshade"><p><b>type</b> Status report</p><p><b>message</b> <u>/essoaapp/rest/userqueryservice/getUserByUserName/337106161@qq.com</u></p><p><b>description</b> <u>The requested resource is not available.</u></p><HR size="1" noshade="noshade"><h3>Apache Tomcat/7.0.52</h3></body></html>", "time":"0.0092928409576416"}

INFO - {"user":"337106161@qq.com","time":"2015-09-09 15:06:04"}
REQUEST - {"url":"http://168.168.169.100:8080/onlinefile/rest/onlinefileuser/getUserInitInfo/38/337106161@qq.com", "method":"GET", "params":"", "content-type":""}
RESPONSE - {"code":"500", "content-type":"text/html", "message":"0", "reponse":"<html><head><title>Apache Tomcat/7.0.52 - Error report</title><style><!--H1 {font-family:Tahoma,Arial,sans-serif;color:white;background-color:#525D76;font-size:22px;} H2 {font-family:Tahoma,Arial,sans-serif;color:white;background-color:#525D76;font-size:16px;} H3 {font-family:Tahoma,Arial,sans-serif;color:white;background-color:#525D76;font-size:14px;} BODY {font-family:Tahoma,Arial,sans-serif;color:black;background-color:white;} B {font-family:Tahoma,Arial,sans-serif;color:white;background-color:#525D76;} P {font-family:Tahoma,Arial,sans-serif;background:white;color:black;font-size:12px;}A {color : black;}A.name {color : black;}HR {color : #525D76;}--></style> </head><body><h1>HTTP Status 500 - java.lang.NullPointerException</h1><HR size="1" noshade="noshade"><p><b>type</b> Exception report</p><p><b>message</b> <u>java.lang.NullPointerException</u></p><p><b>description</b> <u>The server encountered an internal error that prevented it from fulfilling this request.</u></p><p><b>exception</b> <pre>org.jboss.resteasy.spi.UnhandledException: java.lang.NullPointerException
	org.jboss.resteasy.core.SynchronousDispatcher.handleApplicationException(SynchronousDispatcher.java:351)
	org.jboss.resteasy.core.SynchronousDispatcher.handleException(SynchronousDispatcher.java:220)
	org.jboss.resteasy.core.SynchronousDispatcher.handleInvokerException(SynchronousDispatcher.java:196)
	org.jboss.resteasy.core.SynchronousDispatcher.getResponse(SynchronousDispatcher.java:551)
	org.jboss.resteasy.core.SynchronousDispatcher.invoke(SynchronousDispatcher.java:513)
	org.jboss.resteasy.core.SynchronousDispatcher.invoke(SynchronousDispatcher.java:125)
	org.jboss.resteasy.plugins.server.servlet.ServletContainerDispatcher.service(ServletContainerDispatcher.java:208)
	org.jboss.resteasy.plugins.server.servlet.HttpServletDispatcher.service(HttpServletDispatcher.java:55)
	org.jboss.resteasy.plugins.server.servlet.HttpServletDispatcher.service(HttpServletDispatcher.java:50)
	javax.servlet.http.HttpServlet.service(HttpServlet.java:727)
	org.apache.tomcat.websocket.server.WsFilter.doFilter(WsFilter.java:52)
</pre></p><p><b>root cause</b> <pre>java.lang.NullPointerException
	cn.flying.rest.onlinefile.users.service.impl.UserWSImpl.getUserInitInfo(UserWSImpl.java:270)
	sun.reflect.NativeMethodAccessorImpl.invoke0(Native Method)
	sun.reflect.NativeMethodAccessorImpl.invoke(NativeMethodAccessorImpl.java:57)
	sun.reflect.DelegatingMethodAccessorImpl.invoke(DelegatingMethodAccessorImpl.java:43)
	java.lang.reflect.Method.invoke(Method.java:606)
	org.jboss.resteasy.core.MethodInjectorImpl.invoke(MethodInjectorImpl.java:167)
	org.jboss.resteasy.core.ResourceMethod.invokeOnTarget(ResourceMethod.java:257)
	org.jboss.resteasy.core.ResourceMethod.invoke(ResourceMethod.java:222)
	org.jboss.resteasy.core.ResourceMethod.invoke(ResourceMethod.java:211)
	org.jboss.resteasy.core.SynchronousDispatcher.getResponse(SynchronousDispatcher.java:536)
	org.jboss.resteasy.core.SynchronousDispatcher.invoke(SynchronousDispatcher.java:513)
	org.jboss.resteasy.core.SynchronousDispatcher.invoke(SynchronousDispatcher.java:125)
	org.jboss.resteasy.plugins.server.servlet.ServletContainerDispatcher.service(ServletContainerDispatcher.java:208)
	org.jboss.resteasy.plugins.server.servlet.HttpServletDispatcher.service(HttpServletDispatcher.java:55)
	org.jboss.resteasy.plugins.server.servlet.HttpServletDispatcher.service(HttpServletDispatcher.java:50)
	javax.servlet.http.HttpServlet.service(HttpServlet.java:727)
	org.apache.tomcat.websocket.server.WsFilter.doFilter(WsFilter.java:52)
</pre></p><p><b>note</b> <u>The full stack trace of the root cause is available in the Apache Tomcat/7.0.52 logs.</u></p><HR size="1" noshade="noshade"><h3>Apache Tomcat/7.0.52</h3></body></html>", "time":"0.069489002227783"}

INFO - {"user":"337106161@qq.com","time":"2015-09-09 15:10:25"}
REQUEST - {"url":"http://168.168.169.100:8080/essoaapp/rest/userqueryservice/getUserByUserName/337106161@qq.com", "method":"GET", "params":"", "content-type":""}
RESPONSE - {"code":"404", "content-type":"text/html", "message":"0", "reponse":"<html><head><title>Apache Tomcat/7.0.52 - Error report</title><style><!--H1 {font-family:Tahoma,Arial,sans-serif;color:white;background-color:#525D76;font-size:22px;} H2 {font-family:Tahoma,Arial,sans-serif;color:white;background-color:#525D76;font-size:16px;} H3 {font-family:Tahoma,Arial,sans-serif;color:white;background-color:#525D76;font-size:14px;} BODY {font-family:Tahoma,Arial,sans-serif;color:black;background-color:white;} B {font-family:Tahoma,Arial,sans-serif;color:white;background-color:#525D76;} P {font-family:Tahoma,Arial,sans-serif;background:white;color:black;font-size:12px;}A {color : black;}A.name {color : black;}HR {color : #525D76;}--></style> </head><body><h1>HTTP Status 404 - /essoaapp/rest/userqueryservice/getUserByUserName/337106161@qq.com</h1><HR size="1" noshade="noshade"><p><b>type</b> Status report</p><p><b>message</b> <u>/essoaapp/rest/userqueryservice/getUserByUserName/337106161@qq.com</u></p><p><b>description</b> <u>The requested resource is not available.</u></p><HR size="1" noshade="noshade"><h3>Apache Tomcat/7.0.52</h3></body></html>", "time":"0.049700021743774"}

INFO - {"user":"337106161@qq.com","time":"2015-09-09 15:10:26"}
REQUEST - {"url":"http://168.168.169.100:8080/essoaapp/rest/userqueryservice/getUserByUserName/337106161@qq.com", "method":"GET", "params":"", "content-type":""}
RESPONSE - {"code":"404", "content-type":"text/html", "message":"0", "reponse":"<html><head><title>Apache Tomcat/7.0.52 - Error report</title><style><!--H1 {font-family:Tahoma,Arial,sans-serif;color:white;background-color:#525D76;font-size:22px;} H2 {font-family:Tahoma,Arial,sans-serif;color:white;background-color:#525D76;font-size:16px;} H3 {font-family:Tahoma,Arial,sans-serif;color:white;background-color:#525D76;font-size:14px;} BODY {font-family:Tahoma,Arial,sans-serif;color:black;background-color:white;} B {font-family:Tahoma,Arial,sans-serif;color:white;background-color:#525D76;} P {font-family:Tahoma,Arial,sans-serif;background:white;color:black;font-size:12px;}A {color : black;}A.name {color : black;}HR {color : #525D76;}--></style> </head><body><h1>HTTP Status 404 - /essoaapp/rest/userqueryservice/getUserByUserName/337106161@qq.com</h1><HR size="1" noshade="noshade"><p><b>type</b> Status report</p><p><b>message</b> <u>/essoaapp/rest/userqueryservice/getUserByUserName/337106161@qq.com</u></p><p><b>description</b> <u>The requested resource is not available.</u></p><HR size="1" noshade="noshade"><h3>Apache Tomcat/7.0.52</h3></body></html>", "time":"0.0082390308380127"}

INFO - {"user":"337106161@qq.com","time":"2015-09-09 15:10:39"}
REQUEST - {"url":"http://168.168.169.100:8080/essoaapp/rest/userqueryservice/getUserByUserName/337106161@qq.com", "method":"GET", "params":"", "content-type":""}
RESPONSE - {"code":"404", "content-type":"text/html", "message":"0", "reponse":"<html><head><title>Apache Tomcat/7.0.52 - Error report</title><style><!--H1 {font-family:Tahoma,Arial,sans-serif;color:white;background-color:#525D76;font-size:22px;} H2 {font-family:Tahoma,Arial,sans-serif;color:white;background-color:#525D76;font-size:16px;} H3 {font-family:Tahoma,Arial,sans-serif;color:white;background-color:#525D76;font-size:14px;} BODY {font-family:Tahoma,Arial,sans-serif;color:black;background-color:white;} B {font-family:Tahoma,Arial,sans-serif;color:white;background-color:#525D76;} P {font-family:Tahoma,Arial,sans-serif;background:white;color:black;font-size:12px;}A {color : black;}A.name {color : black;}HR {color : #525D76;}--></style> </head><body><h1>HTTP Status 404 - /essoaapp/rest/userqueryservice/getUserByUserName/337106161@qq.com</h1><HR size="1" noshade="noshade"><p><b>type</b> Status report</p><p><b>message</b> <u>/essoaapp/rest/userqueryservice/getUserByUserName/337106161@qq.com</u></p><p><b>description</b> <u>The requested resource is not available.</u></p><HR size="1" noshade="noshade"><h3>Apache Tomcat/7.0.52</h3></body></html>", "time":"0.0065488815307617"}

INFO - {"user":"337106161@qq.com","time":"2015-09-09 15:10:53"}
REQUEST - {"url":"http://168.168.169.100:8080/onlinefile/rest/onlinefileuser/getUserInitInfo/38/337106161@qq.com", "method":"GET", "params":"", "content-type":""}
RESPONSE - {"code":"500", "content-type":"text/html", "message":"0", "reponse":"<html><head><title>Apache Tomcat/7.0.52 - Error report</title><style><!--H1 {font-family:Tahoma,Arial,sans-serif;color:white;background-color:#525D76;font-size:22px;} H2 {font-family:Tahoma,Arial,sans-serif;color:white;background-color:#525D76;font-size:16px;} H3 {font-family:Tahoma,Arial,sans-serif;color:white;background-color:#525D76;font-size:14px;} BODY {font-family:Tahoma,Arial,sans-serif;color:black;background-color:white;} B {font-family:Tahoma,Arial,sans-serif;color:white;background-color:#525D76;} P {font-family:Tahoma,Arial,sans-serif;background:white;color:black;font-size:12px;}A {color : black;}A.name {color : black;}HR {color : #525D76;}--></style> </head><body><h1>HTTP Status 500 - java.lang.NullPointerException</h1><HR size="1" noshade="noshade"><p><b>type</b> Exception report</p><p><b>message</b> <u>java.lang.NullPointerException</u></p><p><b>description</b> <u>The server encountered an internal error that prevented it from fulfilling this request.</u></p><p><b>exception</b> <pre>org.jboss.resteasy.spi.UnhandledException: java.lang.NullPointerException
	org.jboss.resteasy.core.SynchronousDispatcher.handleApplicationException(SynchronousDispatcher.java:351)
	org.jboss.resteasy.core.SynchronousDispatcher.handleException(SynchronousDispatcher.java:220)
	org.jboss.resteasy.core.SynchronousDispatcher.handleInvokerException(SynchronousDispatcher.java:196)
	org.jboss.resteasy.core.SynchronousDispatcher.getResponse(SynchronousDispatcher.java:551)
	org.jboss.resteasy.core.SynchronousDispatcher.invoke(SynchronousDispatcher.java:513)
	org.jboss.resteasy.core.SynchronousDispatcher.invoke(SynchronousDispatcher.java:125)
	org.jboss.resteasy.plugins.server.servlet.ServletContainerDispatcher.service(ServletContainerDispatcher.java:208)
	org.jboss.resteasy.plugins.server.servlet.HttpServletDispatcher.service(HttpServletDispatcher.java:55)
	org.jboss.resteasy.plugins.server.servlet.HttpServletDispatcher.service(HttpServletDispatcher.java:50)
	javax.servlet.http.HttpServlet.service(HttpServlet.java:727)
	org.apache.tomcat.websocket.server.WsFilter.doFilter(WsFilter.java:52)
</pre></p><p><b>root cause</b> <pre>java.lang.NullPointerException
	cn.flying.rest.onlinefile.users.service.impl.UserWSImpl.getUserInitInfo(UserWSImpl.java:270)
	sun.reflect.NativeMethodAccessorImpl.invoke0(Native Method)
	sun.reflect.NativeMethodAccessorImpl.invoke(NativeMethodAccessorImpl.java:57)
	sun.reflect.DelegatingMethodAccessorImpl.invoke(DelegatingMethodAccessorImpl.java:43)
	java.lang.reflect.Method.invoke(Method.java:606)
	org.jboss.resteasy.core.MethodInjectorImpl.invoke(MethodInjectorImpl.java:167)
	org.jboss.resteasy.core.ResourceMethod.invokeOnTarget(ResourceMethod.java:257)
	org.jboss.resteasy.core.ResourceMethod.invoke(ResourceMethod.java:222)
	org.jboss.resteasy.core.ResourceMethod.invoke(ResourceMethod.java:211)
	org.jboss.resteasy.core.SynchronousDispatcher.getResponse(SynchronousDispatcher.java:536)
	org.jboss.resteasy.core.SynchronousDispatcher.invoke(SynchronousDispatcher.java:513)
	org.jboss.resteasy.core.SynchronousDispatcher.invoke(SynchronousDispatcher.java:125)
	org.jboss.resteasy.plugins.server.servlet.ServletContainerDispatcher.service(ServletContainerDispatcher.java:208)
	org.jboss.resteasy.plugins.server.servlet.HttpServletDispatcher.service(HttpServletDispatcher.java:55)
	org.jboss.resteasy.plugins.server.servlet.HttpServletDispatcher.service(HttpServletDispatcher.java:50)
	javax.servlet.http.HttpServlet.service(HttpServlet.java:727)
	org.apache.tomcat.websocket.server.WsFilter.doFilter(WsFilter.java:52)
</pre></p><p><b>note</b> <u>The full stack trace of the root cause is available in the Apache Tomcat/7.0.52 logs.</u></p><HR size="1" noshade="noshade"><h3>Apache Tomcat/7.0.52</h3></body></html>", "time":"0.056241989135742"}

INFO - {"user":"337106161@qq.com","time":"2015-09-09 15:26:58"}
REQUEST - {"url":"http://168.168.169.100:8080/essoaapp/rest/userqueryservice/getUserByUserName/337106161@qq.com", "method":"GET", "params":"", "content-type":""}
RESPONSE - {"code":"404", "content-type":"text/html", "message":"0", "reponse":"<html><head><title>Apache Tomcat/7.0.52 - Error report</title><style><!--H1 {font-family:Tahoma,Arial,sans-serif;color:white;background-color:#525D76;font-size:22px;} H2 {font-family:Tahoma,Arial,sans-serif;color:white;background-color:#525D76;font-size:16px;} H3 {font-family:Tahoma,Arial,sans-serif;color:white;background-color:#525D76;font-size:14px;} BODY {font-family:Tahoma,Arial,sans-serif;color:black;background-color:white;} B {font-family:Tahoma,Arial,sans-serif;color:white;background-color:#525D76;} P {font-family:Tahoma,Arial,sans-serif;background:white;color:black;font-size:12px;}A {color : black;}A.name {color : black;}HR {color : #525D76;}--></style> </head><body><h1>HTTP Status 404 - /essoaapp/rest/userqueryservice/getUserByUserName/337106161@qq.com</h1><HR size="1" noshade="noshade"><p><b>type</b> Status report</p><p><b>message</b> <u>/essoaapp/rest/userqueryservice/getUserByUserName/337106161@qq.com</u></p><p><b>description</b> <u>The requested resource is not available.</u></p><HR size="1" noshade="noshade"><h3>Apache Tomcat/7.0.52</h3></body></html>", "time":"0.041763067245483"}

INFO - {"user":"337106161@qq.com","time":"2015-09-09 15:26:59"}
REQUEST - {"url":"http://168.168.169.100:8080/essoaapp/rest/userqueryservice/getUserByUserName/337106161@qq.com", "method":"GET", "params":"", "content-type":""}
RESPONSE - {"code":"404", "content-type":"text/html", "message":"0", "reponse":"<html><head><title>Apache Tomcat/7.0.52 - Error report</title><style><!--H1 {font-family:Tahoma,Arial,sans-serif;color:white;background-color:#525D76;font-size:22px;} H2 {font-family:Tahoma,Arial,sans-serif;color:white;background-color:#525D76;font-size:16px;} H3 {font-family:Tahoma,Arial,sans-serif;color:white;background-color:#525D76;font-size:14px;} BODY {font-family:Tahoma,Arial,sans-serif;color:black;background-color:white;} B {font-family:Tahoma,Arial,sans-serif;color:white;background-color:#525D76;} P {font-family:Tahoma,Arial,sans-serif;background:white;color:black;font-size:12px;}A {color : black;}A.name {color : black;}HR {color : #525D76;}--></style> </head><body><h1>HTTP Status 404 - /essoaapp/rest/userqueryservice/getUserByUserName/337106161@qq.com</h1><HR size="1" noshade="noshade"><p><b>type</b> Status report</p><p><b>message</b> <u>/essoaapp/rest/userqueryservice/getUserByUserName/337106161@qq.com</u></p><p><b>description</b> <u>The requested resource is not available.</u></p><HR size="1" noshade="noshade"><h3>Apache Tomcat/7.0.52</h3></body></html>", "time":"0.010069131851196"}

INFO - {"user":"337106161@qq.com","time":"2015-09-09 15:27:03"}
REQUEST - {"url":"http://168.168.169.100:8080/onlinefile/rest/onlinefileuser/getUserInitInfo/38/337106161@qq.com", "method":"GET", "params":"", "content-type":""}
RESPONSE - {"code":"500", "content-type":"text/html", "message":"0", "reponse":"<html><head><title>Apache Tomcat/7.0.52 - Error report</title><style><!--H1 {font-family:Tahoma,Arial,sans-serif;color:white;background-color:#525D76;font-size:22px;} H2 {font-family:Tahoma,Arial,sans-serif;color:white;background-color:#525D76;font-size:16px;} H3 {font-family:Tahoma,Arial,sans-serif;color:white;background-color:#525D76;font-size:14px;} BODY {font-family:Tahoma,Arial,sans-serif;color:black;background-color:white;} B {font-family:Tahoma,Arial,sans-serif;color:white;background-color:#525D76;} P {font-family:Tahoma,Arial,sans-serif;background:white;color:black;font-size:12px;}A {color : black;}A.name {color : black;}HR {color : #525D76;}--></style> </head><body><h1>HTTP Status 500 - java.lang.NullPointerException</h1><HR size="1" noshade="noshade"><p><b>type</b> Exception report</p><p><b>message</b> <u>java.lang.NullPointerException</u></p><p><b>description</b> <u>The server encountered an internal error that prevented it from fulfilling this request.</u></p><p><b>exception</b> <pre>org.jboss.resteasy.spi.UnhandledException: java.lang.NullPointerException
	org.jboss.resteasy.core.SynchronousDispatcher.handleApplicationException(SynchronousDispatcher.java:351)
	org.jboss.resteasy.core.SynchronousDispatcher.handleException(SynchronousDispatcher.java:220)
	org.jboss.resteasy.core.SynchronousDispatcher.handleInvokerException(SynchronousDispatcher.java:196)
	org.jboss.resteasy.core.SynchronousDispatcher.getResponse(SynchronousDispatcher.java:551)
	org.jboss.resteasy.core.SynchronousDispatcher.invoke(SynchronousDispatcher.java:513)
	org.jboss.resteasy.core.SynchronousDispatcher.invoke(SynchronousDispatcher.java:125)
	org.jboss.resteasy.plugins.server.servlet.ServletContainerDispatcher.service(ServletContainerDispatcher.java:208)
	org.jboss.resteasy.plugins.server.servlet.HttpServletDispatcher.service(HttpServletDispatcher.java:55)
	org.jboss.resteasy.plugins.server.servlet.HttpServletDispatcher.service(HttpServletDispatcher.java:50)
	javax.servlet.http.HttpServlet.service(HttpServlet.java:727)
	org.apache.tomcat.websocket.server.WsFilter.doFilter(WsFilter.java:52)
</pre></p><p><b>root cause</b> <pre>java.lang.NullPointerException
	cn.flying.rest.onlinefile.users.service.impl.UserWSImpl.getUserInitInfo(UserWSImpl.java:270)
	sun.reflect.NativeMethodAccessorImpl.invoke0(Native Method)
	sun.reflect.NativeMethodAccessorImpl.invoke(NativeMethodAccessorImpl.java:57)
	sun.reflect.DelegatingMethodAccessorImpl.invoke(DelegatingMethodAccessorImpl.java:43)
	java.lang.reflect.Method.invoke(Method.java:606)
	org.jboss.resteasy.core.MethodInjectorImpl.invoke(MethodInjectorImpl.java:167)
	org.jboss.resteasy.core.ResourceMethod.invokeOnTarget(ResourceMethod.java:257)
	org.jboss.resteasy.core.ResourceMethod.invoke(ResourceMethod.java:222)
	org.jboss.resteasy.core.ResourceMethod.invoke(ResourceMethod.java:211)
	org.jboss.resteasy.core.SynchronousDispatcher.getResponse(SynchronousDispatcher.java:536)
	org.jboss.resteasy.core.SynchronousDispatcher.invoke(SynchronousDispatcher.java:513)
	org.jboss.resteasy.core.SynchronousDispatcher.invoke(SynchronousDispatcher.java:125)
	org.jboss.resteasy.plugins.server.servlet.ServletContainerDispatcher.service(ServletContainerDispatcher.java:208)
	org.jboss.resteasy.plugins.server.servlet.HttpServletDispatcher.service(HttpServletDispatcher.java:55)
	org.jboss.resteasy.plugins.server.servlet.HttpServletDispatcher.service(HttpServletDispatcher.java:50)
	javax.servlet.http.HttpServlet.service(HttpServlet.java:727)
	org.apache.tomcat.websocket.server.WsFilter.doFilter(WsFilter.java:52)
</pre></p><p><b>note</b> <u>The full stack trace of the root cause is available in the Apache Tomcat/7.0.52 logs.</u></p><HR size="1" noshade="noshade"><h3>Apache Tomcat/7.0.52</h3></body></html>", "time":"0.099549055099487"}

INFO - {"user":"337106161@qq.com","time":"2015-09-09 15:29:00"}
REQUEST - {"url":"http://168.168.169.100:8080/essoaapp/rest/userqueryservice/getUserByUserName/337106161@qq.com", "method":"GET", "params":"", "content-type":""}
RESPONSE - {"code":"404", "content-type":"text/html", "message":"0", "reponse":"<html><head><title>Apache Tomcat/7.0.52 - Error report</title><style><!--H1 {font-family:Tahoma,Arial,sans-serif;color:white;background-color:#525D76;font-size:22px;} H2 {font-family:Tahoma,Arial,sans-serif;color:white;background-color:#525D76;font-size:16px;} H3 {font-family:Tahoma,Arial,sans-serif;color:white;background-color:#525D76;font-size:14px;} BODY {font-family:Tahoma,Arial,sans-serif;color:black;background-color:white;} B {font-family:Tahoma,Arial,sans-serif;color:white;background-color:#525D76;} P {font-family:Tahoma,Arial,sans-serif;background:white;color:black;font-size:12px;}A {color : black;}A.name {color : black;}HR {color : #525D76;}--></style> </head><body><h1>HTTP Status 404 - /essoaapp/rest/userqueryservice/getUserByUserName/337106161@qq.com</h1><HR size="1" noshade="noshade"><p><b>type</b> Status report</p><p><b>message</b> <u>/essoaapp/rest/userqueryservice/getUserByUserName/337106161@qq.com</u></p><p><b>description</b> <u>The requested resource is not available.</u></p><HR size="1" noshade="noshade"><h3>Apache Tomcat/7.0.52</h3></body></html>", "time":"0.046146154403687"}

INFO - {"user":"337106161@qq.com","time":"2015-09-09 15:29:01"}
REQUEST - {"url":"http://168.168.169.100:8080/essoaapp/rest/userqueryservice/getUserByUserName/337106161@qq.com", "method":"GET", "params":"", "content-type":""}
RESPONSE - {"code":"404", "content-type":"text/html", "message":"0", "reponse":"<html><head><title>Apache Tomcat/7.0.52 - Error report</title><style><!--H1 {font-family:Tahoma,Arial,sans-serif;color:white;background-color:#525D76;font-size:22px;} H2 {font-family:Tahoma,Arial,sans-serif;color:white;background-color:#525D76;font-size:16px;} H3 {font-family:Tahoma,Arial,sans-serif;color:white;background-color:#525D76;font-size:14px;} BODY {font-family:Tahoma,Arial,sans-serif;color:black;background-color:white;} B {font-family:Tahoma,Arial,sans-serif;color:white;background-color:#525D76;} P {font-family:Tahoma,Arial,sans-serif;background:white;color:black;font-size:12px;}A {color : black;}A.name {color : black;}HR {color : #525D76;}--></style> </head><body><h1>HTTP Status 404 - /essoaapp/rest/userqueryservice/getUserByUserName/337106161@qq.com</h1><HR size="1" noshade="noshade"><p><b>type</b> Status report</p><p><b>message</b> <u>/essoaapp/rest/userqueryservice/getUserByUserName/337106161@qq.com</u></p><p><b>description</b> <u>The requested resource is not available.</u></p><HR size="1" noshade="noshade"><h3>Apache Tomcat/7.0.52</h3></body></html>", "time":"0.0059239864349365"}

INFO - {"user":"337106161@qq.com","time":"2015-09-09 15:29:07"}
REQUEST - {"url":"http://168.168.169.100:8080/essoaapp/rest/userqueryservice/getUserByUserName/337106161@qq.com", "method":"GET", "params":"", "content-type":""}
RESPONSE - {"code":"404", "content-type":"text/html", "message":"0", "reponse":"<html><head><title>Apache Tomcat/7.0.52 - Error report</title><style><!--H1 {font-family:Tahoma,Arial,sans-serif;color:white;background-color:#525D76;font-size:22px;} H2 {font-family:Tahoma,Arial,sans-serif;color:white;background-color:#525D76;font-size:16px;} H3 {font-family:Tahoma,Arial,sans-serif;color:white;background-color:#525D76;font-size:14px;} BODY {font-family:Tahoma,Arial,sans-serif;color:black;background-color:white;} B {font-family:Tahoma,Arial,sans-serif;color:white;background-color:#525D76;} P {font-family:Tahoma,Arial,sans-serif;background:white;color:black;font-size:12px;}A {color : black;}A.name {color : black;}HR {color : #525D76;}--></style> </head><body><h1>HTTP Status 404 - /essoaapp/rest/userqueryservice/getUserByUserName/337106161@qq.com</h1><HR size="1" noshade="noshade"><p><b>type</b> Status report</p><p><b>message</b> <u>/essoaapp/rest/userqueryservice/getUserByUserName/337106161@qq.com</u></p><p><b>description</b> <u>The requested resource is not available.</u></p><HR size="1" noshade="noshade"><h3>Apache Tomcat/7.0.52</h3></body></html>", "time":"0.095611095428467"}

INFO - {"user":"337106161@qq.com","time":"2015-09-09 15:29:07"}
REQUEST - {"url":"http://168.168.169.100:8080/essoaapp/rest/userqueryservice/getUserByUserName/337106161@qq.com", "method":"GET", "params":"", "content-type":""}
RESPONSE - {"code":"404", "content-type":"text/html", "message":"0", "reponse":"<html><head><title>Apache Tomcat/7.0.52 - Error report</title><style><!--H1 {font-family:Tahoma,Arial,sans-serif;color:white;background-color:#525D76;font-size:22px;} H2 {font-family:Tahoma,Arial,sans-serif;color:white;background-color:#525D76;font-size:16px;} H3 {font-family:Tahoma,Arial,sans-serif;color:white;background-color:#525D76;font-size:14px;} BODY {font-family:Tahoma,Arial,sans-serif;color:black;background-color:white;} B {font-family:Tahoma,Arial,sans-serif;color:white;background-color:#525D76;} P {font-family:Tahoma,Arial,sans-serif;background:white;color:black;font-size:12px;}A {color : black;}A.name {color : black;}HR {color : #525D76;}--></style> </head><body><h1>HTTP Status 404 - /essoaapp/rest/userqueryservice/getUserByUserName/337106161@qq.com</h1><HR size="1" noshade="noshade"><p><b>type</b> Status report</p><p><b>message</b> <u>/essoaapp/rest/userqueryservice/getUserByUserName/337106161@qq.com</u></p><p><b>description</b> <u>The requested resource is not available.</u></p><HR size="1" noshade="noshade"><h3>Apache Tomcat/7.0.52</h3></body></html>", "time":"0.0086920261383057"}

INFO - {"user":"337106161@qq.com","time":"2015-09-09 15:30:24"}
REQUEST - {"url":"http://168.168.169.100:8080/essoaapp/rest/userqueryservice/getUserByUserName/337106161@qq.com", "method":"GET", "params":"", "content-type":""}
RESPONSE - {"code":"404", "content-type":"text/html", "message":"0", "reponse":"<html><head><title>Apache Tomcat/7.0.52 - Error report</title><style><!--H1 {font-family:Tahoma,Arial,sans-serif;color:white;background-color:#525D76;font-size:22px;} H2 {font-family:Tahoma,Arial,sans-serif;color:white;background-color:#525D76;font-size:16px;} H3 {font-family:Tahoma,Arial,sans-serif;color:white;background-color:#525D76;font-size:14px;} BODY {font-family:Tahoma,Arial,sans-serif;color:black;background-color:white;} B {font-family:Tahoma,Arial,sans-serif;color:white;background-color:#525D76;} P {font-family:Tahoma,Arial,sans-serif;background:white;color:black;font-size:12px;}A {color : black;}A.name {color : black;}HR {color : #525D76;}--></style> </head><body><h1>HTTP Status 404 - /essoaapp/rest/userqueryservice/getUserByUserName/337106161@qq.com</h1><HR size="1" noshade="noshade"><p><b>type</b> Status report</p><p><b>message</b> <u>/essoaapp/rest/userqueryservice/getUserByUserName/337106161@qq.com</u></p><p><b>description</b> <u>The requested resource is not available.</u></p><HR size="1" noshade="noshade"><h3>Apache Tomcat/7.0.52</h3></body></html>", "time":"0.054184913635254"}

INFO - {"user":"337106161@qq.com","time":"2015-09-09 15:30:24"}
REQUEST - {"url":"http://168.168.169.100:8080/essoaapp/rest/userqueryservice/getUserByUserName/337106161@qq.com", "method":"GET", "params":"", "content-type":""}
RESPONSE - {"code":"404", "content-type":"text/html", "message":"0", "reponse":"<html><head><title>Apache Tomcat/7.0.52 - Error report</title><style><!--H1 {font-family:Tahoma,Arial,sans-serif;color:white;background-color:#525D76;font-size:22px;} H2 {font-family:Tahoma,Arial,sans-serif;color:white;background-color:#525D76;font-size:16px;} H3 {font-family:Tahoma,Arial,sans-serif;color:white;background-color:#525D76;font-size:14px;} BODY {font-family:Tahoma,Arial,sans-serif;color:black;background-color:white;} B {font-family:Tahoma,Arial,sans-serif;color:white;background-color:#525D76;} P {font-family:Tahoma,Arial,sans-serif;background:white;color:black;font-size:12px;}A {color : black;}A.name {color : black;}HR {color : #525D76;}--></style> </head><body><h1>HTTP Status 404 - /essoaapp/rest/userqueryservice/getUserByUserName/337106161@qq.com</h1><HR size="1" noshade="noshade"><p><b>type</b> Status report</p><p><b>message</b> <u>/essoaapp/rest/userqueryservice/getUserByUserName/337106161@qq.com</u></p><p><b>description</b> <u>The requested resource is not available.</u></p><HR size="1" noshade="noshade"><h3>Apache Tomcat/7.0.52</h3></body></html>", "time":"0.0060408115386963"}

INFO - {"user":"337106161@qq.com","time":"2015-09-09 15:31:19"}
REQUEST - {"url":"http://168.168.169.100:8080/essoaapp/rest/userqueryservice/getUserByUserName/337106161@qq.com", "method":"GET", "params":"", "content-type":""}
RESPONSE - {"code":"404", "content-type":"text/html", "message":"0", "reponse":"<html><head><title>Apache Tomcat/7.0.52 - Error report</title><style><!--H1 {font-family:Tahoma,Arial,sans-serif;color:white;background-color:#525D76;font-size:22px;} H2 {font-family:Tahoma,Arial,sans-serif;color:white;background-color:#525D76;font-size:16px;} H3 {font-family:Tahoma,Arial,sans-serif;color:white;background-color:#525D76;font-size:14px;} BODY {font-family:Tahoma,Arial,sans-serif;color:black;background-color:white;} B {font-family:Tahoma,Arial,sans-serif;color:white;background-color:#525D76;} P {font-family:Tahoma,Arial,sans-serif;background:white;color:black;font-size:12px;}A {color : black;}A.name {color : black;}HR {color : #525D76;}--></style> </head><body><h1>HTTP Status 404 - /essoaapp/rest/userqueryservice/getUserByUserName/337106161@qq.com</h1><HR size="1" noshade="noshade"><p><b>type</b> Status report</p><p><b>message</b> <u>/essoaapp/rest/userqueryservice/getUserByUserName/337106161@qq.com</u></p><p><b>description</b> <u>The requested resource is not available.</u></p><HR size="1" noshade="noshade"><h3>Apache Tomcat/7.0.52</h3></body></html>", "time":"0.012861967086792"}

INFO - {"user":"337106161@qq.com","time":"2015-09-09 15:31:19"}
REQUEST - {"url":"http://168.168.169.100:8080/essoaapp/rest/userqueryservice/getUserByUserName/337106161@qq.com", "method":"GET", "params":"", "content-type":""}
RESPONSE - {"code":"404", "content-type":"text/html", "message":"0", "reponse":"<html><head><title>Apache Tomcat/7.0.52 - Error report</title><style><!--H1 {font-family:Tahoma,Arial,sans-serif;color:white;background-color:#525D76;font-size:22px;} H2 {font-family:Tahoma,Arial,sans-serif;color:white;background-color:#525D76;font-size:16px;} H3 {font-family:Tahoma,Arial,sans-serif;color:white;background-color:#525D76;font-size:14px;} BODY {font-family:Tahoma,Arial,sans-serif;color:black;background-color:white;} B {font-family:Tahoma,Arial,sans-serif;color:white;background-color:#525D76;} P {font-family:Tahoma,Arial,sans-serif;background:white;color:black;font-size:12px;}A {color : black;}A.name {color : black;}HR {color : #525D76;}--></style> </head><body><h1>HTTP Status 404 - /essoaapp/rest/userqueryservice/getUserByUserName/337106161@qq.com</h1><HR size="1" noshade="noshade"><p><b>type</b> Status report</p><p><b>message</b> <u>/essoaapp/rest/userqueryservice/getUserByUserName/337106161@qq.com</u></p><p><b>description</b> <u>The requested resource is not available.</u></p><HR size="1" noshade="noshade"><h3>Apache Tomcat/7.0.52</h3></body></html>", "time":"0.009984016418457"}

INFO - {"user":"337106161@qq.com","time":"2015-09-09 15:31:22"}
REQUEST - {"url":"http://168.168.169.100:8080/essoaapp/rest/userqueryservice/getUserByUserName/337106161@qq.com", "method":"GET", "params":"", "content-type":""}
RESPONSE - {"code":"404", "content-type":"text/html", "message":"0", "reponse":"<html><head><title>Apache Tomcat/7.0.52 - Error report</title><style><!--H1 {font-family:Tahoma,Arial,sans-serif;color:white;background-color:#525D76;font-size:22px;} H2 {font-family:Tahoma,Arial,sans-serif;color:white;background-color:#525D76;font-size:16px;} H3 {font-family:Tahoma,Arial,sans-serif;color:white;background-color:#525D76;font-size:14px;} BODY {font-family:Tahoma,Arial,sans-serif;color:black;background-color:white;} B {font-family:Tahoma,Arial,sans-serif;color:white;background-color:#525D76;} P {font-family:Tahoma,Arial,sans-serif;background:white;color:black;font-size:12px;}A {color : black;}A.name {color : black;}HR {color : #525D76;}--></style> </head><body><h1>HTTP Status 404 - /essoaapp/rest/userqueryservice/getUserByUserName/337106161@qq.com</h1><HR size="1" noshade="noshade"><p><b>type</b> Status report</p><p><b>message</b> <u>/essoaapp/rest/userqueryservice/getUserByUserName/337106161@qq.com</u></p><p><b>description</b> <u>The requested resource is not available.</u></p><HR size="1" noshade="noshade"><h3>Apache Tomcat/7.0.52</h3></body></html>", "time":"0.02768611907959"}

INFO - {"user":"337106161@qq.com","time":"2015-09-09 15:31:23"}
REQUEST - {"url":"http://168.168.169.100:8080/essoaapp/rest/userqueryservice/getUserByUserName/337106161@qq.com", "method":"GET", "params":"", "content-type":""}
RESPONSE - {"code":"404", "content-type":"text/html", "message":"0", "reponse":"<html><head><title>Apache Tomcat/7.0.52 - Error report</title><style><!--H1 {font-family:Tahoma,Arial,sans-serif;color:white;background-color:#525D76;font-size:22px;} H2 {font-family:Tahoma,Arial,sans-serif;color:white;background-color:#525D76;font-size:16px;} H3 {font-family:Tahoma,Arial,sans-serif;color:white;background-color:#525D76;font-size:14px;} BODY {font-family:Tahoma,Arial,sans-serif;color:black;background-color:white;} B {font-family:Tahoma,Arial,sans-serif;color:white;background-color:#525D76;} P {font-family:Tahoma,Arial,sans-serif;background:white;color:black;font-size:12px;}A {color : black;}A.name {color : black;}HR {color : #525D76;}--></style> </head><body><h1>HTTP Status 404 - /essoaapp/rest/userqueryservice/getUserByUserName/337106161@qq.com</h1><HR size="1" noshade="noshade"><p><b>type</b> Status report</p><p><b>message</b> <u>/essoaapp/rest/userqueryservice/getUserByUserName/337106161@qq.com</u></p><p><b>description</b> <u>The requested resource is not available.</u></p><HR size="1" noshade="noshade"><h3>Apache Tomcat/7.0.52</h3></body></html>", "time":"0.0081250667572021"}

INFO - {"user":"337106161@qq.com","time":"2015-09-09 15:31:42"}
REQUEST - {"url":"http://168.168.169.100:8080/essoaapp/rest/userqueryservice/getUserByUserName/337106161@qq.com", "method":"GET", "params":"", "content-type":""}
RESPONSE - {"code":"404", "content-type":"text/html", "message":"0", "reponse":"<html><head><title>Apache Tomcat/7.0.52 - Error report</title><style><!--H1 {font-family:Tahoma,Arial,sans-serif;color:white;background-color:#525D76;font-size:22px;} H2 {font-family:Tahoma,Arial,sans-serif;color:white;background-color:#525D76;font-size:16px;} H3 {font-family:Tahoma,Arial,sans-serif;color:white;background-color:#525D76;font-size:14px;} BODY {font-family:Tahoma,Arial,sans-serif;color:black;background-color:white;} B {font-family:Tahoma,Arial,sans-serif;color:white;background-color:#525D76;} P {font-family:Tahoma,Arial,sans-serif;background:white;color:black;font-size:12px;}A {color : black;}A.name {color : black;}HR {color : #525D76;}--></style> </head><body><h1>HTTP Status 404 - /essoaapp/rest/userqueryservice/getUserByUserName/337106161@qq.com</h1><HR size="1" noshade="noshade"><p><b>type</b> Status report</p><p><b>message</b> <u>/essoaapp/rest/userqueryservice/getUserByUserName/337106161@qq.com</u></p><p><b>description</b> <u>The requested resource is not available.</u></p><HR size="1" noshade="noshade"><h3>Apache Tomcat/7.0.52</h3></body></html>", "time":"0.02910304069519"}

INFO - {"user":"337106161@qq.com","time":"2015-09-09 15:31:42"}
REQUEST - {"url":"http://168.168.169.100:8080/essoaapp/rest/userqueryservice/getUserByUserName/337106161@qq.com", "method":"GET", "params":"", "content-type":""}
RESPONSE - {"code":"404", "content-type":"text/html", "message":"0", "reponse":"<html><head><title>Apache Tomcat/7.0.52 - Error report</title><style><!--H1 {font-family:Tahoma,Arial,sans-serif;color:white;background-color:#525D76;font-size:22px;} H2 {font-family:Tahoma,Arial,sans-serif;color:white;background-color:#525D76;font-size:16px;} H3 {font-family:Tahoma,Arial,sans-serif;color:white;background-color:#525D76;font-size:14px;} BODY {font-family:Tahoma,Arial,sans-serif;color:black;background-color:white;} B {font-family:Tahoma,Arial,sans-serif;color:white;background-color:#525D76;} P {font-family:Tahoma,Arial,sans-serif;background:white;color:black;font-size:12px;}A {color : black;}A.name {color : black;}HR {color : #525D76;}--></style> </head><body><h1>HTTP Status 404 - /essoaapp/rest/userqueryservice/getUserByUserName/337106161@qq.com</h1><HR size="1" noshade="noshade"><p><b>type</b> Status report</p><p><b>message</b> <u>/essoaapp/rest/userqueryservice/getUserByUserName/337106161@qq.com</u></p><p><b>description</b> <u>The requested resource is not available.</u></p><HR size="1" noshade="noshade"><h3>Apache Tomcat/7.0.52</h3></body></html>", "time":"0.005795955657959"}

