INFO - {"user":"admin","time":"2014-12-14 17:51:34"}
REQUEST - {"url":"http://127.0.0.1:8080/essoaapp/rest/escloud_logservice/saveLog", "method":"POST", "params":"{"userid":"admin","ip":"127.0.0.1","logtype":"access"}", "content-type":"application/json;charset=UTF-8"}
RESPONSE - {"code":"404", "content-type":"text/html", "message":"0", "reponse":"<html><head><title>Apache Tomcat/7.0.39 - Error report</title><style><!--H1 {font-family:Tahoma,Arial,sans-serif;color:white;background-color:#525D76;font-size:22px;} H2 {font-family:Tahoma,Arial,sans-serif;color:white;background-color:#525D76;font-size:16px;} H3 {font-family:Tahoma,Arial,sans-serif;color:white;background-color:#525D76;font-size:14px;} BODY {font-family:Tahoma,Arial,sans-serif;color:black;background-color:white;} B {font-family:Tahoma,Arial,sans-serif;color:white;background-color:#525D76;} P {font-family:Tahoma,Arial,sans-serif;background:white;color:black;font-size:12px;}A {color : black;}A.name {color : black;}HR {color : #525D76;}--></style> </head><body><h1>HTTP Status 404 - </h1><HR size="1" noshade="noshade"><p><b>type</b> Status report</p><p><b>message</b> <u></u></p><p><b>description</b> <u>The requested resource is not available.</u></p><HR size="1" noshade="noshade"><h3>Apache Tomcat/7.0.39</h3></body></html>", "time":"0.020766019821167"}

INFO - {"user":"admin","time":"2014-12-14 17:51:37"}
REQUEST - {"url":"http://127.0.0.1:8080/essoaapp/rest/userqueryservice/getUserByUserName/admin", "method":"GET", "params":"", "content-type":""}
RESPONSE - {"code":"404", "content-type":"text/html", "message":"0", "reponse":"<html><head><title>Apache Tomcat/7.0.39 - Error report</title><style><!--H1 {font-family:Tahoma,Arial,sans-serif;color:white;background-color:#525D76;font-size:22px;} H2 {font-family:Tahoma,Arial,sans-serif;color:white;background-color:#525D76;font-size:16px;} H3 {font-family:Tahoma,Arial,sans-serif;color:white;background-color:#525D76;font-size:14px;} BODY {font-family:Tahoma,Arial,sans-serif;color:black;background-color:white;} B {font-family:Tahoma,Arial,sans-serif;color:white;background-color:#525D76;} P {font-family:Tahoma,Arial,sans-serif;background:white;color:black;font-size:12px;}A {color : black;}A.name {color : black;}HR {color : #525D76;}--></style> </head><body><h1>HTTP Status 404 - </h1><HR size="1" noshade="noshade"><p><b>type</b> Status report</p><p><b>message</b> <u></u></p><p><b>description</b> <u>The requested resource is not available.</u></p><HR size="1" noshade="noshade"><h3>Apache Tomcat/7.0.39</h3></body></html>", "time":"0.001533031463623"}

INFO - {"user":"admin","time":"2014-12-14 17:58:58"}
REQUEST - {"url":"http://127.0.0.1:8080/essoaapp/rest/escloud_businesseditws/getInfoByBoxID", "method":"POST", "params":"{"boxId":"","path":"-archive_4-151@_-@91","start":0,"limit":"20","userid":"admin","keyword":""}", "content-type":"application/json;charset=UTF-8"}
RESPONSE - {"code":"500", "content-type":"text/html", "message":"0", "reponse":"<html><head><title>Apache Tomcat/7.0.39 - Error report</title><style><!--H1 {font-family:Tahoma,Arial,sans-serif;color:white;background-color:#525D76;font-size:22px;} H2 {font-family:Tahoma,Arial,sans-serif;color:white;background-color:#525D76;font-size:16px;} H3 {font-family:Tahoma,Arial,sans-serif;color:white;background-color:#525D76;font-size:14px;} BODY {font-family:Tahoma,Arial,sans-serif;color:black;background-color:white;} B {font-family:Tahoma,Arial,sans-serif;color:white;background-color:#525D76;} P {font-family:Tahoma,Arial,sans-serif;background:white;color:black;font-size:12px;}A {color : black;}A.name {color : black;}HR {color : #525D76;}--></style> </head><body><h1>HTTP Status 500 - java.lang.NumberFormatException: For input string: &quot;&quot;</h1><HR size="1" noshade="noshade"><p><b>type</b> Exception report</p><p><b>message</b> <u>java.lang.NumberFormatException: For input string: &quot;&quot;</u></p><p><b>description</b> <u>The server encountered an internal error that prevented it from fulfilling this request.</u></p><p><b>exception</b> <pre>org.jboss.resteasy.spi.UnhandledException: java.lang.NumberFormatException: For input string: &quot;&quot;
	org.jboss.resteasy.core.SynchronousDispatcher.handleApplicationException(SynchronousDispatcher.java:351)
	org.jboss.resteasy.core.SynchronousDispatcher.handleException(SynchronousDispatcher.java:220)
	org.jboss.resteasy.core.SynchronousDispatcher.handleInvokerException(SynchronousDispatcher.java:196)
	org.jboss.resteasy.core.SynchronousDispatcher.getResponse(SynchronousDispatcher.java:551)
	org.jboss.resteasy.core.SynchronousDispatcher.invoke(SynchronousDispatcher.java:513)
	org.jboss.resteasy.core.SynchronousDispatcher.invoke(SynchronousDispatcher.java:125)
	org.jboss.resteasy.plugins.server.servlet.ServletContainerDispatcher.service(ServletContainerDispatcher.java:208)
	org.jboss.resteasy.plugins.server.servlet.HttpServletDispatcher.service(HttpServletDispatcher.java:55)
	org.jboss.resteasy.plugins.server.servlet.HttpServletDispatcher.service(HttpServletDispatcher.java:50)
	javax.servlet.http.HttpServlet.service(HttpServlet.java:728)
</pre></p><p><b>root cause</b> <pre>java.lang.NumberFormatException: For input string: &quot;&quot;
	java.lang.NumberFormatException.forInputString(NumberFormatException.java:48)
	java.lang.Integer.parseInt(Integer.java:470)
	java.lang.Integer.parseInt(Integer.java:499)
	cn.flying.rest.BusinessEditWS.service.impl.BusinessEditWSImpl.getInfoByBoxID(BusinessEditWSImpl.java:4218)
	sun.reflect.NativeMethodAccessorImpl.invoke0(Native Method)
	sun.reflect.NativeMethodAccessorImpl.invoke(NativeMethodAccessorImpl.java:39)
	sun.reflect.DelegatingMethodAccessorImpl.invoke(DelegatingMethodAccessorImpl.java:25)
	java.lang.reflect.Method.invoke(Method.java:597)
	org.jboss.resteasy.core.MethodInjectorImpl.invoke(MethodInjectorImpl.java:167)
	org.jboss.resteasy.core.ResourceMethod.invokeOnTarget(ResourceMethod.java:257)
	org.jboss.resteasy.core.ResourceMethod.invoke(ResourceMethod.java:222)
	org.jboss.resteasy.core.ResourceMethod.invoke(ResourceMethod.java:211)
	org.jboss.resteasy.core.SynchronousDispatcher.getResponse(SynchronousDispatcher.java:536)
	org.jboss.resteasy.core.SynchronousDispatcher.invoke(SynchronousDispatcher.java:513)
	org.jboss.resteasy.core.SynchronousDispatcher.invoke(SynchronousDispatcher.java:125)
	org.jboss.resteasy.plugins.server.servlet.ServletContainerDispatcher.service(ServletContainerDispatcher.java:208)
	org.jboss.resteasy.plugins.server.servlet.HttpServletDispatcher.service(HttpServletDispatcher.java:55)
	org.jboss.resteasy.plugins.server.servlet.HttpServletDispatcher.service(HttpServletDispatcher.java:50)
	javax.servlet.http.HttpServlet.service(HttpServlet.java:728)
</pre></p><p><b>note</b> <u>The full stack trace of the root cause is available in the Apache Tomcat/7.0.39 logs.</u></p><HR size="1" noshade="noshade"><h3>Apache Tomcat/7.0.39</h3></body></html>", "time":"0.039750099182129"}

INFO - {"user":"U_ANONYMOUS","time":"2014-12-14 18:34:57"}
REQUEST - {"url":"http://127.0.0.1:8080/essoaapp/rest/userqueryservice/getUserByUserName/U_ANONYMOUS", "method":"GET", "params":"", "content-type":""}
RESPONSE - {"code":"204", "content-type":"", "message":"0", "reponse":"", "time":"0.02718710899353"}

INFO - {"user":"U_ANONYMOUS","time":"2014-12-14 18:40:43"}
REQUEST - {"url":"http://127.0.0.1:8080/essoaapp/rest/userqueryservice/getUserByUserName/U_ANONYMOUS", "method":"GET", "params":"", "content-type":""}
RESPONSE - {"code":"204", "content-type":"", "message":"0", "reponse":"", "time":"0.0048999786376953"}

INFO - {"user":"U_ANONYMOUS","time":"2014-12-14 19:03:17"}
REQUEST - {"url":"http://127.0.0.1:8080/essoaapp/rest/userqueryservice/getUserByUserName/U_ANONYMOUS", "method":"GET", "params":"", "content-type":""}
RESPONSE - {"code":"204", "content-type":"", "message":"0", "reponse":"", "time":"0.040915012359619"}

INFO - {"user":"U_ANONYMOUS","time":"2014-12-14 19:03:31"}
REQUEST - {"url":"http://127.0.0.1:8080/essoaapp/rest/userqueryservice/getUserByUserName/U_ANONYMOUS", "method":"GET", "params":"", "content-type":""}
RESPONSE - {"code":"204", "content-type":"", "message":"0", "reponse":"", "time":"0.029896020889282"}

INFO - {"user":"U_ANONYMOUS","time":"2014-12-14 19:04:58"}
REQUEST - {"url":"http://127.0.0.1:8080/essoaapp/rest/userqueryservice/getUserByUserName/U_ANONYMOUS", "method":"GET", "params":"", "content-type":""}
RESPONSE - {"code":"204", "content-type":"", "message":"0", "reponse":"", "time":"0.011315107345581"}

