INFO - {"user":"xwd4java@126.com","time":"2015-07-01 17:45:23"}
REQUEST - {"url":"http://127.0.0.1:8080/onlinefile/rest/onlinefileuser/getUserInitInfo/10/xwd4java@126.com", "method":"GET", "params":"", "content-type":""}
RESPONSE - {"code":"500", "content-type":"text/html", "message":"0", "reponse":"<html><head><title>Apache Tomcat/7.0.52 - Error report</title><style><!--H1 {font-family:Tahoma,Arial,sans-serif;color:white;background-color:#525D76;font-size:22px;} H2 {font-family:Tahoma,Arial,sans-serif;color:white;background-color:#525D76;font-size:16px;} H3 {font-family:Tahoma,Arial,sans-serif;color:white;background-color:#525D76;font-size:14px;} BODY {font-family:Tahoma,Arial,sans-serif;color:black;background-color:white;} B {font-family:Tahoma,Arial,sans-serif;color:white;background-color:#525D76;} P {font-family:Tahoma,Arial,sans-serif;background:white;color:black;font-size:12px;}A {color : black;}A.name {color : black;}HR {color : #525D76;}--></style> </head><body><h1>HTTP Status 500 - java.lang.RuntimeException: org.apache.http.client.ClientProtocolException</h1><HR size="1" noshade="noshade"><p><b>type</b> Exception report</p><p><b>message</b> <u>java.lang.RuntimeException: org.apache.http.client.ClientProtocolException</u></p><p><b>description</b> <u>The server encountered an internal error that prevented it from fulfilling this request.</u></p><p><b>exception</b> <pre>org.jboss.resteasy.spi.UnhandledException: java.lang.RuntimeException: org.apache.http.client.ClientProtocolException
	org.jboss.resteasy.core.SynchronousDispatcher.handleApplicationException(SynchronousDispatcher.java:351)
	org.jboss.resteasy.core.SynchronousDispatcher.handleException(SynchronousDispatcher.java:220)
	org.jboss.resteasy.core.SynchronousDispatcher.handleInvokerException(SynchronousDispatcher.java:196)
	org.jboss.resteasy.core.SynchronousDispatcher.getResponse(SynchronousDispatcher.java:551)
	org.jboss.resteasy.core.SynchronousDispatcher.invoke(SynchronousDispatcher.java:513)
	org.jboss.resteasy.core.SynchronousDispatcher.invoke(SynchronousDispatcher.java:125)
	org.jboss.resteasy.plugins.server.servlet.ServletContainerDispatcher.service(ServletContainerDispatcher.java:208)
	org.jboss.resteasy.plugins.server.servlet.HttpServletDispatcher.service(HttpServletDispatcher.java:55)
	org.jboss.resteasy.plugins.server.servlet.HttpServletDispatcher.service(HttpServletDispatcher.java:50)
	javax.servlet.http.HttpServlet.service(HttpServlet.java:727)
	org.apache.tomcat.websocket.server.WsFilter.doFilter(WsFilter.java:52)
</pre></p><p><b>root cause</b> <pre>java.lang.RuntimeException: org.apache.http.client.ClientProtocolException
	org.jboss.resteasy.client.core.ClientInvoker.invoke(ClientInvoker.java:114)
	org.jboss.resteasy.client.core.ClientProxy.invoke(ClientProxy.java:88)
	com.sun.proxy.$Proxy89.findService(Unknown Source)
	cn.flying.rest.platform.impl.ServiceProviderDispatcher.findService(ServiceProviderDispatcher.java:122)
	cn.flying.rest.platform.impl.ServiceProviderDispatcher.findService(ServiceProviderDispatcher.java:102)
	cn.flying.rest.onlinefile.utils.CacheUtils.getCacheWS(CacheUtils.java:21)
	cn.flying.rest.onlinefile.utils.CacheUtils.get(CacheUtils.java:35)
	cn.flying.rest.onlinefile.users.service.impl.UserWSImpl.getUserInitInfo(UserWSImpl.java:167)
	sun.reflect.NativeMethodAccessorImpl.invoke0(Native Method)
	sun.reflect.NativeMethodAccessorImpl.invoke(NativeMethodAccessorImpl.java:57)
	sun.reflect.DelegatingMethodAccessorImpl.invoke(DelegatingMethodAccessorImpl.java:43)
	java.lang.reflect.Method.invoke(Method.java:606)
	org.jboss.resteasy.core.MethodInjectorImpl.invoke(MethodInjectorImpl.java:167)
	org.jboss.resteasy.core.ResourceMethod.invokeOnTarget(ResourceMethod.java:257)
	org.jboss.resteasy.core.ResourceMethod.invoke(ResourceMethod.java:222)
	org.jboss.resteasy.core.ResourceMethod.invoke(ResourceMethod.java:211)
	org.jboss.resteasy.core.SynchronousDispatcher.getResponse(SynchronousDispatcher.java:536)
	org.jboss.resteasy.core.SynchronousDispatcher.invoke(SynchronousDispatcher.java:513)
	org.jboss.resteasy.core.SynchronousDispatcher.invoke(SynchronousDispatcher.java:125)
	org.jboss.resteasy.plugins.server.servlet.ServletContainerDispatcher.service(ServletContainerDispatcher.java:208)
	org.jboss.resteasy.plugins.server.servlet.HttpServletDispatcher.service(HttpServletDispatcher.java:55)
	org.jboss.resteasy.plugins.server.servlet.HttpServletDispatcher.service(HttpServletDispatcher.java:50)
	javax.servlet.http.HttpServlet.service(HttpServlet.java:727)
	org.apache.tomcat.websocket.server.WsFilter.doFilter(WsFilter.java:52)
</pre></p><p><b>root cause</b> <pre>org.apache.http.client.ClientProtocolException
	org.apache.http.impl.client.AbstractHttpClient.execute(AbstractHttpClient.java:822)
	org.apache.http.impl.client.AbstractHttpClient.execute(AbstractHttpClient.java:754)
	org.jboss.resteasy.client.core.executors.ApacheHttpClient4Executor.execute(ApacheHttpClient4Executor.java:109)
	org.jboss.resteasy.core.interception.ClientExecutionContextImpl.proceed(ClientExecutionContextImpl.java:39)
	org.jboss.resteasy.plugins.interceptors.encoding.AcceptEncodingGZIPInterceptor.execute(AcceptEncodingGZIPInterceptor.java:40)
	org.jboss.resteasy.core.interception.ClientExecutionContextImpl.proceed(ClientExecutionContextImpl.java:45)
	org.jboss.resteasy.client.ClientRequest.execute(ClientRequest.java:443)
	org.jboss.resteasy.client.ClientRequest.httpMethod(ClientRequest.java:677)
	org.jboss.resteasy.client.core.ClientInvoker.invoke(ClientInvoker.java:110)
	org.jboss.resteasy.client.core.ClientProxy.invoke(ClientProxy.java:88)
	com.sun.proxy.$Proxy89.findService(Unknown Source)
	cn.flying.rest.platform.impl.ServiceProviderDispatcher.findService(ServiceProviderDispatcher.java:122)
	cn.flying.rest.platform.impl.ServiceProviderDispatcher.findService(ServiceProviderDispatcher.java:102)
	cn.flying.rest.onlinefile.utils.CacheUtils.getCacheWS(CacheUtils.java:21)
	cn.flying.rest.onlinefile.utils.CacheUtils.get(CacheUtils.java:35)
	cn.flying.rest.onlinefile.users.service.impl.UserWSImpl.getUserInitInfo(UserWSImpl.java:167)
	sun.reflect.NativeMethodAccessorImpl.invoke0(Native Method)
	sun.reflect.NativeMethodAccessorImpl.invoke(NativeMethodAccessorImpl.java:57)
	sun.reflect.DelegatingMethodAccessorImpl.invoke(DelegatingMethodAccessorImpl.java:43)
	java.lang.reflect.Method.invoke(Method.java:606)
	org.jboss.resteasy.core.MethodInjectorImpl.invoke(MethodInjectorImpl.java:167)
	org.jboss.resteasy.core.ResourceMethod.invokeOnTarget(ResourceMethod.java:257)
	org.jboss.resteasy.core.ResourceMethod.invoke(ResourceMethod.java:222)
	org.jboss.resteasy.core.ResourceMethod.invoke(ResourceMethod.java:211)
	org.jboss.resteasy.core.SynchronousDispatcher.getResponse(SynchronousDispatcher.java:536)
	org.jboss.resteasy.core.SynchronousDispatcher.invoke(SynchronousDispatcher.java:513)
	org.jboss.resteasy.core.SynchronousDispatcher.invoke(SynchronousDispatcher.java:125)
	org.jboss.resteasy.plugins.server.servlet.ServletContainerDispatcher.service(ServletContainerDispatcher.java:208)
	org.jboss.resteasy.plugins.server.servlet.HttpServletDispatcher.service(HttpServletDispatcher.java:55)
	org.jboss.resteasy.plugins.server.servlet.HttpServletDispatcher.service(HttpServletDispatcher.java:50)
	javax.servlet.http.HttpServlet.service(HttpServlet.java:727)
	org.apache.tomcat.websocket.server.WsFilter.doFilter(WsFilter.java:52)
</pre></p><p><b>root cause</b> <pre>org.apache.http.HttpException: Scheme 'http' not registered.
	org.apache.http.impl.conn.DefaultHttpRoutePlanner.determineRoute(DefaultHttpRoutePlanner.java:115)
	org.apache.http.impl.client.DefaultRequestDirector.determineRoute(DefaultRequestDirector.java:721)
	org.apache.http.impl.client.DefaultRequestDirector.execute(DefaultRequestDirector.java:358)
	org.apache.http.impl.client.AbstractHttpClient.execute(AbstractHttpClient.java:820)
	org.apache.http.impl.client.AbstractHttpClient.execute(AbstractHttpClient.java:754)
	org.jboss.resteasy.client.core.executors.ApacheHttpClient4Executor.execute(ApacheHttpClient4Executor.java:109)
	org.jboss.resteasy.core.interception.ClientExecutionContextImpl.proceed(ClientExecutionContextImpl.java:39)
	org.jboss.resteasy.plugins.interceptors.encoding.AcceptEncodingGZIPInterceptor.execute(AcceptEncodingGZIPInterceptor.java:40)
	org.jboss.resteasy.core.interception.ClientExecutionContextImpl.proceed(ClientExecutionContextImpl.java:45)
	org.jboss.resteasy.client.ClientRequest.execute(ClientRequest.java:443)
	org.jboss.resteasy.client.ClientRequest.httpMethod(ClientRequest.java:677)
	org.jboss.resteasy.client.core.ClientInvoker.invoke(ClientInvoker.java:110)
	org.jboss.resteasy.client.core.ClientProxy.invoke(ClientProxy.java:88)
	com.sun.proxy.$Proxy89.findService(Unknown Source)
	cn.flying.rest.platform.impl.ServiceProviderDispatcher.findService(ServiceProviderDispatcher.java:122)
	cn.flying.rest.platform.impl.ServiceProviderDispatcher.findService(ServiceProviderDispatcher.java:102)
	cn.flying.rest.onlinefile.utils.CacheUtils.getCacheWS(CacheUtils.java:21)
	cn.flying.rest.onlinefile.utils.CacheUtils.get(CacheUtils.java:35)
	cn.flying.rest.onlinefile.users.service.impl.UserWSImpl.getUserInitInfo(UserWSImpl.java:167)
	sun.reflect.NativeMethodAccessorImpl.invoke0(Native Method)
	sun.reflect.NativeMethodAccessorImpl.invoke(NativeMethodAccessorImpl.java:57)
	sun.reflect.DelegatingMethodAccessorImpl.invoke(DelegatingMethodAccessorImpl.java:43)
	java.lang.reflect.Method.invoke(Method.java:606)
	org.jboss.resteasy.core.MethodInjectorImpl.invoke(MethodInjectorImpl.java:167)
	org.jboss.resteasy.core.ResourceMethod.invokeOnTarget(ResourceMethod.java:257)
	org.jboss.resteasy.core.ResourceMethod.invoke(ResourceMethod.java:222)
	org.jboss.resteasy.core.ResourceMethod.invoke(ResourceMethod.java:211)
	org.jboss.resteasy.core.SynchronousDispatcher.getResponse(SynchronousDispatcher.java:536)
	org.jboss.resteasy.core.SynchronousDispatcher.invoke(SynchronousDispatcher.java:513)
	org.jboss.resteasy.core.SynchronousDispatcher.invoke(SynchronousDispatcher.java:125)
	org.jboss.resteasy.plugins.server.servlet.ServletContainerDispatcher.service(ServletContainerDispatcher.java:208)
	org.jboss.resteasy.plugins.server.servlet.HttpServletDispatcher.service(HttpServletDispatcher.java:55)
	org.jboss.resteasy.plugins.server.servlet.HttpServletDispatcher.service(HttpServletDispatcher.java:50)
	javax.servlet.http.HttpServlet.service(HttpServlet.java:727)
	org.apache.tomcat.websocket.server.WsFilter.doFilter(WsFilter.java:52)
</pre></p><p><b>note</b> <u>The full stack trace of the root cause is available in the Apache Tomcat/7.0.52 logs.</u></p><HR size="1" noshade="noshade"><h3>Apache Tomcat/7.0.52</h3></body></html>", "time":"0.13542795181274"}

INFO - {"user":"xwd4java@126.com","time":"2015-07-01 17:47:24"}
REQUEST - {"url":"http://127.0.0.1:8080/onlinefile/rest/onlinefileuser/getUserInitInfo/10/xwd4java@126.com", "method":"GET", "params":"", "content-type":""}
RESPONSE - {"code":"-100", "content-type":"text/plain", "message":"0", "reponse":"请求超时,服务无响应", "time":"1.0237050056458"}

INFO - {"user":"xwd4java@126.com","time":"2015-07-01 17:54:40"}
REQUEST - {"url":"http://127.0.0.1:8080/onlinefile/rest/onlinefileuser/getUserInitInfo/10/xwd4java@126.com", "method":"GET", "params":"", "content-type":""}
RESPONSE - {"code":"500", "content-type":"text/html", "message":"0", "reponse":"<html><head><title>Apache Tomcat/7.0.52 - Error report</title><style><!--H1 {font-family:Tahoma,Arial,sans-serif;color:white;background-color:#525D76;font-size:22px;} H2 {font-family:Tahoma,Arial,sans-serif;color:white;background-color:#525D76;font-size:16px;} H3 {font-family:Tahoma,Arial,sans-serif;color:white;background-color:#525D76;font-size:14px;} BODY {font-family:Tahoma,Arial,sans-serif;color:black;background-color:white;} B {font-family:Tahoma,Arial,sans-serif;color:white;background-color:#525D76;} P {font-family:Tahoma,Arial,sans-serif;background:white;color:black;font-size:12px;}A {color : black;}A.name {color : black;}HR {color : #525D76;}--></style> </head><body><h1>HTTP Status 500 - java.lang.RuntimeException: org.apache.http.client.ClientProtocolException</h1><HR size="1" noshade="noshade"><p><b>type</b> Exception report</p><p><b>message</b> <u>java.lang.RuntimeException: org.apache.http.client.ClientProtocolException</u></p><p><b>description</b> <u>The server encountered an internal error that prevented it from fulfilling this request.</u></p><p><b>exception</b> <pre>org.jboss.resteasy.spi.UnhandledException: java.lang.RuntimeException: org.apache.http.client.ClientProtocolException
	org.jboss.resteasy.core.SynchronousDispatcher.handleApplicationException(SynchronousDispatcher.java:351)
	org.jboss.resteasy.core.SynchronousDispatcher.handleException(SynchronousDispatcher.java:220)
	org.jboss.resteasy.core.SynchronousDispatcher.handleInvokerException(SynchronousDispatcher.java:196)
	org.jboss.resteasy.core.SynchronousDispatcher.getResponse(SynchronousDispatcher.java:551)
	org.jboss.resteasy.core.SynchronousDispatcher.invoke(SynchronousDispatcher.java:513)
	org.jboss.resteasy.core.SynchronousDispatcher.invoke(SynchronousDispatcher.java:125)
	org.jboss.resteasy.plugins.server.servlet.ServletContainerDispatcher.service(ServletContainerDispatcher.java:208)
	org.jboss.resteasy.plugins.server.servlet.HttpServletDispatcher.service(HttpServletDispatcher.java:55)
	org.jboss.resteasy.plugins.server.servlet.HttpServletDispatcher.service(HttpServletDispatcher.java:50)
	javax.servlet.http.HttpServlet.service(HttpServlet.java:727)
	org.apache.tomcat.websocket.server.WsFilter.doFilter(WsFilter.java:52)
</pre></p><p><b>root cause</b> <pre>java.lang.RuntimeException: org.apache.http.client.ClientProtocolException
	org.jboss.resteasy.client.core.ClientInvoker.invoke(ClientInvoker.java:114)
	org.jboss.resteasy.client.core.ClientProxy.invoke(ClientProxy.java:88)
	com.sun.proxy.$Proxy89.findService(Unknown Source)
	cn.flying.rest.platform.impl.ServiceProviderDispatcher.findService(ServiceProviderDispatcher.java:122)
	cn.flying.rest.platform.impl.ServiceProviderDispatcher.findService(ServiceProviderDispatcher.java:102)
	cn.flying.rest.onlinefile.utils.CacheUtils.getCacheWS(CacheUtils.java:21)
	cn.flying.rest.onlinefile.utils.CacheUtils.get(CacheUtils.java:35)
	cn.flying.rest.onlinefile.users.service.impl.UserWSImpl.getUserInitInfo(UserWSImpl.java:167)
	sun.reflect.NativeMethodAccessorImpl.invoke0(Native Method)
	sun.reflect.NativeMethodAccessorImpl.invoke(NativeMethodAccessorImpl.java:57)
	sun.reflect.DelegatingMethodAccessorImpl.invoke(DelegatingMethodAccessorImpl.java:43)
	java.lang.reflect.Method.invoke(Method.java:606)
	org.jboss.resteasy.core.MethodInjectorImpl.invoke(MethodInjectorImpl.java:167)
	org.jboss.resteasy.core.ResourceMethod.invokeOnTarget(ResourceMethod.java:257)
	org.jboss.resteasy.core.ResourceMethod.invoke(ResourceMethod.java:222)
	org.jboss.resteasy.core.ResourceMethod.invoke(ResourceMethod.java:211)
	org.jboss.resteasy.core.SynchronousDispatcher.getResponse(SynchronousDispatcher.java:536)
	org.jboss.resteasy.core.SynchronousDispatcher.invoke(SynchronousDispatcher.java:513)
	org.jboss.resteasy.core.SynchronousDispatcher.invoke(SynchronousDispatcher.java:125)
	org.jboss.resteasy.plugins.server.servlet.ServletContainerDispatcher.service(ServletContainerDispatcher.java:208)
	org.jboss.resteasy.plugins.server.servlet.HttpServletDispatcher.service(HttpServletDispatcher.java:55)
	org.jboss.resteasy.plugins.server.servlet.HttpServletDispatcher.service(HttpServletDispatcher.java:50)
	javax.servlet.http.HttpServlet.service(HttpServlet.java:727)
	org.apache.tomcat.websocket.server.WsFilter.doFilter(WsFilter.java:52)
</pre></p><p><b>root cause</b> <pre>org.apache.http.client.ClientProtocolException
	org.apache.http.impl.client.AbstractHttpClient.execute(AbstractHttpClient.java:822)
	org.apache.http.impl.client.AbstractHttpClient.execute(AbstractHttpClient.java:754)
	org.jboss.resteasy.client.core.executors.ApacheHttpClient4Executor.execute(ApacheHttpClient4Executor.java:109)
	org.jboss.resteasy.core.interception.ClientExecutionContextImpl.proceed(ClientExecutionContextImpl.java:39)
	org.jboss.resteasy.plugins.interceptors.encoding.AcceptEncodingGZIPInterceptor.execute(AcceptEncodingGZIPInterceptor.java:40)
	org.jboss.resteasy.core.interception.ClientExecutionContextImpl.proceed(ClientExecutionContextImpl.java:45)
	org.jboss.resteasy.client.ClientRequest.execute(ClientRequest.java:443)
	org.jboss.resteasy.client.ClientRequest.httpMethod(ClientRequest.java:677)
	org.jboss.resteasy.client.core.ClientInvoker.invoke(ClientInvoker.java:110)
	org.jboss.resteasy.client.core.ClientProxy.invoke(ClientProxy.java:88)
	com.sun.proxy.$Proxy89.findService(Unknown Source)
	cn.flying.rest.platform.impl.ServiceProviderDispatcher.findService(ServiceProviderDispatcher.java:122)
	cn.flying.rest.platform.impl.ServiceProviderDispatcher.findService(ServiceProviderDispatcher.java:102)
	cn.flying.rest.onlinefile.utils.CacheUtils.getCacheWS(CacheUtils.java:21)
	cn.flying.rest.onlinefile.utils.CacheUtils.get(CacheUtils.java:35)
	cn.flying.rest.onlinefile.users.service.impl.UserWSImpl.getUserInitInfo(UserWSImpl.java:167)
	sun.reflect.NativeMethodAccessorImpl.invoke0(Native Method)
	sun.reflect.NativeMethodAccessorImpl.invoke(NativeMethodAccessorImpl.java:57)
	sun.reflect.DelegatingMethodAccessorImpl.invoke(DelegatingMethodAccessorImpl.java:43)
	java.lang.reflect.Method.invoke(Method.java:606)
	org.jboss.resteasy.core.MethodInjectorImpl.invoke(MethodInjectorImpl.java:167)
	org.jboss.resteasy.core.ResourceMethod.invokeOnTarget(ResourceMethod.java:257)
	org.jboss.resteasy.core.ResourceMethod.invoke(ResourceMethod.java:222)
	org.jboss.resteasy.core.ResourceMethod.invoke(ResourceMethod.java:211)
	org.jboss.resteasy.core.SynchronousDispatcher.getResponse(SynchronousDispatcher.java:536)
	org.jboss.resteasy.core.SynchronousDispatcher.invoke(SynchronousDispatcher.java:513)
	org.jboss.resteasy.core.SynchronousDispatcher.invoke(SynchronousDispatcher.java:125)
	org.jboss.resteasy.plugins.server.servlet.ServletContainerDispatcher.service(ServletContainerDispatcher.java:208)
	org.jboss.resteasy.plugins.server.servlet.HttpServletDispatcher.service(HttpServletDispatcher.java:55)
	org.jboss.resteasy.plugins.server.servlet.HttpServletDispatcher.service(HttpServletDispatcher.java:50)
	javax.servlet.http.HttpServlet.service(HttpServlet.java:727)
	org.apache.tomcat.websocket.server.WsFilter.doFilter(WsFilter.java:52)
</pre></p><p><b>root cause</b> <pre>org.apache.http.HttpException: Scheme 'http' not registered.
	org.apache.http.impl.conn.DefaultHttpRoutePlanner.determineRoute(DefaultHttpRoutePlanner.java:115)
	org.apache.http.impl.client.DefaultRequestDirector.determineRoute(DefaultRequestDirector.java:721)
	org.apache.http.impl.client.DefaultRequestDirector.execute(DefaultRequestDirector.java:358)
	org.apache.http.impl.client.AbstractHttpClient.execute(AbstractHttpClient.java:820)
	org.apache.http.impl.client.AbstractHttpClient.execute(AbstractHttpClient.java:754)
	org.jboss.resteasy.client.core.executors.ApacheHttpClient4Executor.execute(ApacheHttpClient4Executor.java:109)
	org.jboss.resteasy.core.interception.ClientExecutionContextImpl.proceed(ClientExecutionContextImpl.java:39)
	org.jboss.resteasy.plugins.interceptors.encoding.AcceptEncodingGZIPInterceptor.execute(AcceptEncodingGZIPInterceptor.java:40)
	org.jboss.resteasy.core.interception.ClientExecutionContextImpl.proceed(ClientExecutionContextImpl.java:45)
	org.jboss.resteasy.client.ClientRequest.execute(ClientRequest.java:443)
	org.jboss.resteasy.client.ClientRequest.httpMethod(ClientRequest.java:677)
	org.jboss.resteasy.client.core.ClientInvoker.invoke(ClientInvoker.java:110)
	org.jboss.resteasy.client.core.ClientProxy.invoke(ClientProxy.java:88)
	com.sun.proxy.$Proxy89.findService(Unknown Source)
	cn.flying.rest.platform.impl.ServiceProviderDispatcher.findService(ServiceProviderDispatcher.java:122)
	cn.flying.rest.platform.impl.ServiceProviderDispatcher.findService(ServiceProviderDispatcher.java:102)
	cn.flying.rest.onlinefile.utils.CacheUtils.getCacheWS(CacheUtils.java:21)
	cn.flying.rest.onlinefile.utils.CacheUtils.get(CacheUtils.java:35)
	cn.flying.rest.onlinefile.users.service.impl.UserWSImpl.getUserInitInfo(UserWSImpl.java:167)
	sun.reflect.NativeMethodAccessorImpl.invoke0(Native Method)
	sun.reflect.NativeMethodAccessorImpl.invoke(NativeMethodAccessorImpl.java:57)
	sun.reflect.DelegatingMethodAccessorImpl.invoke(DelegatingMethodAccessorImpl.java:43)
	java.lang.reflect.Method.invoke(Method.java:606)
	org.jboss.resteasy.core.MethodInjectorImpl.invoke(MethodInjectorImpl.java:167)
	org.jboss.resteasy.core.ResourceMethod.invokeOnTarget(ResourceMethod.java:257)
	org.jboss.resteasy.core.ResourceMethod.invoke(ResourceMethod.java:222)
	org.jboss.resteasy.core.ResourceMethod.invoke(ResourceMethod.java:211)
	org.jboss.resteasy.core.SynchronousDispatcher.getResponse(SynchronousDispatcher.java:536)
	org.jboss.resteasy.core.SynchronousDispatcher.invoke(SynchronousDispatcher.java:513)
	org.jboss.resteasy.core.SynchronousDispatcher.invoke(SynchronousDispatcher.java:125)
	org.jboss.resteasy.plugins.server.servlet.ServletContainerDispatcher.service(ServletContainerDispatcher.java:208)
	org.jboss.resteasy.plugins.server.servlet.HttpServletDispatcher.service(HttpServletDispatcher.java:55)
	org.jboss.resteasy.plugins.server.servlet.HttpServletDispatcher.service(HttpServletDispatcher.java:50)
	javax.servlet.http.HttpServlet.service(HttpServlet.java:727)
	org.apache.tomcat.websocket.server.WsFilter.doFilter(WsFilter.java:52)
</pre></p><p><b>note</b> <u>The full stack trace of the root cause is available in the Apache Tomcat/7.0.52 logs.</u></p><HR size="1" noshade="noshade"><h3>Apache Tomcat/7.0.52</h3></body></html>", "time":"0.14604806900024"}

INFO - {"user":"xwd4java@126.com","time":"2015-07-01 17:54:42"}
REQUEST - {"url":"http://127.0.0.1:8080/onlinefile/rest/onlinefileuser/getUserInitInfo/10/xwd4java@126.com", "method":"GET", "params":"", "content-type":""}
RESPONSE - {"code":"500", "content-type":"text/html", "message":"0", "reponse":"<html><head><title>Apache Tomcat/7.0.52 - Error report</title><style><!--H1 {font-family:Tahoma,Arial,sans-serif;color:white;background-color:#525D76;font-size:22px;} H2 {font-family:Tahoma,Arial,sans-serif;color:white;background-color:#525D76;font-size:16px;} H3 {font-family:Tahoma,Arial,sans-serif;color:white;background-color:#525D76;font-size:14px;} BODY {font-family:Tahoma,Arial,sans-serif;color:black;background-color:white;} B {font-family:Tahoma,Arial,sans-serif;color:white;background-color:#525D76;} P {font-family:Tahoma,Arial,sans-serif;background:white;color:black;font-size:12px;}A {color : black;}A.name {color : black;}HR {color : #525D76;}--></style> </head><body><h1>HTTP Status 500 - java.lang.RuntimeException: org.apache.http.client.ClientProtocolException</h1><HR size="1" noshade="noshade"><p><b>type</b> Exception report</p><p><b>message</b> <u>java.lang.RuntimeException: org.apache.http.client.ClientProtocolException</u></p><p><b>description</b> <u>The server encountered an internal error that prevented it from fulfilling this request.</u></p><p><b>exception</b> <pre>org.jboss.resteasy.spi.UnhandledException: java.lang.RuntimeException: org.apache.http.client.ClientProtocolException
	org.jboss.resteasy.core.SynchronousDispatcher.handleApplicationException(SynchronousDispatcher.java:351)
	org.jboss.resteasy.core.SynchronousDispatcher.handleException(SynchronousDispatcher.java:220)
	org.jboss.resteasy.core.SynchronousDispatcher.handleInvokerException(SynchronousDispatcher.java:196)
	org.jboss.resteasy.core.SynchronousDispatcher.getResponse(SynchronousDispatcher.java:551)
	org.jboss.resteasy.core.SynchronousDispatcher.invoke(SynchronousDispatcher.java:513)
	org.jboss.resteasy.core.SynchronousDispatcher.invoke(SynchronousDispatcher.java:125)
	org.jboss.resteasy.plugins.server.servlet.ServletContainerDispatcher.service(ServletContainerDispatcher.java:208)
	org.jboss.resteasy.plugins.server.servlet.HttpServletDispatcher.service(HttpServletDispatcher.java:55)
	org.jboss.resteasy.plugins.server.servlet.HttpServletDispatcher.service(HttpServletDispatcher.java:50)
	javax.servlet.http.HttpServlet.service(HttpServlet.java:727)
	org.apache.tomcat.websocket.server.WsFilter.doFilter(WsFilter.java:52)
</pre></p><p><b>root cause</b> <pre>java.lang.RuntimeException: org.apache.http.client.ClientProtocolException
	org.jboss.resteasy.client.core.ClientInvoker.invoke(ClientInvoker.java:114)
	org.jboss.resteasy.client.core.ClientProxy.invoke(ClientProxy.java:88)
	com.sun.proxy.$Proxy89.findService(Unknown Source)
	cn.flying.rest.platform.impl.ServiceProviderDispatcher.findService(ServiceProviderDispatcher.java:122)
	cn.flying.rest.platform.impl.ServiceProviderDispatcher.findService(ServiceProviderDispatcher.java:102)
	cn.flying.rest.onlinefile.utils.CacheUtils.getCacheWS(CacheUtils.java:21)
	cn.flying.rest.onlinefile.utils.CacheUtils.get(CacheUtils.java:35)
	cn.flying.rest.onlinefile.users.service.impl.UserWSImpl.getUserInitInfo(UserWSImpl.java:167)
	sun.reflect.NativeMethodAccessorImpl.invoke0(Native Method)
	sun.reflect.NativeMethodAccessorImpl.invoke(NativeMethodAccessorImpl.java:57)
	sun.reflect.DelegatingMethodAccessorImpl.invoke(DelegatingMethodAccessorImpl.java:43)
	java.lang.reflect.Method.invoke(Method.java:606)
	org.jboss.resteasy.core.MethodInjectorImpl.invoke(MethodInjectorImpl.java:167)
	org.jboss.resteasy.core.ResourceMethod.invokeOnTarget(ResourceMethod.java:257)
	org.jboss.resteasy.core.ResourceMethod.invoke(ResourceMethod.java:222)
	org.jboss.resteasy.core.ResourceMethod.invoke(ResourceMethod.java:211)
	org.jboss.resteasy.core.SynchronousDispatcher.getResponse(SynchronousDispatcher.java:536)
	org.jboss.resteasy.core.SynchronousDispatcher.invoke(SynchronousDispatcher.java:513)
	org.jboss.resteasy.core.SynchronousDispatcher.invoke(SynchronousDispatcher.java:125)
	org.jboss.resteasy.plugins.server.servlet.ServletContainerDispatcher.service(ServletContainerDispatcher.java:208)
	org.jboss.resteasy.plugins.server.servlet.HttpServletDispatcher.service(HttpServletDispatcher.java:55)
	org.jboss.resteasy.plugins.server.servlet.HttpServletDispatcher.service(HttpServletDispatcher.java:50)
	javax.servlet.http.HttpServlet.service(HttpServlet.java:727)
	org.apache.tomcat.websocket.server.WsFilter.doFilter(WsFilter.java:52)
</pre></p><p><b>root cause</b> <pre>org.apache.http.client.ClientProtocolException
	org.apache.http.impl.client.AbstractHttpClient.execute(AbstractHttpClient.java:822)
	org.apache.http.impl.client.AbstractHttpClient.execute(AbstractHttpClient.java:754)
	org.jboss.resteasy.client.core.executors.ApacheHttpClient4Executor.execute(ApacheHttpClient4Executor.java:109)
	org.jboss.resteasy.core.interception.ClientExecutionContextImpl.proceed(ClientExecutionContextImpl.java:39)
	org.jboss.resteasy.plugins.interceptors.encoding.AcceptEncodingGZIPInterceptor.execute(AcceptEncodingGZIPInterceptor.java:40)
	org.jboss.resteasy.core.interception.ClientExecutionContextImpl.proceed(ClientExecutionContextImpl.java:45)
	org.jboss.resteasy.client.ClientRequest.execute(ClientRequest.java:443)
	org.jboss.resteasy.client.ClientRequest.httpMethod(ClientRequest.java:677)
	org.jboss.resteasy.client.core.ClientInvoker.invoke(ClientInvoker.java:110)
	org.jboss.resteasy.client.core.ClientProxy.invoke(ClientProxy.java:88)
	com.sun.proxy.$Proxy89.findService(Unknown Source)
	cn.flying.rest.platform.impl.ServiceProviderDispatcher.findService(ServiceProviderDispatcher.java:122)
	cn.flying.rest.platform.impl.ServiceProviderDispatcher.findService(ServiceProviderDispatcher.java:102)
	cn.flying.rest.onlinefile.utils.CacheUtils.getCacheWS(CacheUtils.java:21)
	cn.flying.rest.onlinefile.utils.CacheUtils.get(CacheUtils.java:35)
	cn.flying.rest.onlinefile.users.service.impl.UserWSImpl.getUserInitInfo(UserWSImpl.java:167)
	sun.reflect.NativeMethodAccessorImpl.invoke0(Native Method)
	sun.reflect.NativeMethodAccessorImpl.invoke(NativeMethodAccessorImpl.java:57)
	sun.reflect.DelegatingMethodAccessorImpl.invoke(DelegatingMethodAccessorImpl.java:43)
	java.lang.reflect.Method.invoke(Method.java:606)
	org.jboss.resteasy.core.MethodInjectorImpl.invoke(MethodInjectorImpl.java:167)
	org.jboss.resteasy.core.ResourceMethod.invokeOnTarget(ResourceMethod.java:257)
	org.jboss.resteasy.core.ResourceMethod.invoke(ResourceMethod.java:222)
	org.jboss.resteasy.core.ResourceMethod.invoke(ResourceMethod.java:211)
	org.jboss.resteasy.core.SynchronousDispatcher.getResponse(SynchronousDispatcher.java:536)
	org.jboss.resteasy.core.SynchronousDispatcher.invoke(SynchronousDispatcher.java:513)
	org.jboss.resteasy.core.SynchronousDispatcher.invoke(SynchronousDispatcher.java:125)
	org.jboss.resteasy.plugins.server.servlet.ServletContainerDispatcher.service(ServletContainerDispatcher.java:208)
	org.jboss.resteasy.plugins.server.servlet.HttpServletDispatcher.service(HttpServletDispatcher.java:55)
	org.jboss.resteasy.plugins.server.servlet.HttpServletDispatcher.service(HttpServletDispatcher.java:50)
	javax.servlet.http.HttpServlet.service(HttpServlet.java:727)
	org.apache.tomcat.websocket.server.WsFilter.doFilter(WsFilter.java:52)
</pre></p><p><b>root cause</b> <pre>org.apache.http.HttpException: Scheme 'http' not registered.
	org.apache.http.impl.conn.DefaultHttpRoutePlanner.determineRoute(DefaultHttpRoutePlanner.java:115)
	org.apache.http.impl.client.DefaultRequestDirector.determineRoute(DefaultRequestDirector.java:721)
	org.apache.http.impl.client.DefaultRequestDirector.execute(DefaultRequestDirector.java:358)
	org.apache.http.impl.client.AbstractHttpClient.execute(AbstractHttpClient.java:820)
	org.apache.http.impl.client.AbstractHttpClient.execute(AbstractHttpClient.java:754)
	org.jboss.resteasy.client.core.executors.ApacheHttpClient4Executor.execute(ApacheHttpClient4Executor.java:109)
	org.jboss.resteasy.core.interception.ClientExecutionContextImpl.proceed(ClientExecutionContextImpl.java:39)
	org.jboss.resteasy.plugins.interceptors.encoding.AcceptEncodingGZIPInterceptor.execute(AcceptEncodingGZIPInterceptor.java:40)
	org.jboss.resteasy.core.interception.ClientExecutionContextImpl.proceed(ClientExecutionContextImpl.java:45)
	org.jboss.resteasy.client.ClientRequest.execute(ClientRequest.java:443)
	org.jboss.resteasy.client.ClientRequest.httpMethod(ClientRequest.java:677)
	org.jboss.resteasy.client.core.ClientInvoker.invoke(ClientInvoker.java:110)
	org.jboss.resteasy.client.core.ClientProxy.invoke(ClientProxy.java:88)
	com.sun.proxy.$Proxy89.findService(Unknown Source)
	cn.flying.rest.platform.impl.ServiceProviderDispatcher.findService(ServiceProviderDispatcher.java:122)
	cn.flying.rest.platform.impl.ServiceProviderDispatcher.findService(ServiceProviderDispatcher.java:102)
	cn.flying.rest.onlinefile.utils.CacheUtils.getCacheWS(CacheUtils.java:21)
	cn.flying.rest.onlinefile.utils.CacheUtils.get(CacheUtils.java:35)
	cn.flying.rest.onlinefile.users.service.impl.UserWSImpl.getUserInitInfo(UserWSImpl.java:167)
	sun.reflect.NativeMethodAccessorImpl.invoke0(Native Method)
	sun.reflect.NativeMethodAccessorImpl.invoke(NativeMethodAccessorImpl.java:57)
	sun.reflect.DelegatingMethodAccessorImpl.invoke(DelegatingMethodAccessorImpl.java:43)
	java.lang.reflect.Method.invoke(Method.java:606)
	org.jboss.resteasy.core.MethodInjectorImpl.invoke(MethodInjectorImpl.java:167)
	org.jboss.resteasy.core.ResourceMethod.invokeOnTarget(ResourceMethod.java:257)
	org.jboss.resteasy.core.ResourceMethod.invoke(ResourceMethod.java:222)
	org.jboss.resteasy.core.ResourceMethod.invoke(ResourceMethod.java:211)
	org.jboss.resteasy.core.SynchronousDispatcher.getResponse(SynchronousDispatcher.java:536)
	org.jboss.resteasy.core.SynchronousDispatcher.invoke(SynchronousDispatcher.java:513)
	org.jboss.resteasy.core.SynchronousDispatcher.invoke(SynchronousDispatcher.java:125)
	org.jboss.resteasy.plugins.server.servlet.ServletContainerDispatcher.service(ServletContainerDispatcher.java:208)
	org.jboss.resteasy.plugins.server.servlet.HttpServletDispatcher.service(HttpServletDispatcher.java:55)
	org.jboss.resteasy.plugins.server.servlet.HttpServletDispatcher.service(HttpServletDispatcher.java:50)
	javax.servlet.http.HttpServlet.service(HttpServlet.java:727)
	org.apache.tomcat.websocket.server.WsFilter.doFilter(WsFilter.java:52)
</pre></p><p><b>note</b> <u>The full stack trace of the root cause is available in the Apache Tomcat/7.0.52 logs.</u></p><HR size="1" noshade="noshade"><h3>Apache Tomcat/7.0.52</h3></body></html>", "time":"0.022555112838745"}

INFO - {"user":"xwd4java@126.com","time":"2015-07-01 18:21:37"}
REQUEST - {"url":"http://127.0.0.1:8080/onlinefile/rest/onlinefileuser/getUserInitInfo/10/xwd4java@126.com", "method":"GET", "params":"", "content-type":""}
RESPONSE - {"code":"500", "content-type":"text/html", "message":"0", "reponse":"<html><head><title>Apache Tomcat/7.0.52 - Error report</title><style><!--H1 {font-family:Tahoma,Arial,sans-serif;color:white;background-color:#525D76;font-size:22px;} H2 {font-family:Tahoma,Arial,sans-serif;color:white;background-color:#525D76;font-size:16px;} H3 {font-family:Tahoma,Arial,sans-serif;color:white;background-color:#525D76;font-size:14px;} BODY {font-family:Tahoma,Arial,sans-serif;color:black;background-color:white;} B {font-family:Tahoma,Arial,sans-serif;color:white;background-color:#525D76;} P {font-family:Tahoma,Arial,sans-serif;background:white;color:black;font-size:12px;}A {color : black;}A.name {color : black;}HR {color : #525D76;}--></style> </head><body><h1>HTTP Status 500 - java.lang.RuntimeException: org.apache.http.client.ClientProtocolException</h1><HR size="1" noshade="noshade"><p><b>type</b> Exception report</p><p><b>message</b> <u>java.lang.RuntimeException: org.apache.http.client.ClientProtocolException</u></p><p><b>description</b> <u>The server encountered an internal error that prevented it from fulfilling this request.</u></p><p><b>exception</b> <pre>org.jboss.resteasy.spi.UnhandledException: java.lang.RuntimeException: org.apache.http.client.ClientProtocolException
	org.jboss.resteasy.core.SynchronousDispatcher.handleApplicationException(SynchronousDispatcher.java:351)
	org.jboss.resteasy.core.SynchronousDispatcher.handleException(SynchronousDispatcher.java:220)
	org.jboss.resteasy.core.SynchronousDispatcher.handleInvokerException(SynchronousDispatcher.java:196)
	org.jboss.resteasy.core.SynchronousDispatcher.getResponse(SynchronousDispatcher.java:551)
	org.jboss.resteasy.core.SynchronousDispatcher.invoke(SynchronousDispatcher.java:513)
	org.jboss.resteasy.core.SynchronousDispatcher.invoke(SynchronousDispatcher.java:125)
	org.jboss.resteasy.plugins.server.servlet.ServletContainerDispatcher.service(ServletContainerDispatcher.java:208)
	org.jboss.resteasy.plugins.server.servlet.HttpServletDispatcher.service(HttpServletDispatcher.java:55)
	org.jboss.resteasy.plugins.server.servlet.HttpServletDispatcher.service(HttpServletDispatcher.java:50)
	javax.servlet.http.HttpServlet.service(HttpServlet.java:727)
	org.apache.tomcat.websocket.server.WsFilter.doFilter(WsFilter.java:52)
</pre></p><p><b>root cause</b> <pre>java.lang.RuntimeException: org.apache.http.client.ClientProtocolException
	org.jboss.resteasy.client.core.ClientInvoker.invoke(ClientInvoker.java:114)
	org.jboss.resteasy.client.core.ClientProxy.invoke(ClientProxy.java:88)
	com.sun.proxy.$Proxy89.findService(Unknown Source)
	cn.flying.rest.platform.impl.ServiceProviderDispatcher.findService(ServiceProviderDispatcher.java:122)
	cn.flying.rest.platform.impl.ServiceProviderDispatcher.findService(ServiceProviderDispatcher.java:102)
	cn.flying.rest.onlinefile.utils.CacheUtils.getCacheWS(CacheUtils.java:21)
	cn.flying.rest.onlinefile.utils.CacheUtils.get(CacheUtils.java:35)
	cn.flying.rest.onlinefile.users.service.impl.UserWSImpl.getUserInitInfo(UserWSImpl.java:167)
	sun.reflect.NativeMethodAccessorImpl.invoke0(Native Method)
	sun.reflect.NativeMethodAccessorImpl.invoke(NativeMethodAccessorImpl.java:57)
	sun.reflect.DelegatingMethodAccessorImpl.invoke(DelegatingMethodAccessorImpl.java:43)
	java.lang.reflect.Method.invoke(Method.java:606)
	org.jboss.resteasy.core.MethodInjectorImpl.invoke(MethodInjectorImpl.java:167)
	org.jboss.resteasy.core.ResourceMethod.invokeOnTarget(ResourceMethod.java:257)
	org.jboss.resteasy.core.ResourceMethod.invoke(ResourceMethod.java:222)
	org.jboss.resteasy.core.ResourceMethod.invoke(ResourceMethod.java:211)
	org.jboss.resteasy.core.SynchronousDispatcher.getResponse(SynchronousDispatcher.java:536)
	org.jboss.resteasy.core.SynchronousDispatcher.invoke(SynchronousDispatcher.java:513)
	org.jboss.resteasy.core.SynchronousDispatcher.invoke(SynchronousDispatcher.java:125)
	org.jboss.resteasy.plugins.server.servlet.ServletContainerDispatcher.service(ServletContainerDispatcher.java:208)
	org.jboss.resteasy.plugins.server.servlet.HttpServletDispatcher.service(HttpServletDispatcher.java:55)
	org.jboss.resteasy.plugins.server.servlet.HttpServletDispatcher.service(HttpServletDispatcher.java:50)
	javax.servlet.http.HttpServlet.service(HttpServlet.java:727)
	org.apache.tomcat.websocket.server.WsFilter.doFilter(WsFilter.java:52)
</pre></p><p><b>root cause</b> <pre>org.apache.http.client.ClientProtocolException
	org.apache.http.impl.client.AbstractHttpClient.execute(AbstractHttpClient.java:822)
	org.apache.http.impl.client.AbstractHttpClient.execute(AbstractHttpClient.java:754)
	org.jboss.resteasy.client.core.executors.ApacheHttpClient4Executor.execute(ApacheHttpClient4Executor.java:109)
	org.jboss.resteasy.core.interception.ClientExecutionContextImpl.proceed(ClientExecutionContextImpl.java:39)
	org.jboss.resteasy.plugins.interceptors.encoding.AcceptEncodingGZIPInterceptor.execute(AcceptEncodingGZIPInterceptor.java:40)
	org.jboss.resteasy.core.interception.ClientExecutionContextImpl.proceed(ClientExecutionContextImpl.java:45)
	org.jboss.resteasy.client.ClientRequest.execute(ClientRequest.java:443)
	org.jboss.resteasy.client.ClientRequest.httpMethod(ClientRequest.java:677)
	org.jboss.resteasy.client.core.ClientInvoker.invoke(ClientInvoker.java:110)
	org.jboss.resteasy.client.core.ClientProxy.invoke(ClientProxy.java:88)
	com.sun.proxy.$Proxy89.findService(Unknown Source)
	cn.flying.rest.platform.impl.ServiceProviderDispatcher.findService(ServiceProviderDispatcher.java:122)
	cn.flying.rest.platform.impl.ServiceProviderDispatcher.findService(ServiceProviderDispatcher.java:102)
	cn.flying.rest.onlinefile.utils.CacheUtils.getCacheWS(CacheUtils.java:21)
	cn.flying.rest.onlinefile.utils.CacheUtils.get(CacheUtils.java:35)
	cn.flying.rest.onlinefile.users.service.impl.UserWSImpl.getUserInitInfo(UserWSImpl.java:167)
	sun.reflect.NativeMethodAccessorImpl.invoke0(Native Method)
	sun.reflect.NativeMethodAccessorImpl.invoke(NativeMethodAccessorImpl.java:57)
	sun.reflect.DelegatingMethodAccessorImpl.invoke(DelegatingMethodAccessorImpl.java:43)
	java.lang.reflect.Method.invoke(Method.java:606)
	org.jboss.resteasy.core.MethodInjectorImpl.invoke(MethodInjectorImpl.java:167)
	org.jboss.resteasy.core.ResourceMethod.invokeOnTarget(ResourceMethod.java:257)
	org.jboss.resteasy.core.ResourceMethod.invoke(ResourceMethod.java:222)
	org.jboss.resteasy.core.ResourceMethod.invoke(ResourceMethod.java:211)
	org.jboss.resteasy.core.SynchronousDispatcher.getResponse(SynchronousDispatcher.java:536)
	org.jboss.resteasy.core.SynchronousDispatcher.invoke(SynchronousDispatcher.java:513)
	org.jboss.resteasy.core.SynchronousDispatcher.invoke(SynchronousDispatcher.java:125)
	org.jboss.resteasy.plugins.server.servlet.ServletContainerDispatcher.service(ServletContainerDispatcher.java:208)
	org.jboss.resteasy.plugins.server.servlet.HttpServletDispatcher.service(HttpServletDispatcher.java:55)
	org.jboss.resteasy.plugins.server.servlet.HttpServletDispatcher.service(HttpServletDispatcher.java:50)
	javax.servlet.http.HttpServlet.service(HttpServlet.java:727)
	org.apache.tomcat.websocket.server.WsFilter.doFilter(WsFilter.java:52)
</pre></p><p><b>root cause</b> <pre>org.apache.http.HttpException: Scheme 'http' not registered.
	org.apache.http.impl.conn.DefaultHttpRoutePlanner.determineRoute(DefaultHttpRoutePlanner.java:115)
	org.apache.http.impl.client.DefaultRequestDirector.determineRoute(DefaultRequestDirector.java:721)
	org.apache.http.impl.client.DefaultRequestDirector.execute(DefaultRequestDirector.java:358)
	org.apache.http.impl.client.AbstractHttpClient.execute(AbstractHttpClient.java:820)
	org.apache.http.impl.client.AbstractHttpClient.execute(AbstractHttpClient.java:754)
	org.jboss.resteasy.client.core.executors.ApacheHttpClient4Executor.execute(ApacheHttpClient4Executor.java:109)
	org.jboss.resteasy.core.interception.ClientExecutionContextImpl.proceed(ClientExecutionContextImpl.java:39)
	org.jboss.resteasy.plugins.interceptors.encoding.AcceptEncodingGZIPInterceptor.execute(AcceptEncodingGZIPInterceptor.java:40)
	org.jboss.resteasy.core.interception.ClientExecutionContextImpl.proceed(ClientExecutionContextImpl.java:45)
	org.jboss.resteasy.client.ClientRequest.execute(ClientRequest.java:443)
	org.jboss.resteasy.client.ClientRequest.httpMethod(ClientRequest.java:677)
	org.jboss.resteasy.client.core.ClientInvoker.invoke(ClientInvoker.java:110)
	org.jboss.resteasy.client.core.ClientProxy.invoke(ClientProxy.java:88)
	com.sun.proxy.$Proxy89.findService(Unknown Source)
	cn.flying.rest.platform.impl.ServiceProviderDispatcher.findService(ServiceProviderDispatcher.java:122)
	cn.flying.rest.platform.impl.ServiceProviderDispatcher.findService(ServiceProviderDispatcher.java:102)
	cn.flying.rest.onlinefile.utils.CacheUtils.getCacheWS(CacheUtils.java:21)
	cn.flying.rest.onlinefile.utils.CacheUtils.get(CacheUtils.java:35)
	cn.flying.rest.onlinefile.users.service.impl.UserWSImpl.getUserInitInfo(UserWSImpl.java:167)
	sun.reflect.NativeMethodAccessorImpl.invoke0(Native Method)
	sun.reflect.NativeMethodAccessorImpl.invoke(NativeMethodAccessorImpl.java:57)
	sun.reflect.DelegatingMethodAccessorImpl.invoke(DelegatingMethodAccessorImpl.java:43)
	java.lang.reflect.Method.invoke(Method.java:606)
	org.jboss.resteasy.core.MethodInjectorImpl.invoke(MethodInjectorImpl.java:167)
	org.jboss.resteasy.core.ResourceMethod.invokeOnTarget(ResourceMethod.java:257)
	org.jboss.resteasy.core.ResourceMethod.invoke(ResourceMethod.java:222)
	org.jboss.resteasy.core.ResourceMethod.invoke(ResourceMethod.java:211)
	org.jboss.resteasy.core.SynchronousDispatcher.getResponse(SynchronousDispatcher.java:536)
	org.jboss.resteasy.core.SynchronousDispatcher.invoke(SynchronousDispatcher.java:513)
	org.jboss.resteasy.core.SynchronousDispatcher.invoke(SynchronousDispatcher.java:125)
	org.jboss.resteasy.plugins.server.servlet.ServletContainerDispatcher.service(ServletContainerDispatcher.java:208)
	org.jboss.resteasy.plugins.server.servlet.HttpServletDispatcher.service(HttpServletDispatcher.java:55)
	org.jboss.resteasy.plugins.server.servlet.HttpServletDispatcher.service(HttpServletDispatcher.java:50)
	javax.servlet.http.HttpServlet.service(HttpServlet.java:727)
	org.apache.tomcat.websocket.server.WsFilter.doFilter(WsFilter.java:52)
</pre></p><p><b>note</b> <u>The full stack trace of the root cause is available in the Apache Tomcat/7.0.52 logs.</u></p><HR size="1" noshade="noshade"><h3>Apache Tomcat/7.0.52</h3></body></html>", "time":"0.012800931930542"}

