INFO - {"user":"xwd4java@126.com","time":"2015-07-23 14:07:26"}
REQUEST - {"url":"http://127.0.0.1:8080/onlinefile/rest/onlinefile_documentclass/editClassInfo", "method":"POST", "params":"{"groupid":"","groupName":"\u6211\u7684\u5206\u7c7b\u554a\u554a\u554a\u554a\u554a\u554a\u554a\u554a\u554a\u554a\u554a\u554a\u554a\u554a\u554a\u554a","flag":"","userId":"43","classId":"","ip":"127.0.0.1","companyId":"10","mark":"is mine\u6211\u7684\u5206\u7c7b\u554a\u6211\u7684\u5206\u7c7b\u554a\u554a\u554a\u554a\u554a\u554a\u554a\u554a\u554a\u554a\u554a\u554a\u554a\u554a\u554a\u554a\u6211\u7684\u5206\u7c7b\u554a\u554a\u554a\u554a\u554a\u554a\u554a\u554a\u554a\u554a\u554a\u554a\u554a\u554a\u554a\u554a\u6211\u7684\u5206\u7c7b\u554a\u554a\u554a\u554a\u554a\u554a\u554a\u554a\u554a\u554a\u554a","username":"xwd4java@126.com"}", "content-type":"application/json;charset=UTF-8"}
RESPONSE - {"code":"-100", "content-type":"text/plain", "message":"0", "reponse":"请求超时,服务无响应", "time":"23.372725963593"}

INFO - {"user":"xwd4java@126.com","time":"2015-07-23 14:12:51"}
REQUEST - {"url":"http://127.0.0.1:8080/onlinefile/rest/onlinefile_documentclass/editClassInfo", "method":"POST", "params":"{"groupid":"52","groupName":"\u6211\u7684\u5206\u7c7b\u554a\u554a\u554a\u554a\u554a\u554a\u554a\u554a\u554a\u554a\u554a\u554a","flag":"c10g1434606743184","userId":"43","classId":"136","ip":"127.0.0.1","companyId":"10","mark":"is mine\u6211\u7684\u5206\u7c7b\u554a\u6211\u7684\u5206\u7c7b\u554a\u554a\u554a\u554a\u554a\u554a\u554a\u554a\u554a\u554a\u554a\u554a\u554a\u554a\u554a\u554a\u6211\u7684\u5206\u7c7b\u554a\u554a\u554a\u554a\u554a\u554a\u554a\u554a\u554a\u554a\u554a\u554a\u554a\u554a\u554a\u554a\u6211\u7684\u5206\u7c7b\u554a\u554a\u554a\u554a\u554a\u554a\u554a\u554a\u554a\u554a\u554a\u554a\u554a\u554a\u554a\u554a\u554a\u554a\u554a\u554a\u554a\u554a\u554a","username":"xwd4java@126.com"}", "content-type":"application/json;charset=UTF-8"}
RESPONSE - {"code":"500", "content-type":"text/html", "message":"0", "reponse":"<html><head><title>Apache Tomcat/7.0.52 - Error report</title><style><!--H1 {font-family:Tahoma,Arial,sans-serif;color:white;background-color:#525D76;font-size:22px;} H2 {font-family:Tahoma,Arial,sans-serif;color:white;background-color:#525D76;font-size:16px;} H3 {font-family:Tahoma,Arial,sans-serif;color:white;background-color:#525D76;font-size:14px;} BODY {font-family:Tahoma,Arial,sans-serif;color:black;background-color:white;} B {font-family:Tahoma,Arial,sans-serif;color:white;background-color:#525D76;} P {font-family:Tahoma,Arial,sans-serif;background:white;color:black;font-size:12px;}A {color : black;}A.name {color : black;}HR {color : #525D76;}--></style> </head><body><h1>HTTP Status 500 - java.lang.NumberFormatException: null</h1><HR size="1" noshade="noshade"><p><b>type</b> Exception report</p><p><b>message</b> <u>java.lang.NumberFormatException: null</u></p><p><b>description</b> <u>The server encountered an internal error that prevented it from fulfilling this request.</u></p><p><b>exception</b> <pre>org.jboss.resteasy.spi.UnhandledException: java.lang.NumberFormatException: null
	org.jboss.resteasy.core.SynchronousDispatcher.handleApplicationException(SynchronousDispatcher.java:351)
	org.jboss.resteasy.core.SynchronousDispatcher.handleException(SynchronousDispatcher.java:220)
	org.jboss.resteasy.core.SynchronousDispatcher.handleInvokerException(SynchronousDispatcher.java:196)
	org.jboss.resteasy.core.SynchronousDispatcher.getResponse(SynchronousDispatcher.java:551)
	org.jboss.resteasy.core.SynchronousDispatcher.invoke(SynchronousDispatcher.java:513)
	org.jboss.resteasy.core.SynchronousDispatcher.invoke(SynchronousDispatcher.java:125)
	org.jboss.resteasy.plugins.server.servlet.ServletContainerDispatcher.service(ServletContainerDispatcher.java:208)
	org.jboss.resteasy.plugins.server.servlet.HttpServletDispatcher.service(HttpServletDispatcher.java:55)
	org.jboss.resteasy.plugins.server.servlet.HttpServletDispatcher.service(HttpServletDispatcher.java:50)
	javax.servlet.http.HttpServlet.service(HttpServlet.java:727)
	org.apache.tomcat.websocket.server.WsFilter.doFilter(WsFilter.java:52)
</pre></p><p><b>root cause</b> <pre>java.lang.NumberFormatException: null
	java.lang.Integer.parseInt(Integer.java:454)
	java.lang.Integer.parseInt(Integer.java:527)
	cn.flying.rest.onlinefile.documentclass.driver.impl.DocumentClassDaoImpl.getClassByClassNameAndCompanyId(DocumentClassDaoImpl.java:607)
	sun.reflect.NativeMethodAccessorImpl.invoke0(Native Method)
	sun.reflect.NativeMethodAccessorImpl.invoke(NativeMethodAccessorImpl.java:57)
	sun.reflect.DelegatingMethodAccessorImpl.invoke(DelegatingMethodAccessorImpl.java:43)
	java.lang.reflect.Method.invoke(Method.java:606)
	org.springframework.aop.support.AopUtils.invokeJoinpointUsingReflection(AopUtils.java:318)
	org.springframework.aop.framework.ReflectiveMethodInvocation.invokeJoinpoint(ReflectiveMethodInvocation.java:183)
	org.springframework.aop.framework.ReflectiveMethodInvocation.proceed(ReflectiveMethodInvocation.java:150)
	org.springframework.transaction.interceptor.TransactionInterceptor.invoke(TransactionInterceptor.java:110)
	org.springframework.aop.framework.ReflectiveMethodInvocation.proceed(ReflectiveMethodInvocation.java:172)
	org.springframework.aop.framework.JdkDynamicAopProxy.invoke(JdkDynamicAopProxy.java:202)
	com.sun.proxy.$Proxy359.getClassByClassNameAndCompanyId(Unknown Source)
	cn.flying.rest.onlinefile.documentclass.DocumentClassWSImpl.editClassInfo(DocumentClassWSImpl.java:553)
	sun.reflect.NativeMethodAccessorImpl.invoke0(Native Method)
	sun.reflect.NativeMethodAccessorImpl.invoke(NativeMethodAccessorImpl.java:57)
	sun.reflect.DelegatingMethodAccessorImpl.invoke(DelegatingMethodAccessorImpl.java:43)
	java.lang.reflect.Method.invoke(Method.java:606)
	org.jboss.resteasy.core.MethodInjectorImpl.invoke(MethodInjectorImpl.java:167)
	org.jboss.resteasy.core.ResourceMethod.invokeOnTarget(ResourceMethod.java:257)
	org.jboss.resteasy.core.ResourceMethod.invoke(ResourceMethod.java:222)
	org.jboss.resteasy.core.ResourceMethod.invoke(ResourceMethod.java:211)
	org.jboss.resteasy.core.SynchronousDispatcher.getResponse(SynchronousDispatcher.java:536)
	org.jboss.resteasy.core.SynchronousDispatcher.invoke(SynchronousDispatcher.java:513)
	org.jboss.resteasy.core.SynchronousDispatcher.invoke(SynchronousDispatcher.java:125)
	org.jboss.resteasy.plugins.server.servlet.ServletContainerDispatcher.service(ServletContainerDispatcher.java:208)
	org.jboss.resteasy.plugins.server.servlet.HttpServletDispatcher.service(HttpServletDispatcher.java:55)
	org.jboss.resteasy.plugins.server.servlet.HttpServletDispatcher.service(HttpServletDispatcher.java:50)
	javax.servlet.http.HttpServlet.service(HttpServlet.java:727)
	org.apache.tomcat.websocket.server.WsFilter.doFilter(WsFilter.java:52)
</pre></p><p><b>note</b> <u>The full stack trace of the root cause is available in the Apache Tomcat/7.0.52 logs.</u></p><HR size="1" noshade="noshade"><h3>Apache Tomcat/7.0.52</h3></body></html>", "time":"24.233811855316"}

INFO - {"user":"xwd4java@126.com","time":"2015-07-23 14:32:10"}
REQUEST - {"url":"http://127.0.0.1:8080/onlinefile/rest/onlinefileuser/getUserCompanys/43", "method":"GET", "params":"", "content-type":""}
RESPONSE - {"code":"-100", "content-type":"text/plain", "message":"0", "reponse":"请求超时,服务无响应", "time":"1.0493929386139"}

