INFO - {"user":"U_ANONYMOUS","time":"2016-01-04 08:59:05"}
REQUEST - {"url":"http://127.0.0.1:8080/namingService/rest/namingService/findApp/0/userqueryservice/np000/U_ANONYMOUS", "method":"GET", "params":"", "content-type":""}
RESPONSE - {"code":"-100", "content-type":"text/plain", "message":"0", "reponse":"请求超时,服务无响应", "time":"1.1281089782715"}

INFO - {"user":"U_ANONYMOUS","time":"2016-01-04 09:19:35"}
REQUEST - {"url":"http://127.0.0.1:8080/namingService/rest/namingService/findApp/0/userqueryservice/np000/U_ANONYMOUS", "method":"GET", "params":"", "content-type":""}
RESPONSE - {"code":"-100", "content-type":"text/plain", "message":"0", "reponse":"请求超时,服务无响应", "time":"0.99995994567871"}

INFO - {"user":"U_ANONYMOUS","time":"2016-01-04 10:57:48"}
REQUEST - {"url":"http://127.0.0.1:8080/namingService/rest/namingService/findApp/0/userqueryservice/np000/U_ANONYMOUS", "method":"GET", "params":"", "content-type":""}
RESPONSE - {"code":"-100", "content-type":"text/plain", "message":"0", "reponse":"请求超时,服务无响应", "time":"1.0166850090027"}

INFO - {"user":"805846201@qq.com","time":"2016-01-04 13:43:42"}
REQUEST - {"url":"http://127.0.0.1:8080/essoaapp/rest/userqueryservice/getUserByUserName/805846201@qq.com", "method":"GET", "params":"", "content-type":""}
RESPONSE - {"code":"404", "content-type":"text/html", "message":"0", "reponse":"<html><head><title>Apache Tomcat/7.0.52 - Error report</title><style><!--H1 {font-family:Tahoma,Arial,sans-serif;color:white;background-color:#525D76;font-size:22px;} H2 {font-family:Tahoma,Arial,sans-serif;color:white;background-color:#525D76;font-size:16px;} H3 {font-family:Tahoma,Arial,sans-serif;color:white;background-color:#525D76;font-size:14px;} BODY {font-family:Tahoma,Arial,sans-serif;color:black;background-color:white;} B {font-family:Tahoma,Arial,sans-serif;color:white;background-color:#525D76;} P {font-family:Tahoma,Arial,sans-serif;background:white;color:black;font-size:12px;}A {color : black;}A.name {color : black;}HR {color : #525D76;}--></style> </head><body><h1>HTTP Status 404 - /essoaapp/rest/userqueryservice/getUserByUserName/805846201@qq.com</h1><HR size="1" noshade="noshade"><p><b>type</b> Status report</p><p><b>message</b> <u>/essoaapp/rest/userqueryservice/getUserByUserName/805846201@qq.com</u></p><p><b>description</b> <u>The requested resource is not available.</u></p><HR size="1" noshade="noshade"><h3>Apache Tomcat/7.0.52</h3></body></html>", "time":"0.0053849220275879"}

INFO - {"user":"805846201@qq.com","time":"2016-01-04 13:43:42"}
REQUEST - {"url":"http://127.0.0.1:8080/essoaapp/rest/userqueryservice/getUserByUserName/805846201@qq.com", "method":"GET", "params":"", "content-type":""}
RESPONSE - {"code":"404", "content-type":"text/html", "message":"0", "reponse":"<html><head><title>Apache Tomcat/7.0.52 - Error report</title><style><!--H1 {font-family:Tahoma,Arial,sans-serif;color:white;background-color:#525D76;font-size:22px;} H2 {font-family:Tahoma,Arial,sans-serif;color:white;background-color:#525D76;font-size:16px;} H3 {font-family:Tahoma,Arial,sans-serif;color:white;background-color:#525D76;font-size:14px;} BODY {font-family:Tahoma,Arial,sans-serif;color:black;background-color:white;} B {font-family:Tahoma,Arial,sans-serif;color:white;background-color:#525D76;} P {font-family:Tahoma,Arial,sans-serif;background:white;color:black;font-size:12px;}A {color : black;}A.name {color : black;}HR {color : #525D76;}--></style> </head><body><h1>HTTP Status 404 - /essoaapp/rest/userqueryservice/getUserByUserName/805846201@qq.com</h1><HR size="1" noshade="noshade"><p><b>type</b> Status report</p><p><b>message</b> <u>/essoaapp/rest/userqueryservice/getUserByUserName/805846201@qq.com</u></p><p><b>description</b> <u>The requested resource is not available.</u></p><HR size="1" noshade="noshade"><h3>Apache Tomcat/7.0.52</h3></body></html>", "time":"0.006904125213623"}

INFO - {"user":"805846201@qq.com","time":"2016-01-04 13:46:52"}
REQUEST - {"url":"http://127.0.0.1:8080/essoaapp/rest/userqueryservice/getUserByUserName/805846201@qq.com", "method":"GET", "params":"", "content-type":""}
RESPONSE - {"code":"404", "content-type":"text/html", "message":"0", "reponse":"<html><head><title>Apache Tomcat/7.0.52 - Error report</title><style><!--H1 {font-family:Tahoma,Arial,sans-serif;color:white;background-color:#525D76;font-size:22px;} H2 {font-family:Tahoma,Arial,sans-serif;color:white;background-color:#525D76;font-size:16px;} H3 {font-family:Tahoma,Arial,sans-serif;color:white;background-color:#525D76;font-size:14px;} BODY {font-family:Tahoma,Arial,sans-serif;color:black;background-color:white;} B {font-family:Tahoma,Arial,sans-serif;color:white;background-color:#525D76;} P {font-family:Tahoma,Arial,sans-serif;background:white;color:black;font-size:12px;}A {color : black;}A.name {color : black;}HR {color : #525D76;}--></style> </head><body><h1>HTTP Status 404 - /essoaapp/rest/userqueryservice/getUserByUserName/805846201@qq.com</h1><HR size="1" noshade="noshade"><p><b>type</b> Status report</p><p><b>message</b> <u>/essoaapp/rest/userqueryservice/getUserByUserName/805846201@qq.com</u></p><p><b>description</b> <u>The requested resource is not available.</u></p><HR size="1" noshade="noshade"><h3>Apache Tomcat/7.0.52</h3></body></html>", "time":"0.007573127746582"}

INFO - {"user":"805846201@qq.com","time":"2016-01-04 13:46:52"}
REQUEST - {"url":"http://127.0.0.1:8080/essoaapp/rest/userqueryservice/getUserByUserName/805846201@qq.com", "method":"GET", "params":"", "content-type":""}
RESPONSE - {"code":"404", "content-type":"text/html", "message":"0", "reponse":"<html><head><title>Apache Tomcat/7.0.52 - Error report</title><style><!--H1 {font-family:Tahoma,Arial,sans-serif;color:white;background-color:#525D76;font-size:22px;} H2 {font-family:Tahoma,Arial,sans-serif;color:white;background-color:#525D76;font-size:16px;} H3 {font-family:Tahoma,Arial,sans-serif;color:white;background-color:#525D76;font-size:14px;} BODY {font-family:Tahoma,Arial,sans-serif;color:black;background-color:white;} B {font-family:Tahoma,Arial,sans-serif;color:white;background-color:#525D76;} P {font-family:Tahoma,Arial,sans-serif;background:white;color:black;font-size:12px;}A {color : black;}A.name {color : black;}HR {color : #525D76;}--></style> </head><body><h1>HTTP Status 404 - /essoaapp/rest/userqueryservice/getUserByUserName/805846201@qq.com</h1><HR size="1" noshade="noshade"><p><b>type</b> Status report</p><p><b>message</b> <u>/essoaapp/rest/userqueryservice/getUserByUserName/805846201@qq.com</u></p><p><b>description</b> <u>The requested resource is not available.</u></p><HR size="1" noshade="noshade"><h3>Apache Tomcat/7.0.52</h3></body></html>", "time":"0.0074818134307861"}

INFO - {"user":"xwd4java@163.com","time":"2016-01-04 13:47:48"}
REQUEST - {"url":"http://127.0.0.1:8080/essoaapp/rest/userqueryservice/getUserByUserName/xwd4java@163.com", "method":"GET", "params":"", "content-type":""}
RESPONSE - {"code":"404", "content-type":"text/html", "message":"0", "reponse":"<html><head><title>Apache Tomcat/7.0.52 - Error report</title><style><!--H1 {font-family:Tahoma,Arial,sans-serif;color:white;background-color:#525D76;font-size:22px;} H2 {font-family:Tahoma,Arial,sans-serif;color:white;background-color:#525D76;font-size:16px;} H3 {font-family:Tahoma,Arial,sans-serif;color:white;background-color:#525D76;font-size:14px;} BODY {font-family:Tahoma,Arial,sans-serif;color:black;background-color:white;} B {font-family:Tahoma,Arial,sans-serif;color:white;background-color:#525D76;} P {font-family:Tahoma,Arial,sans-serif;background:white;color:black;font-size:12px;}A {color : black;}A.name {color : black;}HR {color : #525D76;}--></style> </head><body><h1>HTTP Status 404 - /essoaapp/rest/userqueryservice/getUserByUserName/xwd4java@163.com</h1><HR size="1" noshade="noshade"><p><b>type</b> Status report</p><p><b>message</b> <u>/essoaapp/rest/userqueryservice/getUserByUserName/xwd4java@163.com</u></p><p><b>description</b> <u>The requested resource is not available.</u></p><HR size="1" noshade="noshade"><h3>Apache Tomcat/7.0.52</h3></body></html>", "time":"0.011451005935669"}

INFO - {"user":"xwd4java@163.com","time":"2016-01-04 13:47:48"}
REQUEST - {"url":"http://127.0.0.1:8080/essoaapp/rest/userqueryservice/getUserByUserName/xwd4java@163.com", "method":"GET", "params":"", "content-type":""}
RESPONSE - {"code":"404", "content-type":"text/html", "message":"0", "reponse":"<html><head><title>Apache Tomcat/7.0.52 - Error report</title><style><!--H1 {font-family:Tahoma,Arial,sans-serif;color:white;background-color:#525D76;font-size:22px;} H2 {font-family:Tahoma,Arial,sans-serif;color:white;background-color:#525D76;font-size:16px;} H3 {font-family:Tahoma,Arial,sans-serif;color:white;background-color:#525D76;font-size:14px;} BODY {font-family:Tahoma,Arial,sans-serif;color:black;background-color:white;} B {font-family:Tahoma,Arial,sans-serif;color:white;background-color:#525D76;} P {font-family:Tahoma,Arial,sans-serif;background:white;color:black;font-size:12px;}A {color : black;}A.name {color : black;}HR {color : #525D76;}--></style> </head><body><h1>HTTP Status 404 - /essoaapp/rest/userqueryservice/getUserByUserName/xwd4java@163.com</h1><HR size="1" noshade="noshade"><p><b>type</b> Status report</p><p><b>message</b> <u>/essoaapp/rest/userqueryservice/getUserByUserName/xwd4java@163.com</u></p><p><b>description</b> <u>The requested resource is not available.</u></p><HR size="1" noshade="noshade"><h3>Apache Tomcat/7.0.52</h3></body></html>", "time":"0.0057599544525146"}

INFO - {"user":"xwd4java@163.com","time":"2016-01-04 13:50:21"}
REQUEST - {"url":"http://127.0.0.1:8080/essoaapp/rest/userqueryservice/getUserByUserName/xwd4java@163.com", "method":"GET", "params":"", "content-type":""}
RESPONSE - {"code":"404", "content-type":"text/html", "message":"0", "reponse":"<html><head><title>Apache Tomcat/7.0.52 - Error report</title><style><!--H1 {font-family:Tahoma,Arial,sans-serif;color:white;background-color:#525D76;font-size:22px;} H2 {font-family:Tahoma,Arial,sans-serif;color:white;background-color:#525D76;font-size:16px;} H3 {font-family:Tahoma,Arial,sans-serif;color:white;background-color:#525D76;font-size:14px;} BODY {font-family:Tahoma,Arial,sans-serif;color:black;background-color:white;} B {font-family:Tahoma,Arial,sans-serif;color:white;background-color:#525D76;} P {font-family:Tahoma,Arial,sans-serif;background:white;color:black;font-size:12px;}A {color : black;}A.name {color : black;}HR {color : #525D76;}--></style> </head><body><h1>HTTP Status 404 - /essoaapp/rest/userqueryservice/getUserByUserName/xwd4java@163.com</h1><HR size="1" noshade="noshade"><p><b>type</b> Status report</p><p><b>message</b> <u>/essoaapp/rest/userqueryservice/getUserByUserName/xwd4java@163.com</u></p><p><b>description</b> <u>The requested resource is not available.</u></p><HR size="1" noshade="noshade"><h3>Apache Tomcat/7.0.52</h3></body></html>", "time":"0.0039489269256592"}

INFO - {"user":"xwd4java@163.com","time":"2016-01-04 13:50:21"}
REQUEST - {"url":"http://127.0.0.1:8080/essoaapp/rest/userqueryservice/getUserByUserName/xwd4java@163.com", "method":"GET", "params":"", "content-type":""}
RESPONSE - {"code":"404", "content-type":"text/html", "message":"0", "reponse":"<html><head><title>Apache Tomcat/7.0.52 - Error report</title><style><!--H1 {font-family:Tahoma,Arial,sans-serif;color:white;background-color:#525D76;font-size:22px;} H2 {font-family:Tahoma,Arial,sans-serif;color:white;background-color:#525D76;font-size:16px;} H3 {font-family:Tahoma,Arial,sans-serif;color:white;background-color:#525D76;font-size:14px;} BODY {font-family:Tahoma,Arial,sans-serif;color:black;background-color:white;} B {font-family:Tahoma,Arial,sans-serif;color:white;background-color:#525D76;} P {font-family:Tahoma,Arial,sans-serif;background:white;color:black;font-size:12px;}A {color : black;}A.name {color : black;}HR {color : #525D76;}--></style> </head><body><h1>HTTP Status 404 - /essoaapp/rest/userqueryservice/getUserByUserName/xwd4java@163.com</h1><HR size="1" noshade="noshade"><p><b>type</b> Status report</p><p><b>message</b> <u>/essoaapp/rest/userqueryservice/getUserByUserName/xwd4java@163.com</u></p><p><b>description</b> <u>The requested resource is not available.</u></p><HR size="1" noshade="noshade"><h3>Apache Tomcat/7.0.52</h3></body></html>", "time":"0.0061321258544922"}

INFO - {"user":"xwd4java@163.com","time":"2016-01-04 13:56:37"}
REQUEST - {"url":"http://127.0.0.1:8080/essoaapp/rest/userqueryservice/getUserByUserName/xwd4java@163.com", "method":"GET", "params":"", "content-type":""}
RESPONSE - {"code":"404", "content-type":"text/html", "message":"0", "reponse":"<html><head><title>Apache Tomcat/7.0.52 - Error report</title><style><!--H1 {font-family:Tahoma,Arial,sans-serif;color:white;background-color:#525D76;font-size:22px;} H2 {font-family:Tahoma,Arial,sans-serif;color:white;background-color:#525D76;font-size:16px;} H3 {font-family:Tahoma,Arial,sans-serif;color:white;background-color:#525D76;font-size:14px;} BODY {font-family:Tahoma,Arial,sans-serif;color:black;background-color:white;} B {font-family:Tahoma,Arial,sans-serif;color:white;background-color:#525D76;} P {font-family:Tahoma,Arial,sans-serif;background:white;color:black;font-size:12px;}A {color : black;}A.name {color : black;}HR {color : #525D76;}--></style> </head><body><h1>HTTP Status 404 - /essoaapp/rest/userqueryservice/getUserByUserName/xwd4java@163.com</h1><HR size="1" noshade="noshade"><p><b>type</b> Status report</p><p><b>message</b> <u>/essoaapp/rest/userqueryservice/getUserByUserName/xwd4java@163.com</u></p><p><b>description</b> <u>The requested resource is not available.</u></p><HR size="1" noshade="noshade"><h3>Apache Tomcat/7.0.52</h3></body></html>", "time":"0.0028538703918457"}

INFO - {"user":"xwd4java@163.com","time":"2016-01-04 13:56:38"}
REQUEST - {"url":"http://127.0.0.1:8080/essoaapp/rest/userqueryservice/getUserByUserName/xwd4java@163.com", "method":"GET", "params":"", "content-type":""}
RESPONSE - {"code":"404", "content-type":"text/html", "message":"0", "reponse":"<html><head><title>Apache Tomcat/7.0.52 - Error report</title><style><!--H1 {font-family:Tahoma,Arial,sans-serif;color:white;background-color:#525D76;font-size:22px;} H2 {font-family:Tahoma,Arial,sans-serif;color:white;background-color:#525D76;font-size:16px;} H3 {font-family:Tahoma,Arial,sans-serif;color:white;background-color:#525D76;font-size:14px;} BODY {font-family:Tahoma,Arial,sans-serif;color:black;background-color:white;} B {font-family:Tahoma,Arial,sans-serif;color:white;background-color:#525D76;} P {font-family:Tahoma,Arial,sans-serif;background:white;color:black;font-size:12px;}A {color : black;}A.name {color : black;}HR {color : #525D76;}--></style> </head><body><h1>HTTP Status 404 - /essoaapp/rest/userqueryservice/getUserByUserName/xwd4java@163.com</h1><HR size="1" noshade="noshade"><p><b>type</b> Status report</p><p><b>message</b> <u>/essoaapp/rest/userqueryservice/getUserByUserName/xwd4java@163.com</u></p><p><b>description</b> <u>The requested resource is not available.</u></p><HR size="1" noshade="noshade"><h3>Apache Tomcat/7.0.52</h3></body></html>", "time":"0.0046207904815674"}

INFO - {"user":"xwd4java@163.com","time":"2016-01-04 14:10:33"}
REQUEST - {"url":"http://127.0.0.1:8080/essoaapp/rest/userqueryservice/getUserByUserName/xwd4java@163.com", "method":"GET", "params":"", "content-type":""}
RESPONSE - {"code":"404", "content-type":"text/html", "message":"0", "reponse":"<html><head><title>Apache Tomcat/7.0.52 - Error report</title><style><!--H1 {font-family:Tahoma,Arial,sans-serif;color:white;background-color:#525D76;font-size:22px;} H2 {font-family:Tahoma,Arial,sans-serif;color:white;background-color:#525D76;font-size:16px;} H3 {font-family:Tahoma,Arial,sans-serif;color:white;background-color:#525D76;font-size:14px;} BODY {font-family:Tahoma,Arial,sans-serif;color:black;background-color:white;} B {font-family:Tahoma,Arial,sans-serif;color:white;background-color:#525D76;} P {font-family:Tahoma,Arial,sans-serif;background:white;color:black;font-size:12px;}A {color : black;}A.name {color : black;}HR {color : #525D76;}--></style> </head><body><h1>HTTP Status 404 - /essoaapp/rest/userqueryservice/getUserByUserName/xwd4java@163.com</h1><HR size="1" noshade="noshade"><p><b>type</b> Status report</p><p><b>message</b> <u>/essoaapp/rest/userqueryservice/getUserByUserName/xwd4java@163.com</u></p><p><b>description</b> <u>The requested resource is not available.</u></p><HR size="1" noshade="noshade"><h3>Apache Tomcat/7.0.52</h3></body></html>", "time":"0.0030930042266846"}

INFO - {"user":"xwd4java@163.com","time":"2016-01-04 14:10:33"}
REQUEST - {"url":"http://127.0.0.1:8080/essoaapp/rest/userqueryservice/getUserByUserName/xwd4java@163.com", "method":"GET", "params":"", "content-type":""}
RESPONSE - {"code":"404", "content-type":"text/html", "message":"0", "reponse":"<html><head><title>Apache Tomcat/7.0.52 - Error report</title><style><!--H1 {font-family:Tahoma,Arial,sans-serif;color:white;background-color:#525D76;font-size:22px;} H2 {font-family:Tahoma,Arial,sans-serif;color:white;background-color:#525D76;font-size:16px;} H3 {font-family:Tahoma,Arial,sans-serif;color:white;background-color:#525D76;font-size:14px;} BODY {font-family:Tahoma,Arial,sans-serif;color:black;background-color:white;} B {font-family:Tahoma,Arial,sans-serif;color:white;background-color:#525D76;} P {font-family:Tahoma,Arial,sans-serif;background:white;color:black;font-size:12px;}A {color : black;}A.name {color : black;}HR {color : #525D76;}--></style> </head><body><h1>HTTP Status 404 - /essoaapp/rest/userqueryservice/getUserByUserName/xwd4java@163.com</h1><HR size="1" noshade="noshade"><p><b>type</b> Status report</p><p><b>message</b> <u>/essoaapp/rest/userqueryservice/getUserByUserName/xwd4java@163.com</u></p><p><b>description</b> <u>The requested resource is not available.</u></p><HR size="1" noshade="noshade"><h3>Apache Tomcat/7.0.52</h3></body></html>", "time":"0.0056138038635254"}

INFO - {"user":"xwd4java@163.com","time":"2016-01-04 14:12:46"}
REQUEST - {"url":"http://127.0.0.1:8080/essoaapp/rest/userqueryservice/getUserByUserName/xwd4java@163.com", "method":"GET", "params":"", "content-type":""}
RESPONSE - {"code":"404", "content-type":"text/html", "message":"0", "reponse":"<html><head><title>Apache Tomcat/7.0.52 - Error report</title><style><!--H1 {font-family:Tahoma,Arial,sans-serif;color:white;background-color:#525D76;font-size:22px;} H2 {font-family:Tahoma,Arial,sans-serif;color:white;background-color:#525D76;font-size:16px;} H3 {font-family:Tahoma,Arial,sans-serif;color:white;background-color:#525D76;font-size:14px;} BODY {font-family:Tahoma,Arial,sans-serif;color:black;background-color:white;} B {font-family:Tahoma,Arial,sans-serif;color:white;background-color:#525D76;} P {font-family:Tahoma,Arial,sans-serif;background:white;color:black;font-size:12px;}A {color : black;}A.name {color : black;}HR {color : #525D76;}--></style> </head><body><h1>HTTP Status 404 - /essoaapp/rest/userqueryservice/getUserByUserName/xwd4java@163.com</h1><HR size="1" noshade="noshade"><p><b>type</b> Status report</p><p><b>message</b> <u>/essoaapp/rest/userqueryservice/getUserByUserName/xwd4java@163.com</u></p><p><b>description</b> <u>The requested resource is not available.</u></p><HR size="1" noshade="noshade"><h3>Apache Tomcat/7.0.52</h3></body></html>", "time":"0.0030810832977295"}

INFO - {"user":"xwd4java@163.com","time":"2016-01-04 14:12:46"}
REQUEST - {"url":"http://127.0.0.1:8080/essoaapp/rest/userqueryservice/getUserByUserName/xwd4java@163.com", "method":"GET", "params":"", "content-type":""}
RESPONSE - {"code":"404", "content-type":"text/html", "message":"0", "reponse":"<html><head><title>Apache Tomcat/7.0.52 - Error report</title><style><!--H1 {font-family:Tahoma,Arial,sans-serif;color:white;background-color:#525D76;font-size:22px;} H2 {font-family:Tahoma,Arial,sans-serif;color:white;background-color:#525D76;font-size:16px;} H3 {font-family:Tahoma,Arial,sans-serif;color:white;background-color:#525D76;font-size:14px;} BODY {font-family:Tahoma,Arial,sans-serif;color:black;background-color:white;} B {font-family:Tahoma,Arial,sans-serif;color:white;background-color:#525D76;} P {font-family:Tahoma,Arial,sans-serif;background:white;color:black;font-size:12px;}A {color : black;}A.name {color : black;}HR {color : #525D76;}--></style> </head><body><h1>HTTP Status 404 - /essoaapp/rest/userqueryservice/getUserByUserName/xwd4java@163.com</h1><HR size="1" noshade="noshade"><p><b>type</b> Status report</p><p><b>message</b> <u>/essoaapp/rest/userqueryservice/getUserByUserName/xwd4java@163.com</u></p><p><b>description</b> <u>The requested resource is not available.</u></p><HR size="1" noshade="noshade"><h3>Apache Tomcat/7.0.52</h3></body></html>", "time":"0.0080759525299072"}

INFO - {"user":"xwd4java@163.com","time":"2016-01-04 14:12:49"}
REQUEST - {"url":"http://127.0.0.1:8080/onlinefile/rest/onlinefile_filesws/initClassList", "method":"POST", "params":"{"userId":"71","companyId":"32","username":"xwd4java@163.com"}", "content-type":"application/json;charset=UTF-8"}
RESPONSE - {"code":"500", "content-type":"text/html", "message":"0", "reponse":"<html><head><title>Apache Tomcat/7.0.52 - Error report</title><style><!--H1 {font-family:Tahoma,Arial,sans-serif;color:white;background-color:#525D76;font-size:22px;} H2 {font-family:Tahoma,Arial,sans-serif;color:white;background-color:#525D76;font-size:16px;} H3 {font-family:Tahoma,Arial,sans-serif;color:white;background-color:#525D76;font-size:14px;} BODY {font-family:Tahoma,Arial,sans-serif;color:black;background-color:white;} B {font-family:Tahoma,Arial,sans-serif;color:white;background-color:#525D76;} P {font-family:Tahoma,Arial,sans-serif;background:white;color:black;font-size:12px;}A {color : black;}A.name {color : black;}HR {color : #525D76;}--></style> </head><body><h1>HTTP Status 500 - com.mongodb.MongoException$Network: can't call something : /127.0.0.1:27017/company_32</h1><HR size="1" noshade="noshade"><p><b>type</b> Exception report</p><p><b>message</b> <u>com.mongodb.MongoException$Network: can't call something : /127.0.0.1:27017/company_32</u></p><p><b>description</b> <u>The server encountered an internal error that prevented it from fulfilling this request.</u></p><p><b>exception</b> <pre>org.jboss.resteasy.spi.UnhandledException: com.mongodb.MongoException$Network: can't call something : /127.0.0.1:27017/company_32
	org.jboss.resteasy.core.SynchronousDispatcher.handleApplicationException(SynchronousDispatcher.java:351)
	org.jboss.resteasy.core.SynchronousDispatcher.handleException(SynchronousDispatcher.java:220)
	org.jboss.resteasy.core.SynchronousDispatcher.handleInvokerException(SynchronousDispatcher.java:196)
	org.jboss.resteasy.core.SynchronousDispatcher.getResponse(SynchronousDispatcher.java:551)
	org.jboss.resteasy.core.SynchronousDispatcher.invoke(SynchronousDispatcher.java:513)
	org.jboss.resteasy.core.SynchronousDispatcher.invoke(SynchronousDispatcher.java:125)
	org.jboss.resteasy.plugins.server.servlet.ServletContainerDispatcher.service(ServletContainerDispatcher.java:208)
	org.jboss.resteasy.plugins.server.servlet.HttpServletDispatcher.service(HttpServletDispatcher.java:55)
	org.jboss.resteasy.plugins.server.servlet.HttpServletDispatcher.service(HttpServletDispatcher.java:50)
	javax.servlet.http.HttpServlet.service(HttpServlet.java:727)
	org.apache.tomcat.websocket.server.WsFilter.doFilter(WsFilter.java:52)
</pre></p><p><b>root cause</b> <pre>com.mongodb.MongoException$Network: can't call something : /127.0.0.1:27017/company_32
	com.mongodb.DBTCPConnector.innerCall(DBTCPConnector.java:295)
	com.mongodb.DBTCPConnector.call(DBTCPConnector.java:257)
	com.mongodb.DBApiLayer$MyCollection.__find(DBApiLayer.java:310)
	com.mongodb.DBApiLayer$MyCollection.__find(DBApiLayer.java:295)
	com.mongodb.DBCursor._check(DBCursor.java:368)
	com.mongodb.DBCursor._hasNext(DBCursor.java:459)
	com.mongodb.DBCursor.hasNext(DBCursor.java:484)
	cn.flying.rest.onlinefile.files.driver.impl.FilesDaoImpl.getNotSeeMessageCount(FilesDaoImpl.java:1722)
	cn.flying.rest.onlinefile.files.driver.impl.FilesDaoImpl.getClassExtraInfo(FilesDaoImpl.java:3929)
	sun.reflect.NativeMethodAccessorImpl.invoke0(Native Method)
	sun.reflect.NativeMethodAccessorImpl.invoke(NativeMethodAccessorImpl.java:57)
	sun.reflect.DelegatingMethodAccessorImpl.invoke(DelegatingMethodAccessorImpl.java:43)
	java.lang.reflect.Method.invoke(Method.java:606)
	org.springframework.aop.support.AopUtils.invokeJoinpointUsingReflection(AopUtils.java:318)
	org.springframework.aop.framework.ReflectiveMethodInvocation.invokeJoinpoint(ReflectiveMethodInvocation.java:183)
	org.springframework.aop.framework.ReflectiveMethodInvocation.proceed(ReflectiveMethodInvocation.java:150)
	org.springframework.transaction.interceptor.TransactionInterceptor.invoke(TransactionInterceptor.java:110)
	org.springframework.aop.framework.ReflectiveMethodInvocation.proceed(ReflectiveMethodInvocation.java:172)
	org.springframework.aop.framework.JdkDynamicAopProxy.invoke(JdkDynamicAopProxy.java:202)
	com.sun.proxy.$Proxy98.getClassExtraInfo(Unknown Source)
	cn.flying.rest.onlinefile.files.FilesWSImpl.initClassList(FilesWSImpl.java:3727)
	sun.reflect.NativeMethodAccessorImpl.invoke0(Native Method)
	sun.reflect.NativeMethodAccessorImpl.invoke(NativeMethodAccessorImpl.java:57)
	sun.reflect.DelegatingMethodAccessorImpl.invoke(DelegatingMethodAccessorImpl.java:43)
	java.lang.reflect.Method.invoke(Method.java:606)
	org.jboss.resteasy.core.MethodInjectorImpl.invoke(MethodInjectorImpl.java:167)
	org.jboss.resteasy.core.ResourceMethod.invokeOnTarget(ResourceMethod.java:257)
	org.jboss.resteasy.core.ResourceMethod.invoke(ResourceMethod.java:222)
	org.jboss.resteasy.core.ResourceMethod.invoke(ResourceMethod.java:211)
	org.jboss.resteasy.core.SynchronousDispatcher.getResponse(SynchronousDispatcher.java:536)
	org.jboss.resteasy.core.SynchronousDispatcher.invoke(SynchronousDispatcher.java:513)
	org.jboss.resteasy.core.SynchronousDispatcher.invoke(SynchronousDispatcher.java:125)
	org.jboss.resteasy.plugins.server.servlet.ServletContainerDispatcher.service(ServletContainerDispatcher.java:208)
	org.jboss.resteasy.plugins.server.servlet.HttpServletDispatcher.service(HttpServletDispatcher.java:55)
	org.jboss.resteasy.plugins.server.servlet.HttpServletDispatcher.service(HttpServletDispatcher.java:50)
	javax.servlet.http.HttpServlet.service(HttpServlet.java:727)
	org.apache.tomcat.websocket.server.WsFilter.doFilter(WsFilter.java:52)
</pre></p><p><b>root cause</b> <pre>java.io.IOException: couldn't connect to [/127.0.0.1:27017] bc:java.net.ConnectException: Connection refused: connect
	com.mongodb.DBPort._open(DBPort.java:214)
	com.mongodb.DBPort.go(DBPort.java:107)
	com.mongodb.DBPort.call(DBPort.java:74)
	com.mongodb.DBTCPConnector.innerCall(DBTCPConnector.java:286)
	com.mongodb.DBTCPConnector.call(DBTCPConnector.java:257)
	com.mongodb.DBApiLayer$MyCollection.__find(DBApiLayer.java:310)
	com.mongodb.DBApiLayer$MyCollection.__find(DBApiLayer.java:295)
	com.mongodb.DBCursor._check(DBCursor.java:368)
	com.mongodb.DBCursor._hasNext(DBCursor.java:459)
	com.mongodb.DBCursor.hasNext(DBCursor.java:484)
	cn.flying.rest.onlinefile.files.driver.impl.FilesDaoImpl.getNotSeeMessageCount(FilesDaoImpl.java:1722)
	cn.flying.rest.onlinefile.files.driver.impl.FilesDaoImpl.getClassExtraInfo(FilesDaoImpl.java:3929)
	sun.reflect.NativeMethodAccessorImpl.invoke0(Native Method)
	sun.reflect.NativeMethodAccessorImpl.invoke(NativeMethodAccessorImpl.java:57)
	sun.reflect.DelegatingMethodAccessorImpl.invoke(DelegatingMethodAccessorImpl.java:43)
	java.lang.reflect.Method.invoke(Method.java:606)
	org.springframework.aop.support.AopUtils.invokeJoinpointUsingReflection(AopUtils.java:318)
	org.springframework.aop.framework.ReflectiveMethodInvocation.invokeJoinpoint(ReflectiveMethodInvocation.java:183)
	org.springframework.aop.framework.ReflectiveMethodInvocation.proceed(ReflectiveMethodInvocation.java:150)
	org.springframework.transaction.interceptor.TransactionInterceptor.invoke(TransactionInterceptor.java:110)
	org.springframework.aop.framework.ReflectiveMethodInvocation.proceed(ReflectiveMethodInvocation.java:172)
	org.springframework.aop.framework.JdkDynamicAopProxy.invoke(JdkDynamicAopProxy.java:202)
	com.sun.proxy.$Proxy98.getClassExtraInfo(Unknown Source)
	cn.flying.rest.onlinefile.files.FilesWSImpl.initClassList(FilesWSImpl.java:3727)
	sun.reflect.NativeMethodAccessorImpl.invoke0(Native Method)
	sun.reflect.NativeMethodAccessorImpl.invoke(NativeMethodAccessorImpl.java:57)
	sun.reflect.DelegatingMethodAccessorImpl.invoke(DelegatingMethodAccessorImpl.java:43)
	java.lang.reflect.Method.invoke(Method.java:606)
	org.jboss.resteasy.core.MethodInjectorImpl.invoke(MethodInjectorImpl.java:167)
	org.jboss.resteasy.core.ResourceMethod.invokeOnTarget(ResourceMethod.java:257)
	org.jboss.resteasy.core.ResourceMethod.invoke(ResourceMethod.java:222)
	org.jboss.resteasy.core.ResourceMethod.invoke(ResourceMethod.java:211)
	org.jboss.resteasy.core.SynchronousDispatcher.getResponse(SynchronousDispatcher.java:536)
	org.jboss.resteasy.core.SynchronousDispatcher.invoke(SynchronousDispatcher.java:513)
	org.jboss.resteasy.core.SynchronousDispatcher.invoke(SynchronousDispatcher.java:125)
	org.jboss.resteasy.plugins.server.servlet.ServletContainerDispatcher.service(ServletContainerDispatcher.java:208)
	org.jboss.resteasy.plugins.server.servlet.HttpServletDispatcher.service(HttpServletDispatcher.java:55)
	org.jboss.resteasy.plugins.server.servlet.HttpServletDispatcher.service(HttpServletDispatcher.java:50)
	javax.servlet.http.HttpServlet.service(HttpServlet.java:727)
	org.apache.tomcat.websocket.server.WsFilter.doFilter(WsFilter.java:52)
</pre></p><p><b>note</b> <u>The full stack trace of the root cause is available in the Apache Tomcat/7.0.52 logs.</u></p><HR size="1" noshade="noshade"><h3>Apache Tomcat/7.0.52</h3></body></html>", "time":"2.3203530311584"}

INFO - {"user":"xwd4java@163.com","time":"2016-01-04 14:13:10"}
REQUEST - {"url":"http://127.0.0.1:8080/essoaapp/rest/userqueryservice/getUserByUserName/xwd4java@163.com", "method":"GET", "params":"", "content-type":""}
RESPONSE - {"code":"404", "content-type":"text/html", "message":"0", "reponse":"<html><head><title>Apache Tomcat/7.0.52 - Error report</title><style><!--H1 {font-family:Tahoma,Arial,sans-serif;color:white;background-color:#525D76;font-size:22px;} H2 {font-family:Tahoma,Arial,sans-serif;color:white;background-color:#525D76;font-size:16px;} H3 {font-family:Tahoma,Arial,sans-serif;color:white;background-color:#525D76;font-size:14px;} BODY {font-family:Tahoma,Arial,sans-serif;color:black;background-color:white;} B {font-family:Tahoma,Arial,sans-serif;color:white;background-color:#525D76;} P {font-family:Tahoma,Arial,sans-serif;background:white;color:black;font-size:12px;}A {color : black;}A.name {color : black;}HR {color : #525D76;}--></style> </head><body><h1>HTTP Status 404 - /essoaapp/rest/userqueryservice/getUserByUserName/xwd4java@163.com</h1><HR size="1" noshade="noshade"><p><b>type</b> Status report</p><p><b>message</b> <u>/essoaapp/rest/userqueryservice/getUserByUserName/xwd4java@163.com</u></p><p><b>description</b> <u>The requested resource is not available.</u></p><HR size="1" noshade="noshade"><h3>Apache Tomcat/7.0.52</h3></body></html>", "time":"0.032528877258301"}

INFO - {"user":"xwd4java@163.com","time":"2016-01-04 14:13:10"}
REQUEST - {"url":"http://127.0.0.1:8080/essoaapp/rest/userqueryservice/getUserByUserName/xwd4java@163.com", "method":"GET", "params":"", "content-type":""}
RESPONSE - {"code":"404", "content-type":"text/html", "message":"0", "reponse":"<html><head><title>Apache Tomcat/7.0.52 - Error report</title><style><!--H1 {font-family:Tahoma,Arial,sans-serif;color:white;background-color:#525D76;font-size:22px;} H2 {font-family:Tahoma,Arial,sans-serif;color:white;background-color:#525D76;font-size:16px;} H3 {font-family:Tahoma,Arial,sans-serif;color:white;background-color:#525D76;font-size:14px;} BODY {font-family:Tahoma,Arial,sans-serif;color:black;background-color:white;} B {font-family:Tahoma,Arial,sans-serif;color:white;background-color:#525D76;} P {font-family:Tahoma,Arial,sans-serif;background:white;color:black;font-size:12px;}A {color : black;}A.name {color : black;}HR {color : #525D76;}--></style> </head><body><h1>HTTP Status 404 - /essoaapp/rest/userqueryservice/getUserByUserName/xwd4java@163.com</h1><HR size="1" noshade="noshade"><p><b>type</b> Status report</p><p><b>message</b> <u>/essoaapp/rest/userqueryservice/getUserByUserName/xwd4java@163.com</u></p><p><b>description</b> <u>The requested resource is not available.</u></p><HR size="1" noshade="noshade"><h3>Apache Tomcat/7.0.52</h3></body></html>", "time":"0.03269100189209"}

INFO - {"user":"xwd4java@163.com","time":"2016-01-04 14:28:31"}
REQUEST - {"url":"http://127.0.0.1:8080/essoaapp/rest/userqueryservice/getUserByUserName/xwd4java@163.com", "method":"GET", "params":"", "content-type":""}
RESPONSE - {"code":"404", "content-type":"text/html", "message":"0", "reponse":"<html><head><title>Apache Tomcat/7.0.52 - Error report</title><style><!--H1 {font-family:Tahoma,Arial,sans-serif;color:white;background-color:#525D76;font-size:22px;} H2 {font-family:Tahoma,Arial,sans-serif;color:white;background-color:#525D76;font-size:16px;} H3 {font-family:Tahoma,Arial,sans-serif;color:white;background-color:#525D76;font-size:14px;} BODY {font-family:Tahoma,Arial,sans-serif;color:black;background-color:white;} B {font-family:Tahoma,Arial,sans-serif;color:white;background-color:#525D76;} P {font-family:Tahoma,Arial,sans-serif;background:white;color:black;font-size:12px;}A {color : black;}A.name {color : black;}HR {color : #525D76;}--></style> </head><body><h1>HTTP Status 404 - /essoaapp/rest/userqueryservice/getUserByUserName/xwd4java@163.com</h1><HR size="1" noshade="noshade"><p><b>type</b> Status report</p><p><b>message</b> <u>/essoaapp/rest/userqueryservice/getUserByUserName/xwd4java@163.com</u></p><p><b>description</b> <u>The requested resource is not available.</u></p><HR size="1" noshade="noshade"><h3>Apache Tomcat/7.0.52</h3></body></html>", "time":"0.0053501129150391"}

INFO - {"user":"xwd4java@163.com","time":"2016-01-04 14:28:31"}
REQUEST - {"url":"http://127.0.0.1:8080/essoaapp/rest/userqueryservice/getUserByUserName/xwd4java@163.com", "method":"GET", "params":"", "content-type":""}
RESPONSE - {"code":"404", "content-type":"text/html", "message":"0", "reponse":"<html><head><title>Apache Tomcat/7.0.52 - Error report</title><style><!--H1 {font-family:Tahoma,Arial,sans-serif;color:white;background-color:#525D76;font-size:22px;} H2 {font-family:Tahoma,Arial,sans-serif;color:white;background-color:#525D76;font-size:16px;} H3 {font-family:Tahoma,Arial,sans-serif;color:white;background-color:#525D76;font-size:14px;} BODY {font-family:Tahoma,Arial,sans-serif;color:black;background-color:white;} B {font-family:Tahoma,Arial,sans-serif;color:white;background-color:#525D76;} P {font-family:Tahoma,Arial,sans-serif;background:white;color:black;font-size:12px;}A {color : black;}A.name {color : black;}HR {color : #525D76;}--></style> </head><body><h1>HTTP Status 404 - /essoaapp/rest/userqueryservice/getUserByUserName/xwd4java@163.com</h1><HR size="1" noshade="noshade"><p><b>type</b> Status report</p><p><b>message</b> <u>/essoaapp/rest/userqueryservice/getUserByUserName/xwd4java@163.com</u></p><p><b>description</b> <u>The requested resource is not available.</u></p><HR size="1" noshade="noshade"><h3>Apache Tomcat/7.0.52</h3></body></html>", "time":"0.0071799755096436"}

INFO - {"user":"xwd4java@163.com","time":"2016-01-04 15:32:26"}
REQUEST - {"url":"http://127.0.0.1:8080/namingService/rest/namingService/findApp/0/onlinefile_emailws/onlinefile/xwd4java@163.com", "method":"GET", "params":"", "content-type":""}
RESPONSE - {"code":"-100", "content-type":"text/plain", "message":"0", "reponse":"请求超时,服务无响应", "time":"1.0269150733948"}

INFO - {"user":"xwd4java@163.com","time":"2016-01-04 15:32:27"}
REQUEST - {"url":"http://127.0.0.1:8080/namingService/rest/namingService/findApp/0/onlinefile_emailws/onlinefile/xwd4java@163.com", "method":"GET", "params":"", "content-type":""}
RESPONSE - {"code":"-100", "content-type":"text/plain", "message":"0", "reponse":"请求超时,服务无响应", "time":"1.012421131134"}

INFO - {"user":"xwd4java@163.com","time":"2016-01-04 15:45:48"}
REQUEST - {"url":"http://127.0.0.1:8080/essoaapp/rest/userqueryservice/getUserByUserName/xwd4java@163.com", "method":"GET", "params":"", "content-type":""}
RESPONSE - {"code":"404", "content-type":"text/html", "message":"0", "reponse":"<html><head><title>Apache Tomcat/7.0.52 - Error report</title><style><!--H1 {font-family:Tahoma,Arial,sans-serif;color:white;background-color:#525D76;font-size:22px;} H2 {font-family:Tahoma,Arial,sans-serif;color:white;background-color:#525D76;font-size:16px;} H3 {font-family:Tahoma,Arial,sans-serif;color:white;background-color:#525D76;font-size:14px;} BODY {font-family:Tahoma,Arial,sans-serif;color:black;background-color:white;} B {font-family:Tahoma,Arial,sans-serif;color:white;background-color:#525D76;} P {font-family:Tahoma,Arial,sans-serif;background:white;color:black;font-size:12px;}A {color : black;}A.name {color : black;}HR {color : #525D76;}--></style> </head><body><h1>HTTP Status 404 - /essoaapp/rest/userqueryservice/getUserByUserName/xwd4java@163.com</h1><HR size="1" noshade="noshade"><p><b>type</b> Status report</p><p><b>message</b> <u>/essoaapp/rest/userqueryservice/getUserByUserName/xwd4java@163.com</u></p><p><b>description</b> <u>The requested resource is not available.</u></p><HR size="1" noshade="noshade"><h3>Apache Tomcat/7.0.52</h3></body></html>", "time":"0.0017738342285156"}

INFO - {"user":"xwd4java@163.com","time":"2016-01-04 15:45:48"}
REQUEST - {"url":"http://127.0.0.1:8080/essoaapp/rest/userqueryservice/getUserByUserName/xwd4java@163.com", "method":"GET", "params":"", "content-type":""}
RESPONSE - {"code":"404", "content-type":"text/html", "message":"0", "reponse":"<html><head><title>Apache Tomcat/7.0.52 - Error report</title><style><!--H1 {font-family:Tahoma,Arial,sans-serif;color:white;background-color:#525D76;font-size:22px;} H2 {font-family:Tahoma,Arial,sans-serif;color:white;background-color:#525D76;font-size:16px;} H3 {font-family:Tahoma,Arial,sans-serif;color:white;background-color:#525D76;font-size:14px;} BODY {font-family:Tahoma,Arial,sans-serif;color:black;background-color:white;} B {font-family:Tahoma,Arial,sans-serif;color:white;background-color:#525D76;} P {font-family:Tahoma,Arial,sans-serif;background:white;color:black;font-size:12px;}A {color : black;}A.name {color : black;}HR {color : #525D76;}--></style> </head><body><h1>HTTP Status 404 - /essoaapp/rest/userqueryservice/getUserByUserName/xwd4java@163.com</h1><HR size="1" noshade="noshade"><p><b>type</b> Status report</p><p><b>message</b> <u>/essoaapp/rest/userqueryservice/getUserByUserName/xwd4java@163.com</u></p><p><b>description</b> <u>The requested resource is not available.</u></p><HR size="1" noshade="noshade"><h3>Apache Tomcat/7.0.52</h3></body></html>", "time":"0.0054380893707275"}

