INFO - {"user":"U_ANONYMOUS","time":"2015-08-31 10:32:43"}
REQUEST - {"url":"http://168.168.169.100:8080/essoaapp/rest/userqueryservice/getUserByUserName/U_ANONYMOUS", "method":"GET", "params":"", "content-type":""}
RESPONSE - {"code":"404", "content-type":"text/html", "message":"0", "reponse":"<html><head><title>Apache Tomcat/7.0.52 - Error report</title><style><!--H1 {font-family:Tahoma,Arial,sans-serif;color:white;background-color:#525D76;font-size:22px;} H2 {font-family:Tahoma,Arial,sans-serif;color:white;background-color:#525D76;font-size:16px;} H3 {font-family:Tahoma,Arial,sans-serif;color:white;background-color:#525D76;font-size:14px;} BODY {font-family:Tahoma,Arial,sans-serif;color:black;background-color:white;} B {font-family:Tahoma,Arial,sans-serif;color:white;background-color:#525D76;} P {font-family:Tahoma,Arial,sans-serif;background:white;color:black;font-size:12px;}A {color : black;}A.name {color : black;}HR {color : #525D76;}--></style> </head><body><h1>HTTP Status 404 - /essoaapp/rest/userqueryservice/getUserByUserName/U_ANONYMOUS</h1><HR size="1" noshade="noshade"><p><b>type</b> Status report</p><p><b>message</b> <u>/essoaapp/rest/userqueryservice/getUserByUserName/U_ANONYMOUS</u></p><p><b>description</b> <u>The requested resource is not available.</u></p><HR size="1" noshade="noshade"><h3>Apache Tomcat/7.0.52</h3></body></html>", "time":"0.0076301097869873"}

INFO - {"user":"U_ANONYMOUS","time":"2015-08-31 10:32:54"}
REQUEST - {"url":"http://168.168.169.100:8080/essoaapp/rest/userqueryservice/getUserByUserName/U_ANONYMOUS", "method":"GET", "params":"", "content-type":""}
RESPONSE - {"code":"404", "content-type":"text/html", "message":"0", "reponse":"<html><head><title>Apache Tomcat/7.0.52 - Error report</title><style><!--H1 {font-family:Tahoma,Arial,sans-serif;color:white;background-color:#525D76;font-size:22px;} H2 {font-family:Tahoma,Arial,sans-serif;color:white;background-color:#525D76;font-size:16px;} H3 {font-family:Tahoma,Arial,sans-serif;color:white;background-color:#525D76;font-size:14px;} BODY {font-family:Tahoma,Arial,sans-serif;color:black;background-color:white;} B {font-family:Tahoma,Arial,sans-serif;color:white;background-color:#525D76;} P {font-family:Tahoma,Arial,sans-serif;background:white;color:black;font-size:12px;}A {color : black;}A.name {color : black;}HR {color : #525D76;}--></style> </head><body><h1>HTTP Status 404 - /essoaapp/rest/userqueryservice/getUserByUserName/U_ANONYMOUS</h1><HR size="1" noshade="noshade"><p><b>type</b> Status report</p><p><b>message</b> <u>/essoaapp/rest/userqueryservice/getUserByUserName/U_ANONYMOUS</u></p><p><b>description</b> <u>The requested resource is not available.</u></p><HR size="1" noshade="noshade"><h3>Apache Tomcat/7.0.52</h3></body></html>", "time":"0.0034949779510498"}

INFO - {"user":"xwd4java@163.com","time":"2015-08-31 10:33:26"}
REQUEST - {"url":"http://168.168.169.100:8080/essoaapp/rest/userqueryservice/getUserByUserName/xwd4java@163.com", "method":"GET", "params":"", "content-type":""}
RESPONSE - {"code":"404", "content-type":"text/html", "message":"0", "reponse":"<html><head><title>Apache Tomcat/7.0.52 - Error report</title><style><!--H1 {font-family:Tahoma,Arial,sans-serif;color:white;background-color:#525D76;font-size:22px;} H2 {font-family:Tahoma,Arial,sans-serif;color:white;background-color:#525D76;font-size:16px;} H3 {font-family:Tahoma,Arial,sans-serif;color:white;background-color:#525D76;font-size:14px;} BODY {font-family:Tahoma,Arial,sans-serif;color:black;background-color:white;} B {font-family:Tahoma,Arial,sans-serif;color:white;background-color:#525D76;} P {font-family:Tahoma,Arial,sans-serif;background:white;color:black;font-size:12px;}A {color : black;}A.name {color : black;}HR {color : #525D76;}--></style> </head><body><h1>HTTP Status 404 - /essoaapp/rest/userqueryservice/getUserByUserName/xwd4java@163.com</h1><HR size="1" noshade="noshade"><p><b>type</b> Status report</p><p><b>message</b> <u>/essoaapp/rest/userqueryservice/getUserByUserName/xwd4java@163.com</u></p><p><b>description</b> <u>The requested resource is not available.</u></p><HR size="1" noshade="noshade"><h3>Apache Tomcat/7.0.52</h3></body></html>", "time":"0.0021641254425049"}

INFO - {"user":"U_ANONYMOUS","time":"2015-08-31 10:37:46"}
REQUEST - {"url":"http://168.168.169.100:8080/essoaapp/rest/userqueryservice/getUserByUserName/U_ANONYMOUS", "method":"GET", "params":"", "content-type":""}
RESPONSE - {"code":"404", "content-type":"text/html", "message":"0", "reponse":"<html><head><title>Apache Tomcat/7.0.52 - Error report</title><style><!--H1 {font-family:Tahoma,Arial,sans-serif;color:white;background-color:#525D76;font-size:22px;} H2 {font-family:Tahoma,Arial,sans-serif;color:white;background-color:#525D76;font-size:16px;} H3 {font-family:Tahoma,Arial,sans-serif;color:white;background-color:#525D76;font-size:14px;} BODY {font-family:Tahoma,Arial,sans-serif;color:black;background-color:white;} B {font-family:Tahoma,Arial,sans-serif;color:white;background-color:#525D76;} P {font-family:Tahoma,Arial,sans-serif;background:white;color:black;font-size:12px;}A {color : black;}A.name {color : black;}HR {color : #525D76;}--></style> </head><body><h1>HTTP Status 404 - /essoaapp/rest/userqueryservice/getUserByUserName/U_ANONYMOUS</h1><HR size="1" noshade="noshade"><p><b>type</b> Status report</p><p><b>message</b> <u>/essoaapp/rest/userqueryservice/getUserByUserName/U_ANONYMOUS</u></p><p><b>description</b> <u>The requested resource is not available.</u></p><HR size="1" noshade="noshade"><h3>Apache Tomcat/7.0.52</h3></body></html>", "time":"0.0037910938262939"}

INFO - {"user":"xwd4java@163.com","time":"2015-08-31 10:38:01"}
REQUEST - {"url":"http://168.168.169.100:8080/essoaapp/rest/userqueryservice/getUserByUserName/xwd4java@163.com", "method":"GET", "params":"", "content-type":""}
RESPONSE - {"code":"404", "content-type":"text/html", "message":"0", "reponse":"<html><head><title>Apache Tomcat/7.0.52 - Error report</title><style><!--H1 {font-family:Tahoma,Arial,sans-serif;color:white;background-color:#525D76;font-size:22px;} H2 {font-family:Tahoma,Arial,sans-serif;color:white;background-color:#525D76;font-size:16px;} H3 {font-family:Tahoma,Arial,sans-serif;color:white;background-color:#525D76;font-size:14px;} BODY {font-family:Tahoma,Arial,sans-serif;color:black;background-color:white;} B {font-family:Tahoma,Arial,sans-serif;color:white;background-color:#525D76;} P {font-family:Tahoma,Arial,sans-serif;background:white;color:black;font-size:12px;}A {color : black;}A.name {color : black;}HR {color : #525D76;}--></style> </head><body><h1>HTTP Status 404 - /essoaapp/rest/userqueryservice/getUserByUserName/xwd4java@163.com</h1><HR size="1" noshade="noshade"><p><b>type</b> Status report</p><p><b>message</b> <u>/essoaapp/rest/userqueryservice/getUserByUserName/xwd4java@163.com</u></p><p><b>description</b> <u>The requested resource is not available.</u></p><HR size="1" noshade="noshade"><h3>Apache Tomcat/7.0.52</h3></body></html>", "time":"0.0057220458984375"}

INFO - {"user":"U_ANONYMOUS","time":"2015-08-31 14:35:15"}
REQUEST - {"url":"http://168.168.169.100:8080/essoaapp/rest/userqueryservice/getUserByUserName/U_ANONYMOUS", "method":"GET", "params":"", "content-type":""}
RESPONSE - {"code":"404", "content-type":"text/html", "message":"0", "reponse":"<html><head><title>Apache Tomcat/7.0.52 - Error report</title><style><!--H1 {font-family:Tahoma,Arial,sans-serif;color:white;background-color:#525D76;font-size:22px;} H2 {font-family:Tahoma,Arial,sans-serif;color:white;background-color:#525D76;font-size:16px;} H3 {font-family:Tahoma,Arial,sans-serif;color:white;background-color:#525D76;font-size:14px;} BODY {font-family:Tahoma,Arial,sans-serif;color:black;background-color:white;} B {font-family:Tahoma,Arial,sans-serif;color:white;background-color:#525D76;} P {font-family:Tahoma,Arial,sans-serif;background:white;color:black;font-size:12px;}A {color : black;}A.name {color : black;}HR {color : #525D76;}--></style> </head><body><h1>HTTP Status 404 - /essoaapp/rest/userqueryservice/getUserByUserName/U_ANONYMOUS</h1><HR size="1" noshade="noshade"><p><b>type</b> Status report</p><p><b>message</b> <u>/essoaapp/rest/userqueryservice/getUserByUserName/U_ANONYMOUS</u></p><p><b>description</b> <u>The requested resource is not available.</u></p><HR size="1" noshade="noshade"><h3>Apache Tomcat/7.0.52</h3></body></html>", "time":"0.0044848918914795"}

INFO - {"user":"xwd4java@163.com","time":"2015-08-31 14:36:05"}
REQUEST - {"url":"http://168.168.169.100:8080/essoaapp/rest/userqueryservice/getUserByUserName/xwd4java@163.com", "method":"GET", "params":"", "content-type":""}
RESPONSE - {"code":"404", "content-type":"text/html", "message":"0", "reponse":"<html><head><title>Apache Tomcat/7.0.52 - Error report</title><style><!--H1 {font-family:Tahoma,Arial,sans-serif;color:white;background-color:#525D76;font-size:22px;} H2 {font-family:Tahoma,Arial,sans-serif;color:white;background-color:#525D76;font-size:16px;} H3 {font-family:Tahoma,Arial,sans-serif;color:white;background-color:#525D76;font-size:14px;} BODY {font-family:Tahoma,Arial,sans-serif;color:black;background-color:white;} B {font-family:Tahoma,Arial,sans-serif;color:white;background-color:#525D76;} P {font-family:Tahoma,Arial,sans-serif;background:white;color:black;font-size:12px;}A {color : black;}A.name {color : black;}HR {color : #525D76;}--></style> </head><body><h1>HTTP Status 404 - /essoaapp/rest/userqueryservice/getUserByUserName/xwd4java@163.com</h1><HR size="1" noshade="noshade"><p><b>type</b> Status report</p><p><b>message</b> <u>/essoaapp/rest/userqueryservice/getUserByUserName/xwd4java@163.com</u></p><p><b>description</b> <u>The requested resource is not available.</u></p><HR size="1" noshade="noshade"><h3>Apache Tomcat/7.0.52</h3></body></html>", "time":"0.005098819732666"}

INFO - {"user":"xwd4java@163.com","time":"2015-08-31 14:37:39"}
REQUEST - {"url":"http://168.168.169.100:8080/fileStoreMainServer/rest/mainFileServer/getOnlineViewUrl", "method":"POST", "params":"1-10-041d67a0294d1033b4ce08002700e04a", "content-type":"application/json;charset=UTF-8"}
RESPONSE - {"code":"500", "content-type":"text/html", "message":"0", "reponse":"<html><head><title>Apache Tomcat/7.0.52 - Error report</title><style><!--H1 {font-family:Tahoma,Arial,sans-serif;color:white;background-color:#525D76;font-size:22px;} H2 {font-family:Tahoma,Arial,sans-serif;color:white;background-color:#525D76;font-size:16px;} H3 {font-family:Tahoma,Arial,sans-serif;color:white;background-color:#525D76;font-size:14px;} BODY {font-family:Tahoma,Arial,sans-serif;color:black;background-color:white;} B {font-family:Tahoma,Arial,sans-serif;color:white;background-color:#525D76;} P {font-family:Tahoma,Arial,sans-serif;background:white;color:black;font-size:12px;}A {color : black;}A.name {color : black;}HR {color : #525D76;}--></style> </head><body><h1>HTTP Status 500 - java.lang.IndexOutOfBoundsException: Index: 0, Size: 0</h1><HR size="1" noshade="noshade"><p><b>type</b> Exception report</p><p><b>message</b> <u>java.lang.IndexOutOfBoundsException: Index: 0, Size: 0</u></p><p><b>description</b> <u>The server encountered an internal error that prevented it from fulfilling this request.</u></p><p><b>exception</b> <pre>org.jboss.resteasy.spi.UnhandledException: java.lang.IndexOutOfBoundsException: Index: 0, Size: 0
	org.jboss.resteasy.core.SynchronousDispatcher.handleApplicationException(SynchronousDispatcher.java:351)
	org.jboss.resteasy.core.SynchronousDispatcher.handleException(SynchronousDispatcher.java:220)
	org.jboss.resteasy.core.SynchronousDispatcher.handleInvokerException(SynchronousDispatcher.java:196)
	org.jboss.resteasy.core.SynchronousDispatcher.getResponse(SynchronousDispatcher.java:551)
	org.jboss.resteasy.core.SynchronousDispatcher.invoke(SynchronousDispatcher.java:513)
	org.jboss.resteasy.core.SynchronousDispatcher.invoke(SynchronousDispatcher.java:125)
	org.jboss.resteasy.plugins.server.servlet.ServletContainerDispatcher.service(ServletContainerDispatcher.java:208)
	org.jboss.resteasy.plugins.server.servlet.HttpServletDispatcher.service(HttpServletDispatcher.java:55)
	org.jboss.resteasy.plugins.server.servlet.HttpServletDispatcher.service(HttpServletDispatcher.java:50)
	javax.servlet.http.HttpServlet.service(HttpServlet.java:727)
	org.apache.tomcat.websocket.server.WsFilter.doFilter(WsFilter.java:52)
</pre></p><p><b>root cause</b> <pre>java.lang.IndexOutOfBoundsException: Index: 0, Size: 0
	java.util.ArrayList.rangeCheck(ArrayList.java:635)
	java.util.ArrayList.get(ArrayList.java:411)
	cn.flying.rest.file.impl.MainFileServerImpl.getOnlineViewUrl(MainFileServerImpl.java:584)
	sun.reflect.NativeMethodAccessorImpl.invoke0(Native Method)
	sun.reflect.NativeMethodAccessorImpl.invoke(NativeMethodAccessorImpl.java:57)
	sun.reflect.DelegatingMethodAccessorImpl.invoke(DelegatingMethodAccessorImpl.java:43)
	java.lang.reflect.Method.invoke(Method.java:606)
	org.jboss.resteasy.core.MethodInjectorImpl.invoke(MethodInjectorImpl.java:167)
	org.jboss.resteasy.core.ResourceMethod.invokeOnTarget(ResourceMethod.java:257)
	org.jboss.resteasy.core.ResourceMethod.invoke(ResourceMethod.java:222)
	org.jboss.resteasy.core.ResourceMethod.invoke(ResourceMethod.java:211)
	org.jboss.resteasy.core.SynchronousDispatcher.getResponse(SynchronousDispatcher.java:536)
	org.jboss.resteasy.core.SynchronousDispatcher.invoke(SynchronousDispatcher.java:513)
	org.jboss.resteasy.core.SynchronousDispatcher.invoke(SynchronousDispatcher.java:125)
	org.jboss.resteasy.plugins.server.servlet.ServletContainerDispatcher.service(ServletContainerDispatcher.java:208)
	org.jboss.resteasy.plugins.server.servlet.HttpServletDispatcher.service(HttpServletDispatcher.java:55)
	org.jboss.resteasy.plugins.server.servlet.HttpServletDispatcher.service(HttpServletDispatcher.java:50)
	javax.servlet.http.HttpServlet.service(HttpServlet.java:727)
	org.apache.tomcat.websocket.server.WsFilter.doFilter(WsFilter.java:52)
</pre></p><p><b>note</b> <u>The full stack trace of the root cause is available in the Apache Tomcat/7.0.52 logs.</u></p><HR size="1" noshade="noshade"><h3>Apache Tomcat/7.0.52</h3></body></html>", "time":"1.0612008571625"}

INFO - {"user":"xwd4java@163.com","time":"2015-08-31 14:37:48"}
REQUEST - {"url":"http://168.168.169.100:8080/fileStoreMainServer/rest/mainFileServer/getOnlineViewUrl", "method":"POST", "params":"1-10-041d67a0294d1033b4ce08002700e04a", "content-type":"application/json;charset=UTF-8"}
RESPONSE - {"code":"500", "content-type":"text/html", "message":"0", "reponse":"<html><head><title>Apache Tomcat/7.0.52 - Error report</title><style><!--H1 {font-family:Tahoma,Arial,sans-serif;color:white;background-color:#525D76;font-size:22px;} H2 {font-family:Tahoma,Arial,sans-serif;color:white;background-color:#525D76;font-size:16px;} H3 {font-family:Tahoma,Arial,sans-serif;color:white;background-color:#525D76;font-size:14px;} BODY {font-family:Tahoma,Arial,sans-serif;color:black;background-color:white;} B {font-family:Tahoma,Arial,sans-serif;color:white;background-color:#525D76;} P {font-family:Tahoma,Arial,sans-serif;background:white;color:black;font-size:12px;}A {color : black;}A.name {color : black;}HR {color : #525D76;}--></style> </head><body><h1>HTTP Status 500 - java.lang.IndexOutOfBoundsException: Index: 0, Size: 0</h1><HR size="1" noshade="noshade"><p><b>type</b> Exception report</p><p><b>message</b> <u>java.lang.IndexOutOfBoundsException: Index: 0, Size: 0</u></p><p><b>description</b> <u>The server encountered an internal error that prevented it from fulfilling this request.</u></p><p><b>exception</b> <pre>org.jboss.resteasy.spi.UnhandledException: java.lang.IndexOutOfBoundsException: Index: 0, Size: 0
	org.jboss.resteasy.core.SynchronousDispatcher.handleApplicationException(SynchronousDispatcher.java:351)
	org.jboss.resteasy.core.SynchronousDispatcher.handleException(SynchronousDispatcher.java:220)
	org.jboss.resteasy.core.SynchronousDispatcher.handleInvokerException(SynchronousDispatcher.java:196)
	org.jboss.resteasy.core.SynchronousDispatcher.getResponse(SynchronousDispatcher.java:551)
	org.jboss.resteasy.core.SynchronousDispatcher.invoke(SynchronousDispatcher.java:513)
	org.jboss.resteasy.core.SynchronousDispatcher.invoke(SynchronousDispatcher.java:125)
	org.jboss.resteasy.plugins.server.servlet.ServletContainerDispatcher.service(ServletContainerDispatcher.java:208)
	org.jboss.resteasy.plugins.server.servlet.HttpServletDispatcher.service(HttpServletDispatcher.java:55)
	org.jboss.resteasy.plugins.server.servlet.HttpServletDispatcher.service(HttpServletDispatcher.java:50)
	javax.servlet.http.HttpServlet.service(HttpServlet.java:727)
	org.apache.tomcat.websocket.server.WsFilter.doFilter(WsFilter.java:52)
</pre></p><p><b>root cause</b> <pre>java.lang.IndexOutOfBoundsException: Index: 0, Size: 0
	java.util.ArrayList.rangeCheck(ArrayList.java:635)
	java.util.ArrayList.get(ArrayList.java:411)
	cn.flying.rest.file.impl.MainFileServerImpl.getOnlineViewUrl(MainFileServerImpl.java:584)
	sun.reflect.NativeMethodAccessorImpl.invoke0(Native Method)
	sun.reflect.NativeMethodAccessorImpl.invoke(NativeMethodAccessorImpl.java:57)
	sun.reflect.DelegatingMethodAccessorImpl.invoke(DelegatingMethodAccessorImpl.java:43)
	java.lang.reflect.Method.invoke(Method.java:606)
	org.jboss.resteasy.core.MethodInjectorImpl.invoke(MethodInjectorImpl.java:167)
	org.jboss.resteasy.core.ResourceMethod.invokeOnTarget(ResourceMethod.java:257)
	org.jboss.resteasy.core.ResourceMethod.invoke(ResourceMethod.java:222)
	org.jboss.resteasy.core.ResourceMethod.invoke(ResourceMethod.java:211)
	org.jboss.resteasy.core.SynchronousDispatcher.getResponse(SynchronousDispatcher.java:536)
	org.jboss.resteasy.core.SynchronousDispatcher.invoke(SynchronousDispatcher.java:513)
	org.jboss.resteasy.core.SynchronousDispatcher.invoke(SynchronousDispatcher.java:125)
	org.jboss.resteasy.plugins.server.servlet.ServletContainerDispatcher.service(ServletContainerDispatcher.java:208)
	org.jboss.resteasy.plugins.server.servlet.HttpServletDispatcher.service(HttpServletDispatcher.java:55)
	org.jboss.resteasy.plugins.server.servlet.HttpServletDispatcher.service(HttpServletDispatcher.java:50)
	javax.servlet.http.HttpServlet.service(HttpServlet.java:727)
	org.apache.tomcat.websocket.server.WsFilter.doFilter(WsFilter.java:52)
</pre></p><p><b>note</b> <u>The full stack trace of the root cause is available in the Apache Tomcat/7.0.52 logs.</u></p><HR size="1" noshade="noshade"><h3>Apache Tomcat/7.0.52</h3></body></html>", "time":"0.016462087631226"}

INFO - {"user":"xwd4java@163.com","time":"2015-08-31 15:09:19"}
REQUEST - {"url":"http://168.168.169.100:8080/essoaapp/rest/userqueryservice/getUserByUserName/xwd4java@163.com", "method":"GET", "params":"", "content-type":""}
RESPONSE - {"code":"404", "content-type":"text/html", "message":"0", "reponse":"<html><head><title>Apache Tomcat/7.0.52 - Error report</title><style><!--H1 {font-family:Tahoma,Arial,sans-serif;color:white;background-color:#525D76;font-size:22px;} H2 {font-family:Tahoma,Arial,sans-serif;color:white;background-color:#525D76;font-size:16px;} H3 {font-family:Tahoma,Arial,sans-serif;color:white;background-color:#525D76;font-size:14px;} BODY {font-family:Tahoma,Arial,sans-serif;color:black;background-color:white;} B {font-family:Tahoma,Arial,sans-serif;color:white;background-color:#525D76;} P {font-family:Tahoma,Arial,sans-serif;background:white;color:black;font-size:12px;}A {color : black;}A.name {color : black;}HR {color : #525D76;}--></style> </head><body><h1>HTTP Status 404 - /essoaapp/rest/userqueryservice/getUserByUserName/xwd4java@163.com</h1><HR size="1" noshade="noshade"><p><b>type</b> Status report</p><p><b>message</b> <u>/essoaapp/rest/userqueryservice/getUserByUserName/xwd4java@163.com</u></p><p><b>description</b> <u>The requested resource is not available.</u></p><HR size="1" noshade="noshade"><h3>Apache Tomcat/7.0.52</h3></body></html>", "time":"0.015712976455688"}

