INFO - {"user":"xwd4java@163.com","time":"2015-08-07 09:59:33"}
REQUEST - {"url":"http://127.0.0.1:8080/onlinefile/rest/onlinefileuser/openUrl", "method":"POST", "params":"{"classId":null,"groupid":null,"username":"xwd4java@163.com","ip":"127.0.0.1","ipandport":"127.0.0.1","companyId":"32"}", "content-type":"application/json;charset=UTF-8"}
RESPONSE - {"code":"500", "content-type":"text/html", "message":"0", "reponse":"<html><head><title>Apache Tomcat/7.0.52 - Error report</title><style><!--H1 {font-family:Tahoma,Arial,sans-serif;color:white;background-color:#525D76;font-size:22px;} H2 {font-family:Tahoma,Arial,sans-serif;color:white;background-color:#525D76;font-size:16px;} H3 {font-family:Tahoma,Arial,sans-serif;color:white;background-color:#525D76;font-size:14px;} BODY {font-family:Tahoma,Arial,sans-serif;color:black;background-color:white;} B {font-family:Tahoma,Arial,sans-serif;color:white;background-color:#525D76;} P {font-family:Tahoma,Arial,sans-serif;background:white;color:black;font-size:12px;}A {color : black;}A.name {color : black;}HR {color : #525D76;}--></style> </head><body><h1>HTTP Status 500 - java.lang.NullPointerException</h1><HR size="1" noshade="noshade"><p><b>type</b> Exception report</p><p><b>message</b> <u>java.lang.NullPointerException</u></p><p><b>description</b> <u>The server encountered an internal error that prevented it from fulfilling this request.</u></p><p><b>exception</b> <pre>org.jboss.resteasy.spi.UnhandledException: java.lang.NullPointerException
	org.jboss.resteasy.core.SynchronousDispatcher.handleApplicationException(SynchronousDispatcher.java:351)
	org.jboss.resteasy.core.SynchronousDispatcher.handleException(SynchronousDispatcher.java:220)
	org.jboss.resteasy.core.SynchronousDispatcher.handleInvokerException(SynchronousDispatcher.java:196)
	org.jboss.resteasy.core.SynchronousDispatcher.getResponse(SynchronousDispatcher.java:551)
	org.jboss.resteasy.core.SynchronousDispatcher.invoke(SynchronousDispatcher.java:513)
	org.jboss.resteasy.core.SynchronousDispatcher.invoke(SynchronousDispatcher.java:125)
	org.jboss.resteasy.plugins.server.servlet.ServletContainerDispatcher.service(ServletContainerDispatcher.java:208)
	org.jboss.resteasy.plugins.server.servlet.HttpServletDispatcher.service(HttpServletDispatcher.java:55)
	org.jboss.resteasy.plugins.server.servlet.HttpServletDispatcher.service(HttpServletDispatcher.java:50)
	javax.servlet.http.HttpServlet.service(HttpServlet.java:727)
	org.apache.tomcat.websocket.server.WsFilter.doFilter(WsFilter.java:52)
</pre></p><p><b>root cause</b> <pre>java.lang.NullPointerException
	java.net.URLEncoder.encode(URLEncoder.java:205)
	cn.flying.rest.onlinefile.users.service.impl.UserWSImpl.openUrl(UserWSImpl.java:1219)
	sun.reflect.NativeMethodAccessorImpl.invoke0(Native Method)
	sun.reflect.NativeMethodAccessorImpl.invoke(NativeMethodAccessorImpl.java:57)
	sun.reflect.DelegatingMethodAccessorImpl.invoke(DelegatingMethodAccessorImpl.java:43)
	java.lang.reflect.Method.invoke(Method.java:606)
	org.jboss.resteasy.core.MethodInjectorImpl.invoke(MethodInjectorImpl.java:167)
	org.jboss.resteasy.core.ResourceMethod.invokeOnTarget(ResourceMethod.java:257)
	org.jboss.resteasy.core.ResourceMethod.invoke(ResourceMethod.java:222)
	org.jboss.resteasy.core.ResourceMethod.invoke(ResourceMethod.java:211)
	org.jboss.resteasy.core.SynchronousDispatcher.getResponse(SynchronousDispatcher.java:536)
	org.jboss.resteasy.core.SynchronousDispatcher.invoke(SynchronousDispatcher.java:513)
	org.jboss.resteasy.core.SynchronousDispatcher.invoke(SynchronousDispatcher.java:125)
	org.jboss.resteasy.plugins.server.servlet.ServletContainerDispatcher.service(ServletContainerDispatcher.java:208)
	org.jboss.resteasy.plugins.server.servlet.HttpServletDispatcher.service(HttpServletDispatcher.java:55)
	org.jboss.resteasy.plugins.server.servlet.HttpServletDispatcher.service(HttpServletDispatcher.java:50)
	javax.servlet.http.HttpServlet.service(HttpServlet.java:727)
	org.apache.tomcat.websocket.server.WsFilter.doFilter(WsFilter.java:52)
</pre></p><p><b>note</b> <u>The full stack trace of the root cause is available in the Apache Tomcat/7.0.52 logs.</u></p><HR size="1" noshade="noshade"><h3>Apache Tomcat/7.0.52</h3></body></html>", "time":"0.074688911437988"}

INFO - {"user":"U_ANONYMOUS","time":"2015-08-07 20:27:54"}
REQUEST - {"url":"http://127.0.0.1:8080/namingService/rest/namingService/findApp/0/userqueryservice/np000/U_ANONYMOUS", "method":"GET", "params":"", "content-type":""}
RESPONSE - {"code":"-100", "content-type":"text/plain", "message":"0", "reponse":"请求超时,服务无响应", "time":"1.0043008327484"}

INFO - {"user":"U_ANONYMOUS","time":"2015-08-07 20:28:08"}
REQUEST - {"url":"http://127.0.0.1:8080/namingService/rest/namingService/findApp/0/userqueryservice/np000/U_ANONYMOUS", "method":"GET", "params":"", "content-type":""}
RESPONSE - {"code":"-100", "content-type":"text/plain", "message":"0", "reponse":"请求超时,服务无响应", "time":"1.021831035614"}

INFO - {"user":"U_ANONYMOUS","time":"2015-08-07 20:28:17"}
REQUEST - {"url":"http://127.0.0.1:8080/namingService/rest/namingService/findApp/0/userqueryservice/np000/U_ANONYMOUS", "method":"GET", "params":"", "content-type":""}
RESPONSE - {"code":"-100", "content-type":"text/plain", "message":"0", "reponse":"请求超时,服务无响应", "time":"1.0028269290924"}

INFO - {"user":"U_ANONYMOUS","time":"2015-08-07 20:30:26"}
REQUEST - {"url":"http://127.0.0.1:8080/namingService/rest/namingService/findApp/0/userqueryservice/np000/U_ANONYMOUS", "method":"GET", "params":"", "content-type":""}
RESPONSE - {"code":"-100", "content-type":"text/plain", "message":"0", "reponse":"请求超时,服务无响应", "time":"1.0005049705505"}

INFO - {"user":"U_ANONYMOUS","time":"2015-08-07 20:30:32"}
REQUEST - {"url":"http://127.0.0.1:8080/namingService/rest/namingService/findApp/0/userqueryservice/np000/U_ANONYMOUS", "method":"GET", "params":"", "content-type":""}
RESPONSE - {"code":"-100", "content-type":"text/plain", "message":"0", "reponse":"请求超时,服务无响应", "time":"1.009064912796"}

INFO - {"user":"U_ANONYMOUS","time":"2015-08-07 23:11:14"}
REQUEST - {"url":"http://127.0.0.1:8080/namingService/rest/namingService/findApp/0/userqueryservice/np000/U_ANONYMOUS", "method":"GET", "params":"", "content-type":""}
RESPONSE - {"code":"-100", "content-type":"text/plain", "message":"0", "reponse":"请求超时,服务无响应", "time":"1.004222869873"}

INFO - {"user":"U_ANONYMOUS","time":"2015-08-07 23:16:21"}
REQUEST - {"url":"http://127.0.0.1:8080/namingService/rest/namingService/findApp/0/userqueryservice/np000/U_ANONYMOUS", "method":"GET", "params":"", "content-type":""}
RESPONSE - {"code":"-100", "content-type":"text/plain", "message":"0", "reponse":"请求超时,服务无响应", "time":"1.0006489753723"}

INFO - {"user":"U_ANONYMOUS","time":"2015-08-07 23:22:08"}
REQUEST - {"url":"http://127.0.0.1:8080/namingService/rest/namingService/findApp/0/userqueryservice/np000/U_ANONYMOUS", "method":"GET", "params":"", "content-type":""}
RESPONSE - {"code":"-100", "content-type":"text/plain", "message":"0", "reponse":"请求超时,服务无响应", "time":"1.012913942337"}

INFO - {"user":"U_ANONYMOUS","time":"2015-08-07 23:22:19"}
REQUEST - {"url":"http://127.0.0.1:8080/namingService/rest/namingService/findApp/0/userqueryservice/np000/U_ANONYMOUS", "method":"GET", "params":"", "content-type":""}
RESPONSE - {"code":"-100", "content-type":"text/plain", "message":"0", "reponse":"请求超时,服务无响应", "time":"1.0022709369659"}

INFO - {"user":"U_ANONYMOUS","time":"2015-08-07 23:24:02"}
REQUEST - {"url":"http://127.0.0.1:8080/namingService/rest/namingService/findApp/0/userqueryservice/np000/U_ANONYMOUS", "method":"GET", "params":"", "content-type":""}
RESPONSE - {"code":"-100", "content-type":"text/plain", "message":"0", "reponse":"请求超时,服务无响应", "time":"1.0023219585419"}

INFO - {"user":"U_ANONYMOUS","time":"2015-08-07 23:26:57"}
REQUEST - {"url":"http://127.0.0.1:8080/namingService/rest/namingService/findApp/0/userqueryservice/np000/U_ANONYMOUS", "method":"GET", "params":"", "content-type":""}
RESPONSE - {"code":"-100", "content-type":"text/plain", "message":"0", "reponse":"请求超时,服务无响应", "time":"1.0032088756561"}

